Log file open, 09/18/19 10:52:10
LogWindows: Failed to load 'aqProf.dll' (GetLastError=126)
LogWindows: File 'aqProf.dll' does not exist
LogWindows: Failed to load 'VtuneApi.dll' (GetLastError=126)
LogWindows: File 'VtuneApi.dll' does not exist
LogWindows: Failed to load 'VtuneApi32e.dll' (GetLastError=126)
LogWindows: File 'VtuneApi32e.dll' does not exist
LogConsoleResponse: Display: Failed to find resolution value strings in scalability ini. Falling back to default.
LogInit: Display: Running engine for game: Project_GunzBlazing
LogPakFile: Registered encryption key '00000000000000000000000000000000': 0 pak files mounted, 0 remain pending
LogPlatformFile: Not using cached read wrapper
LogTaskGraph: Started task graph with 5 named threads and 35 total threads with 3 sets of task threads.
LogStats: Stats thread started at 0.400457
LogD3D11RHI: Loaded GFSDK_Aftermath_Lib.x64.dll
LogICUInternationalization: ICU TimeZone Detection - Raw Offset: -6:00, Platform Override: ''
LogPluginManager: Mounting plugin Paper2D
LogPluginManager: Mounting plugin AISupport
LogPluginManager: Mounting plugin LightPropagationVolume
LogPluginManager: Mounting plugin ActorLayerUtilities
LogPluginManager: Mounting plugin AnimationSharing
LogPluginManager: Mounting plugin CLionSourceCodeAccess
LogPluginManager: Mounting plugin CodeLiteSourceCodeAccess
LogPluginManager: Mounting plugin GitSourceControl
LogPluginManager: Mounting plugin KDevelopSourceCodeAccess
LogPluginManager: Mounting plugin NullSourceCodeAccess
LogPluginManager: Mounting plugin PerforceSourceControl
LogPluginManager: Mounting plugin SubversionSourceControl
LogPluginManager: Mounting plugin UObjectPlugin
LogPluginManager: Mounting plugin VisualStudioCodeSourceCodeAccess
LogPluginManager: Mounting plugin VisualStudioSourceCodeAccess
LogPluginManager: Mounting plugin XCodeSourceCodeAccess
LogPluginManager: Mounting plugin AssetManagerEditor
LogPluginManager: Mounting plugin CryptoKeys
LogPluginManager: Mounting plugin DataValidation
LogPluginManager: Mounting plugin EditorScriptingUtilities
LogPluginManager: Mounting plugin FacialAnimation
LogPluginManager: Mounting plugin GameplayTagsEditor
LogPluginManager: Mounting plugin GLTFImporter
LogPluginManager: Mounting plugin MacGraphicsSwitching
LogPluginManager: Mounting plugin MaterialAnalyzer
LogPluginManager: Mounting plugin MeshEditor
LogPluginManager: Mounting plugin MobileLauncherProfileWizard
LogPluginManager: Mounting plugin PluginBrowser
LogPluginManager: Mounting plugin SpeedTreeImporter
LogPluginManager: Mounting plugin DatasmithContent
LogPluginManager: Mounting plugin VariantManagerContent
LogPluginManager: Mounting plugin AlembicImporter
LogPluginManager: Mounting plugin AppleImageUtils
LogPluginManager: Mounting plugin AppleVision
LogPluginManager: Mounting plugin BackChannel
LogPluginManager: Mounting plugin BlastPlugin
LogPluginManager: Mounting plugin ChaosSolverPlugin
LogPluginManager: Mounting plugin CharacterAI
LogPluginManager: Mounting plugin GeometryCache
LogPluginManager: Mounting plugin GeometryCollectionPlugin
LogPluginManager: Mounting plugin HTML5Networking
LogPluginManager: Mounting plugin ProxyLODPlugin
LogPluginManager: Mounting plugin SkeletalReduction
LogPluginManager: Mounting plugin MagicLeap
LogPluginManager: Mounting plugin MagicLeapMedia
LogPluginManager: Mounting plugin AndroidMedia
LogPluginManager: Mounting plugin AvfMedia
LogPluginManager: Mounting plugin ImgMedia
LogPluginManager: Mounting plugin LinearTimecode
LogPluginManager: Mounting plugin MediaCompositing
LogPluginManager: Mounting plugin MediaPlayerEditor
LogPluginManager: Mounting plugin WebMMedia
LogPluginManager: Mounting plugin WmfMedia
LogPluginManager: Mounting plugin TcpMessaging
LogPluginManager: Mounting plugin UdpMessaging
LogPluginManager: Mounting plugin ActorSequence
LogPluginManager: Mounting plugin LevelSequenceEditor
LogPluginManager: Mounting plugin MatineeToLevelSequence
LogPluginManager: Mounting plugin NetcodeUnitTest
LogPluginManager: Mounting plugin NUTUnrealEngine4
LogPluginManager: Mounting plugin OnlineSubsystemGooglePlay
LogPluginManager: Mounting plugin OnlineSubsystemIOS
LogPluginManager: Mounting plugin OnlineSubsystem
LogPluginManager: Mounting plugin OnlineSubsystemNull
LogPluginManager: Mounting plugin OnlineSubsystemUtils
LogPluginManager: Mounting plugin LauncherChunkInstaller
LogPluginManager: Mounting plugin AndroidDeviceProfileSelector
LogPluginManager: Mounting plugin AndroidMoviePlayer
LogPluginManager: Mounting plugin AndroidPermission
LogPluginManager: Mounting plugin AppleMoviePlayer
LogPluginManager: Mounting plugin ArchVisCharacter
LogPluginManager: Mounting plugin AudioCapture
LogPluginManager: Mounting plugin CableComponent
LogPluginManager: Mounting plugin CustomMeshComponent
LogPluginManager: Mounting plugin EditableMesh
LogPluginManager: Mounting plugin ExampleDeviceProfileSelector
LogPluginManager: Mounting plugin Firebase
LogPluginManager: Mounting plugin GoogleCloudMessaging
LogPluginManager: Mounting plugin IOSDeviceProfileSelector
LogPluginManager: Mounting plugin LinuxDeviceProfileSelector
LogPluginManager: Mounting plugin LocationServicesBPLibrary
LogPluginManager: Mounting plugin MobilePatchingUtils
LogPluginManager: Mounting plugin OculusVR
LogPluginManager: Mounting plugin PhysXVehicles
LogPluginManager: Mounting plugin ProceduralMeshComponent
LogPluginManager: Mounting plugin RuntimePhysXCooking
LogPluginManager: Mounting plugin SignificanceManager
LogPluginManager: Mounting plugin SteamVR
LogPluginManager: Mounting plugin WebMMoviePlayer
LogPluginManager: Mounting plugin WindowsMoviePlayer
LogPluginManager: Mounting plugin DatasmithCADImporter
LogPluginManager: Mounting plugin DatasmithDataPrepEditor
LogPluginManager: Mounting plugin DatasmithFBXImporter
LogPluginManager: Mounting plugin DatasmithGLTFImporter
LogPluginManager: Mounting plugin DatasmithImporter
LogPluginManager: Mounting plugin MDLImporter
LogPluginManager: Mounting plugin StaticMeshEditorExtension
LogPluginManager: Mounting plugin VariantManager
LogInit: Using libcurl 7.55.1-DEV
LogInit:  - built for x86_64-pc-win32
LogInit:  - supports SSL with OpenSSL/1.1.1
LogInit:  - supports HTTP deflate (compression) using libz 1.2.8
LogInit:  - other features:
LogInit:      CURL_VERSION_SSL
LogInit:      CURL_VERSION_LIBZ
LogInit:      CURL_VERSION_IPV6
LogInit:      CURL_VERSION_ASYNCHDNS
LogInit:      CURL_VERSION_LARGEFILE
LogInit:      CURL_VERSION_IDN
LogInit:  CurlRequestOptions (configurable via config and command line):
LogInit:  - bVerifyPeer = true  - Libcurl will verify peer certificate
LogInit:  - bUseHttpProxy = false  - Libcurl will NOT use HTTP proxy
LogInit:  - bDontReuseConnections = false  - Libcurl will reuse connections
LogInit:  - MaxHostConnections = 16  - Libcurl will limit the number of connections to a host
LogInit:  - LocalHostAddr = Default
LogInit:  - BufferSize = 65536
LogInit: WinSock: version 1.1 (2.2), MaxSocks=32767, MaxUdp=65467
LogInit: Build: ++UE4+Release-4.22-CL-7053642
LogInit: Engine Version: 4.22.3-7053642+++UE4+Release-4.22
LogInit: Compatible Engine Version: 4.22.0-5660361+++UE4+Release-4.22
LogInit: Net CL: 5660361
LogInit: OS: Windows 10 (Release 1809) (), CPU: Intel(R) Core(TM) i7-8700K CPU @ 3.70GHz, GPU: Intel(R) UHD Graphics 630
LogInit: Compiled (64-bit): Jun 18 2019 03:09:11
LogInit: Compiled with Visual C++: 19.16.27025.01
LogInit: Build Configuration: Development
LogInit: Branch Name: ++UE4+Release-4.22
LogInit: Command Line: 
LogInit: Base Directory: C:/Program Files/Epic Games/UE_4.22/Engine/Binaries/Win64/
LogInit: Installed Engine Build: 1
LogDevObjectVersion: Number of dev versions registered: 23
LogDevObjectVersion:   Dev-Blueprints (B0D832E4-1F89-4F0D-ACCF-7EB736FD4AA2): 10
LogDevObjectVersion:   Dev-Build (E1C64328-A22C-4D53-A36C-8E866417BD8C): 0
LogDevObjectVersion:   Dev-Core (375EC13C-06E4-48FB-B500-84F0262A717E): 3
LogDevObjectVersion:   Dev-Editor (E4B068ED-F494-42E9-A231-DA0B2E46BB41): 30
LogDevObjectVersion:   Dev-Framework (CFFC743F-43B0-4480-9391-14DF171D2073): 35
LogDevObjectVersion:   Dev-Mobile (B02B49B5-BB20-44E9-A304-32B752E40360): 2
LogDevObjectVersion:   Dev-Networking (A4E4105C-59A1-49B5-A7C5-40C4547EDFEE): 0
LogDevObjectVersion:   Dev-Online (39C831C9-5AE6-47DC-9A44-9C173E1C8E7C): 0
LogDevObjectVersion:   Dev-Physics (78F01B33-EBEA-4F98-B9B4-84EACCB95AA2): 0
LogDevObjectVersion:   Dev-Platform (6631380F-2D4D-43E0-8009-CF276956A95A): 0
LogDevObjectVersion:   Dev-Rendering (12F88B9F-8875-4AFC-A67C-D90C383ABD29): 28
LogDevObjectVersion:   Dev-Sequencer (7B5AE74C-D270-4C10-A958-57980B212A5A): 11
LogDevObjectVersion:   Dev-VR (D7296918-1DD6-4BDD-9DE2-64A83CC13884): 2
LogDevObjectVersion:   Dev-LoadTimes (C2A15278-BFE7-4AFE-6C17-90FF531DF755): 1
LogDevObjectVersion:   Private-Geometry (6EACA3D4-40EC-4CC1-B786-8BED09428FC5): 3
LogDevObjectVersion:   Dev-AnimPhys (29E575DD-E0A3-4627-9D10-D276232CDCEA): 17
LogDevObjectVersion:   Dev-Anim (AF43A65D-7FD3-4947-9873-3E8ED9C1BB05): 2
LogDevObjectVersion:   Dev-ReflectionCapture (6B266CEC-1EC7-4B8F-A30B-E4D90942FC07): 1
LogDevObjectVersion:   Dev-Automation (0DF73D61-A23F-47EA-B727-89E90C41499A): 1
LogDevObjectVersion:   FortniteMain (601D1886-AC64-4F84-AA16-D3DE0DEAC7D6): 25
LogDevObjectVersion:   Dev-Enterprise (9DFFBCD6-494F-0158-E221-12823C92A888): 6
LogDevObjectVersion:   Dev-Niagara (F2AED0AC-9AFE-416F-8664-AA7FFA26D6FC): 1
LogDevObjectVersion:   Dev-Destruction (174F1F0B-B4C6-45A5-B13F-2EE8D0FB917D): 2
LogInit: Presizing for max 16777216 objects, including 0 objects not considered by GC, pre-allocating 0 bytes for permanent pool.
LogInit: Object subsystem initialized
LogConfig: Setting CVar [[con.DebugEarlyDefault:1]]
LogConfig: Setting CVar [[r.setres:1280x720]]
[2019.09.18-15.52.11:237][  0]LogConfig: Setting CVar [[r.VSync:0]]
[2019.09.18-15.52.11:237][  0]LogConfig: Setting CVar [[r.RHICmdBypass:0]]
[2019.09.18-15.52.11:237][  0]LogConfig: Applying CVar settings from Section [/Script/Engine.RendererSettings] File [D:/AlbionG/uh/Project_GunzBlazing/Saved/Config/Windows/Engine.ini]
[2019.09.18-15.52.11:237][  0]LogConfig: Setting CVar [[r.GPUCrashDebugging:0]]
[2019.09.18-15.52.11:237][  0]LogConfig: Applying CVar settings from Section [/Script/Engine.RendererOverrideSettings] File [D:/AlbionG/uh/Project_GunzBlazing/Saved/Config/Windows/Engine.ini]
[2019.09.18-15.52.11:237][  0]LogConfig: Applying CVar settings from Section [/Script/Engine.StreamingSettings] File [D:/AlbionG/uh/Project_GunzBlazing/Saved/Config/Windows/Engine.ini]
[2019.09.18-15.52.11:237][  0]LogConfig: Setting CVar [[s.MinBulkDataSizeForAsyncLoading:131072]]
[2019.09.18-15.52.11:238][  0]LogConfig: Setting CVar [[s.AsyncLoadingThreadEnabled:0]]
[2019.09.18-15.52.11:238][  0]LogConfig: Setting CVar [[s.EventDrivenLoaderEnabled:1]]
[2019.09.18-15.52.11:238][  0]LogConfig: Setting CVar [[s.WarnIfTimeLimitExceeded:0]]
[2019.09.18-15.52.11:238][  0]LogConfig: Setting CVar [[s.TimeLimitExceededMultiplier:1.5]]
[2019.09.18-15.52.11:238][  0]LogConfig: Setting CVar [[s.TimeLimitExceededMinTime:0.005]]
[2019.09.18-15.52.11:238][  0]LogConfig: Setting CVar [[s.UseBackgroundLevelStreaming:1]]
[2019.09.18-15.52.11:238][  0]LogConfig: Setting CVar [[s.PriorityAsyncLoadingExtraTime:15.0]]
[2019.09.18-15.52.11:238][  0]LogConfig: Setting CVar [[s.LevelStreamingActorsUpdateTimeLimit:5.0]]
[2019.09.18-15.52.11:238][  0]LogConfig: Setting CVar [[s.PriorityLevelStreamingActorsUpdateExtraTime:5.0]]
[2019.09.18-15.52.11:238][  0]LogConfig: Setting CVar [[s.LevelStreamingComponentsRegistrationGranularity:10]]
[2019.09.18-15.52.11:238][  0]LogConfig: Setting CVar [[s.UnregisterComponentsTimeLimit:1.0]]
[2019.09.18-15.52.11:238][  0]LogConfig: Setting CVar [[s.LevelStreamingComponentsUnregistrationGranularity:5]]
[2019.09.18-15.52.11:238][  0]LogConfig: Applying CVar settings from Section [/Script/Engine.GarbageCollectionSettings] File [D:/AlbionG/uh/Project_GunzBlazing/Saved/Config/Windows/Engine.ini]
[2019.09.18-15.52.11:238][  0]LogConfig: Setting CVar [[gc.MaxObjectsNotConsideredByGC:1]]
[2019.09.18-15.52.11:238][  0]LogConfig: Setting CVar [[gc.SizeOfPermanentObjectPool:0]]
[2019.09.18-15.52.11:238][  0]LogConfig: Setting CVar [[gc.FlushStreamingOnGC:0]]
[2019.09.18-15.52.11:238][  0]LogConfig: Setting CVar [[gc.NumRetriesBeforeForcingGC:10]]
[2019.09.18-15.52.11:238][  0]LogConfig: Setting CVar [[gc.AllowParallelGC:1]]
[2019.09.18-15.52.11:238][  0]LogConfig: Setting CVar [[gc.TimeBetweenPurgingPendingKillObjects:61.1]]
[2019.09.18-15.52.11:238][  0]LogConfig: Setting CVar [[gc.MaxObjectsInEditor:16777216]]
[2019.09.18-15.52.11:238][  0]LogConfig: Setting CVar [[gc.IncrementalBeginDestroyEnabled:1]]
[2019.09.18-15.52.11:238][  0]LogConfig: Setting CVar [[gc.CreateGCClusters:1]]
[2019.09.18-15.52.11:238][  0]LogConfig: Setting CVar [[gc.MinGCClusterSize:5]]
[2019.09.18-15.52.11:238][  0]LogConfig: Setting CVar [[gc.ActorClusteringEnabled:0]]
[2019.09.18-15.52.11:238][  0]LogConfig: Setting CVar [[gc.BlueprintClusteringEnabled:0]]
[2019.09.18-15.52.11:238][  0]LogConfig: Setting CVar [[gc.UseDisregardForGCOnDedicatedServers:0]]
[2019.09.18-15.52.11:238][  0]LogConfig: Applying CVar settings from Section [/Script/Engine.NetworkSettings] File [D:/AlbionG/uh/Project_GunzBlazing/Saved/Config/Windows/Engine.ini]
[2019.09.18-15.52.11:238][  0]LogConfig: Applying CVar settings from Section [/Script/UnrealEd.CookerSettings] File [D:/AlbionG/uh/Project_GunzBlazing/Saved/Config/Windows/Engine.ini]
[2019.09.18-15.52.11:241][  0]LogConfig: Applying CVar settings from Section [ViewDistanceQuality@3] File [D:/AlbionG/uh/Project_GunzBlazing/Saved/Config/Windows/Scalability.ini]
[2019.09.18-15.52.11:241][  0]LogConfig: Setting CVar [[r.SkeletalMeshLODBias:0]]
[2019.09.18-15.52.11:241][  0]LogConfig: Setting CVar [[r.ViewDistanceScale:1.0]]
[2019.09.18-15.52.11:241][  0]LogConfig: Applying CVar settings from Section [AntiAliasingQuality@3] File [D:/AlbionG/uh/Project_GunzBlazing/Saved/Config/Windows/Scalability.ini]
[2019.09.18-15.52.11:241][  0]LogConfig: Setting CVar [[r.PostProcessAAQuality:4]]
[2019.09.18-15.52.11:241][  0]LogConfig: Applying CVar settings from Section [ShadowQuality@3] File [D:/AlbionG/uh/Project_GunzBlazing/Saved/Config/Windows/Scalability.ini]
[2019.09.18-15.52.11:241][  0]LogConfig: Setting CVar [[r.LightFunctionQuality:1]]
[2019.09.18-15.52.11:241][  0]LogConfig: Setting CVar [[r.ShadowQuality:5]]
[2019.09.18-15.52.11:241][  0]LogConfig: Setting CVar [[r.Shadow.CSM.MaxCascades:10]]
[2019.09.18-15.52.11:241][  0]LogConfig: Setting CVar [[r.Shadow.MaxResolution:2048]]
[2019.09.18-15.52.11:241][  0]LogConfig: Setting CVar [[r.Shadow.MaxCSMResolution:2048]]
[2019.09.18-15.52.11:241][  0]LogConfig: Setting CVar [[r.Shadow.RadiusThreshold:0.01]]
[2019.09.18-15.52.11:241][  0]LogConfig: Setting CVar [[r.Shadow.DistanceScale:1.0]]
[2019.09.18-15.52.11:241][  0]LogConfig: Setting CVar [[r.Shadow.CSM.TransitionScale:1.0]]
[2019.09.18-15.52.11:241][  0]LogConfig: Setting CVar [[r.Shadow.PreShadowResolutionFactor:1.0]]
[2019.09.18-15.52.11:241][  0]LogConfig: Setting CVar [[r.DistanceFieldShadowing:1]]
[2019.09.18-15.52.11:241][  0]LogConfig: Setting CVar [[r.DistanceFieldAO:1]]
[2019.09.18-15.52.11:241][  0]LogConfig: Setting CVar [[r.AOQuality:2]]
[2019.09.18-15.52.11:241][  0]LogConfig: Setting CVar [[r.VolumetricFog:1]]
[2019.09.18-15.52.11:241][  0]LogConfig: Setting CVar [[r.VolumetricFog.GridPixelSize:8]]
[2019.09.18-15.52.11:241][  0]LogConfig: Setting CVar [[r.VolumetricFog.GridSizeZ:128]]
[2019.09.18-15.52.11:241][  0]LogConfig: Setting CVar [[r.VolumetricFog.HistoryMissSupersampleCount:4]]
[2019.09.18-15.52.11:241][  0]LogConfig: Setting CVar [[r.LightMaxDrawDistanceScale:1]]
[2019.09.18-15.52.11:241][  0]LogConfig: Setting CVar [[r.CapsuleShadows:1]]
[2019.09.18-15.52.11:241][  0]LogConfig: Applying CVar settings from Section [PostProcessQuality@3] File [D:/AlbionG/uh/Project_GunzBlazing/Saved/Config/Windows/Scalability.ini]
[2019.09.18-15.52.11:241][  0]LogConfig: Setting CVar [[r.MotionBlurQuality:4]]
[2019.09.18-15.52.11:241][  0]LogConfig: Setting CVar [[r.AmbientOcclusionMipLevelFactor:0.4]]
[2019.09.18-15.52.11:241][  0]LogConfig: Setting CVar [[r.AmbientOcclusionMaxQuality:100]]
[2019.09.18-15.52.11:241][  0]LogConfig: Setting CVar [[r.AmbientOcclusionLevels:-1]]
[2019.09.18-15.52.11:241][  0]LogConfig: Setting CVar [[r.AmbientOcclusionRadiusScale:1.0]]
[2019.09.18-15.52.11:241][  0]LogConfig: Setting CVar [[r.DepthOfFieldQuality:2]]
[2019.09.18-15.52.11:241][  0]LogConfig: Setting CVar [[r.RenderTargetPoolMin:400]]
[2019.09.18-15.52.11:241][  0]LogConfig: Setting CVar [[r.LensFlareQuality:2]]
[2019.09.18-15.52.11:241][  0]LogConfig: Setting CVar [[r.SceneColorFringeQuality:1]]
[2019.09.18-15.52.11:241][  0]LogConfig: Setting CVar [[r.EyeAdaptationQuality:2]]
[2019.09.18-15.52.11:241][  0]LogConfig: Setting CVar [[r.BloomQuality:5]]
[2019.09.18-15.52.11:241][  0]LogConfig: Setting CVar [[r.FastBlurThreshold:100]]
[2019.09.18-15.52.11:241][  0]LogConfig: Setting CVar [[r.Upscale.Quality:3]]
[2019.09.18-15.52.11:241][  0]LogConfig: Setting CVar [[r.Tonemapper.GrainQuantization:1]]
[2019.09.18-15.52.11:241][  0]LogConfig: Setting CVar [[r.LightShaftQuality:1]]
[2019.09.18-15.52.11:241][  0]LogConfig: Setting CVar [[r.Filter.SizeScale:1]]
[2019.09.18-15.52.11:241][  0]LogConfig: Setting CVar [[r.Tonemapper.Quality:5]]
[2019.09.18-15.52.11:241][  0]LogConfig: Setting CVar [[r.DOF.Gather.AccumulatorQuality:1        ; higher gathering accumulator quality]]
[2019.09.18-15.52.11:241][  0]LogConfig: Setting CVar [[r.DOF.Gather.PostfilterMethod:1          ; Median3x3 postfilering method]]
[2019.09.18-15.52.11:241][  0]LogConfig: Setting CVar [[r.DOF.Gather.EnableBokehSettings:0       ; no bokeh simulation when gathering]]
[2019.09.18-15.52.11:241][  0]LogConfig: Setting CVar [[r.DOF.Gather.RingCount:4                 ; medium number of samples when gathering]]
[2019.09.18-15.52.11:241][  0]LogConfig: Setting CVar [[r.DOF.Scatter.ForegroundCompositing:1    ; additive foreground scattering]]
[2019.09.18-15.52.11:241][  0]LogConfig: Setting CVar [[r.DOF.Scatter.BackgroundCompositing:2    ; additive background scattering]]
[2019.09.18-15.52.11:241][  0]LogConfig: Setting CVar [[r.DOF.Scatter.EnableBokehSettings:1      ; bokeh simulation when scattering]]
[2019.09.18-15.52.11:241][  0]LogConfig: Setting CVar [[r.DOF.Scatter.MaxSpriteRatio:0.1         ; only a maximum of 10% of scattered bokeh]]
[2019.09.18-15.52.11:241][  0]LogConfig: Setting CVar [[r.DOF.Recombine.Quality:1                ; cheap slight out of focus]]
[2019.09.18-15.52.11:241][  0]LogConfig: Setting CVar [[r.DOF.Recombine.EnableBokehSettings:0    ; no bokeh simulation on slight out of focus]]
[2019.09.18-15.52.11:241][  0]LogConfig: Setting CVar [[r.DOF.TemporalAAQuality:1                ; more stable temporal accumulation]]
[2019.09.18-15.52.11:241][  0]LogConfig: Setting CVar [[r.DOF.Kernel.MaxForegroundRadius:0.025]]
[2019.09.18-15.52.11:241][  0]LogConfig: Setting CVar [[r.DOF.Kernel.MaxBackgroundRadius:0.025]]
[2019.09.18-15.52.11:241][  0]LogConfig: Applying CVar settings from Section [TextureQuality@3] File [D:/AlbionG/uh/Project_GunzBlazing/Saved/Config/Windows/Scalability.ini]
[2019.09.18-15.52.11:241][  0]LogConfig: Setting CVar [[r.Streaming.MipBias:0]]
[2019.09.18-15.52.11:241][  0]LogConfig: Setting CVar [[r.Streaming.AmortizeCPUToGPUCopy:0]]
[2019.09.18-15.52.11:241][  0]LogConfig: Setting CVar [[r.Streaming.MaxNumTexturesToStreamPerFrame:0]]
[2019.09.18-15.52.11:241][  0]LogConfig: Setting CVar [[r.Streaming.Boost:1]]
[2019.09.18-15.52.11:241][  0]LogConfig: Setting CVar [[r.MaxAnisotropy:8]]
[2019.09.18-15.52.11:241][  0]LogConfig: Setting CVar [[r.Streaming.LimitPoolSizeToVRAM:0]]
[2019.09.18-15.52.11:241][  0]LogConfig: Setting CVar [[r.Streaming.PoolSize:1000]]
[2019.09.18-15.52.11:241][  0]LogConfig: Setting CVar [[r.Streaming.MaxEffectiveScreenSize:0]]
[2019.09.18-15.52.11:241][  0]LogConfig: Applying CVar settings from Section [EffectsQuality@3] File [D:/AlbionG/uh/Project_GunzBlazing/Saved/Config/Windows/Scalability.ini]
[2019.09.18-15.52.11:241][  0]LogConfig: Setting CVar [[r.TranslucencyLightingVolumeDim:64]]
[2019.09.18-15.52.11:241][  0]LogConfig: Setting CVar [[r.RefractionQuality:2]]
[2019.09.18-15.52.11:241][  0]LogConfig: Setting CVar [[r.SSR.Quality:3]]
[2019.09.18-15.52.11:241][  0]LogConfig: Setting CVar [[r.SceneColorFormat:4]]
[2019.09.18-15.52.11:241][  0]LogConfig: Setting CVar [[r.DetailMode:2]]
[2019.09.18-15.52.11:241][  0]LogConfig: Setting CVar [[r.TranslucencyVolumeBlur:1]]
[2019.09.18-15.52.11:241][  0]LogConfig: Setting CVar [[r.MaterialQualityLevel:1 ; High quality]]
[2019.09.18-15.52.11:241][  0]LogConfig: Setting CVar [[r.SSS.Scale:1]]
[2019.09.18-15.52.11:242][  0]LogConfig: Setting CVar [[r.SSS.SampleSet:2]]
[2019.09.18-15.52.11:242][  0]LogConfig: Setting CVar [[r.SSS.Quality:1]]
[2019.09.18-15.52.11:242][  0]LogConfig: Setting CVar [[r.SSS.HalfRes:1]]
[2019.09.18-15.52.11:242][  0]LogConfig: Setting CVar [[r.EmitterSpawnRateScale:1.0]]
[2019.09.18-15.52.11:242][  0]LogConfig: Setting CVar [[r.ParticleLightQuality:2]]
[2019.09.18-15.52.11:242][  0]LogConfig: Applying CVar settings from Section [FoliageQuality@3] File [D:/AlbionG/uh/Project_GunzBlazing/Saved/Config/Windows/Scalability.ini]
[2019.09.18-15.52.11:242][  0]LogConfig: Setting CVar [[foliage.DensityScale:1.0]]
[2019.09.18-15.52.11:242][  0]LogConfig: Setting CVar [[grass.DensityScale:1.0]]
[2019.09.18-15.52.11:242][  0]LogInit: Selected Device Profile: [Windows]
[2019.09.18-15.52.11:242][  0]LogInit: Applying CVar settings loaded from the selected device profile: [Windows]
[2019.09.18-15.52.11:253][  0]LogHAL: Display: Platform has ~ 32 GB [34187210752 / 34359738368 / 32], which maps to Largest [LargestMinGB=32, LargerMinGB=12, DefaultMinGB=8, SmallerMinGB=6, SmallestMinGB=0)
[2019.09.18-15.52.11:253][  0]LogConfig: Setting CVar [[r.Vulkan.UseRealUBs:0		; Required until we fix HLR fall-out]]
[2019.09.18-15.52.11:253][  0]LogInit: Going up to parent DeviceProfile []
[2019.09.18-15.52.11:253][  0]LogConfig: Applying CVar settings from Section [ViewDistanceQuality@3] File [D:/AlbionG/uh/Project_GunzBlazing/Saved/Config/Windows/Scalability.ini]
[2019.09.18-15.52.11:253][  0]LogConfig: Setting CVar [[r.SkeletalMeshLODBias:0]]
[2019.09.18-15.52.11:253][  0]LogConfig: Setting CVar [[r.ViewDistanceScale:1.0]]
[2019.09.18-15.52.11:253][  0]LogConfig: Applying CVar settings from Section [AntiAliasingQuality@3] File [D:/AlbionG/uh/Project_GunzBlazing/Saved/Config/Windows/Scalability.ini]
[2019.09.18-15.52.11:253][  0]LogConfig: Setting CVar [[r.PostProcessAAQuality:4]]
[2019.09.18-15.52.11:253][  0]LogConfig: Applying CVar settings from Section [ShadowQuality@3] File [D:/AlbionG/uh/Project_GunzBlazing/Saved/Config/Windows/Scalability.ini]
[2019.09.18-15.52.11:253][  0]LogConfig: Setting CVar [[r.LightFunctionQuality:1]]
[2019.09.18-15.52.11:253][  0]LogConfig: Setting CVar [[r.ShadowQuality:5]]
[2019.09.18-15.52.11:253][  0]LogConfig: Setting CVar [[r.Shadow.CSM.MaxCascades:10]]
[2019.09.18-15.52.11:253][  0]LogConfig: Setting CVar [[r.Shadow.MaxResolution:2048]]
[2019.09.18-15.52.11:254][  0]LogConfig: Setting CVar [[r.Shadow.MaxCSMResolution:2048]]
[2019.09.18-15.52.11:254][  0]LogConfig: Setting CVar [[r.Shadow.RadiusThreshold:0.01]]
[2019.09.18-15.52.11:254][  0]LogConfig: Setting CVar [[r.Shadow.DistanceScale:1.0]]
[2019.09.18-15.52.11:254][  0]LogConfig: Setting CVar [[r.Shadow.CSM.TransitionScale:1.0]]
[2019.09.18-15.52.11:254][  0]LogConfig: Setting CVar [[r.Shadow.PreShadowResolutionFactor:1.0]]
[2019.09.18-15.52.11:254][  0]LogConfig: Setting CVar [[r.DistanceFieldShadowing:1]]
[2019.09.18-15.52.11:254][  0]LogConfig: Setting CVar [[r.DistanceFieldAO:1]]
[2019.09.18-15.52.11:254][  0]LogConfig: Setting CVar [[r.AOQuality:2]]
[2019.09.18-15.52.11:254][  0]LogConfig: Setting CVar [[r.VolumetricFog:1]]
[2019.09.18-15.52.11:254][  0]LogConfig: Setting CVar [[r.VolumetricFog.GridPixelSize:8]]
[2019.09.18-15.52.11:254][  0]LogConfig: Setting CVar [[r.VolumetricFog.GridSizeZ:128]]
[2019.09.18-15.52.11:254][  0]LogConfig: Setting CVar [[r.VolumetricFog.HistoryMissSupersampleCount:4]]
[2019.09.18-15.52.11:254][  0]LogConfig: Setting CVar [[r.LightMaxDrawDistanceScale:1]]
[2019.09.18-15.52.11:254][  0]LogConfig: Setting CVar [[r.CapsuleShadows:1]]
[2019.09.18-15.52.11:254][  0]LogConfig: Applying CVar settings from Section [PostProcessQuality@3] File [D:/AlbionG/uh/Project_GunzBlazing/Saved/Config/Windows/Scalability.ini]
[2019.09.18-15.52.11:254][  0]LogConfig: Setting CVar [[r.MotionBlurQuality:4]]
[2019.09.18-15.52.11:254][  0]LogConfig: Setting CVar [[r.AmbientOcclusionMipLevelFactor:0.4]]
[2019.09.18-15.52.11:254][  0]LogConfig: Setting CVar [[r.AmbientOcclusionMaxQuality:100]]
[2019.09.18-15.52.11:254][  0]LogConfig: Setting CVar [[r.AmbientOcclusionLevels:-1]]
[2019.09.18-15.52.11:254][  0]LogConfig: Setting CVar [[r.AmbientOcclusionRadiusScale:1.0]]
[2019.09.18-15.52.11:254][  0]LogConfig: Setting CVar [[r.DepthOfFieldQuality:2]]
[2019.09.18-15.52.11:254][  0]LogConfig: Setting CVar [[r.RenderTargetPoolMin:400]]
[2019.09.18-15.52.11:254][  0]LogConfig: Setting CVar [[r.LensFlareQuality:2]]
[2019.09.18-15.52.11:254][  0]LogConfig: Setting CVar [[r.SceneColorFringeQuality:1]]
[2019.09.18-15.52.11:254][  0]LogConfig: Setting CVar [[r.EyeAdaptationQuality:2]]
[2019.09.18-15.52.11:254][  0]LogConfig: Setting CVar [[r.BloomQuality:5]]
[2019.09.18-15.52.11:254][  0]LogConfig: Setting CVar [[r.FastBlurThreshold:100]]
[2019.09.18-15.52.11:254][  0]LogConfig: Setting CVar [[r.Upscale.Quality:3]]
[2019.09.18-15.52.11:254][  0]LogConfig: Setting CVar [[r.Tonemapper.GrainQuantization:1]]
[2019.09.18-15.52.11:254][  0]LogConfig: Setting CVar [[r.LightShaftQuality:1]]
[2019.09.18-15.52.11:254][  0]LogConfig: Setting CVar [[r.Filter.SizeScale:1]]
[2019.09.18-15.52.11:254][  0]LogConfig: Setting CVar [[r.Tonemapper.Quality:5]]
[2019.09.18-15.52.11:254][  0]LogConfig: Setting CVar [[r.DOF.Gather.AccumulatorQuality:1        ; higher gathering accumulator quality]]
[2019.09.18-15.52.11:254][  0]LogConfig: Setting CVar [[r.DOF.Gather.PostfilterMethod:1          ; Median3x3 postfilering method]]
[2019.09.18-15.52.11:254][  0]LogConfig: Setting CVar [[r.DOF.Gather.EnableBokehSettings:0       ; no bokeh simulation when gathering]]
[2019.09.18-15.52.11:254][  0]LogConfig: Setting CVar [[r.DOF.Gather.RingCount:4                 ; medium number of samples when gathering]]
[2019.09.18-15.52.11:254][  0]LogConfig: Setting CVar [[r.DOF.Scatter.ForegroundCompositing:1    ; additive foreground scattering]]
[2019.09.18-15.52.11:254][  0]LogConfig: Setting CVar [[r.DOF.Scatter.BackgroundCompositing:2    ; additive background scattering]]
[2019.09.18-15.52.11:254][  0]LogConfig: Setting CVar [[r.DOF.Scatter.EnableBokehSettings:1      ; bokeh simulation when scattering]]
[2019.09.18-15.52.11:254][  0]LogConfig: Setting CVar [[r.DOF.Scatter.MaxSpriteRatio:0.1         ; only a maximum of 10% of scattered bokeh]]
[2019.09.18-15.52.11:254][  0]LogConfig: Setting CVar [[r.DOF.Recombine.Quality:1                ; cheap slight out of focus]]
[2019.09.18-15.52.11:254][  0]LogConfig: Setting CVar [[r.DOF.Recombine.EnableBokehSettings:0    ; no bokeh simulation on slight out of focus]]
[2019.09.18-15.52.11:254][  0]LogConfig: Setting CVar [[r.DOF.TemporalAAQuality:1                ; more stable temporal accumulation]]
[2019.09.18-15.52.11:254][  0]LogConfig: Setting CVar [[r.DOF.Kernel.MaxForegroundRadius:0.025]]
[2019.09.18-15.52.11:254][  0]LogConfig: Setting CVar [[r.DOF.Kernel.MaxBackgroundRadius:0.025]]
[2019.09.18-15.52.11:254][  0]LogConfig: Applying CVar settings from Section [TextureQuality@3] File [D:/AlbionG/uh/Project_GunzBlazing/Saved/Config/Windows/Scalability.ini]
[2019.09.18-15.52.11:254][  0]LogConfig: Setting CVar [[r.Streaming.MipBias:0]]
[2019.09.18-15.52.11:254][  0]LogConfig: Setting CVar [[r.Streaming.AmortizeCPUToGPUCopy:0]]
[2019.09.18-15.52.11:254][  0]LogConfig: Setting CVar [[r.Streaming.MaxNumTexturesToStreamPerFrame:0]]
[2019.09.18-15.52.11:254][  0]LogConfig: Setting CVar [[r.Streaming.Boost:1]]
[2019.09.18-15.52.11:254][  0]LogConfig: Setting CVar [[r.MaxAnisotropy:8]]
[2019.09.18-15.52.11:254][  0]LogConfig: Setting CVar [[r.Streaming.LimitPoolSizeToVRAM:0]]
[2019.09.18-15.52.11:254][  0]LogConfig: Setting CVar [[r.Streaming.PoolSize:1000]]
[2019.09.18-15.52.11:254][  0]LogConfig: Setting CVar [[r.Streaming.MaxEffectiveScreenSize:0]]
[2019.09.18-15.52.11:254][  0]LogConfig: Applying CVar settings from Section [EffectsQuality@3] File [D:/AlbionG/uh/Project_GunzBlazing/Saved/Config/Windows/Scalability.ini]
[2019.09.18-15.52.11:254][  0]LogConfig: Setting CVar [[r.TranslucencyLightingVolumeDim:64]]
[2019.09.18-15.52.11:254][  0]LogConfig: Setting CVar [[r.RefractionQuality:2]]
[2019.09.18-15.52.11:254][  0]LogConfig: Setting CVar [[r.SSR.Quality:3]]
[2019.09.18-15.52.11:254][  0]LogConfig: Setting CVar [[r.SceneColorFormat:4]]
[2019.09.18-15.52.11:254][  0]LogConfig: Setting CVar [[r.DetailMode:2]]
[2019.09.18-15.52.11:254][  0]LogConfig: Setting CVar [[r.TranslucencyVolumeBlur:1]]
[2019.09.18-15.52.11:254][  0]LogConfig: Setting CVar [[r.MaterialQualityLevel:1 ; High quality]]
[2019.09.18-15.52.11:254][  0]LogConfig: Setting CVar [[r.SSS.Scale:1]]
[2019.09.18-15.52.11:254][  0]LogConfig: Setting CVar [[r.SSS.SampleSet:2]]
[2019.09.18-15.52.11:254][  0]LogConfig: Setting CVar [[r.SSS.Quality:1]]
[2019.09.18-15.52.11:254][  0]LogConfig: Setting CVar [[r.SSS.HalfRes:1]]
[2019.09.18-15.52.11:254][  0]LogConfig: Setting CVar [[r.EmitterSpawnRateScale:1.0]]
[2019.09.18-15.52.11:254][  0]LogConfig: Setting CVar [[r.ParticleLightQuality:2]]
[2019.09.18-15.52.11:254][  0]LogConfig: Applying CVar settings from Section [FoliageQuality@3] File [D:/AlbionG/uh/Project_GunzBlazing/Saved/Config/Windows/Scalability.ini]
[2019.09.18-15.52.11:254][  0]LogConfig: Setting CVar [[foliage.DensityScale:1.0]]
[2019.09.18-15.52.11:254][  0]LogConfig: Setting CVar [[grass.DensityScale:1.0]]
[2019.09.18-15.52.11:254][  0]LogConfig: Applying CVar settings from Section [Startup] File [../../../Engine/Config/ConsoleVariables.ini]
[2019.09.18-15.52.11:255][  0]LogConfig: Setting CVar [[net.UseAdaptiveNetUpdateFrequency:0]]
[2019.09.18-15.52.11:255][  0]LogConfig: Setting CVar [[p.chaos.AllowCreatePhysxBodies:1]]
[2019.09.18-15.52.11:255][  0]LogConfig: Applying CVar settings from Section [ConsoleVariables] File [D:/AlbionG/uh/Project_GunzBlazing/Saved/Config/Windows/Engine.ini]
[2019.09.18-15.52.11:255][  0]LogInit: Computer: 27-D224
[2019.09.18-15.52.11:255][  0]LogInit: User: 27D224
[2019.09.18-15.52.11:255][  0]LogInit: CPU Page size=4096, Cores=6
[2019.09.18-15.52.11:255][  0]LogInit: High frequency timer resolution =10.000000 MHz
[2019.09.18-15.52.11:255][  0]LogMemory: Memory total: Physical=31.8GB (32GB approx)
[2019.09.18-15.52.11:255][  0]LogMemory: Platform Memory Stats for Windows
[2019.09.18-15.52.11:255][  0]LogMemory: Process Physical Memory: 98.30 MB used, 98.30 MB peak
[2019.09.18-15.52.11:255][  0]LogMemory: Process Virtual Memory: 89.59 MB used, 89.59 MB peak
[2019.09.18-15.52.11:255][  0]LogMemory: Physical Memory: 6150.08 MB used,  26453.38 MB free, 32603.46 MB total
[2019.09.18-15.52.11:255][  0]LogMemory: Virtual Memory: 4674.63 MB used,  134213056.00 MB free, 134217728.00 MB total
[2019.09.18-15.52.11:340][  0]LogInit: Using OS detected language (en-US).
[2019.09.18-15.52.11:340][  0]LogInit: Using OS detected locale (en-US).
[2019.09.18-15.52.11:340][  0]LogTextLocalizationManager: No specific localization for 'en-US' exists, so the 'en' localization will be used.
[2019.09.18-15.52.11:489][  0]LogInit: Setting process to per monitor DPI aware
[2019.09.18-15.52.11:517][  0]LogSlate: New Slate User Created.  User Index 0, Is Virtual User: 0
[2019.09.18-15.52.11:517][  0]LogSlate: Slate User Registered.  User Index 0, Is Virtual User: 0
[2019.09.18-15.52.12:667][  0]LogHMD: Failed to initialize OpenVR with code 110
[2019.09.18-15.52.12:667][  0]LogD3D11RHI: D3D11 adapters:
[2019.09.18-15.52.12:683][  0]LogD3D11RHI:    0. 'Intel(R) UHD Graphics 630' (Feature Level 11_0)
[2019.09.18-15.52.12:683][  0]LogD3D11RHI:       128/0/16301 MB DedicatedVideo/DedicatedSystem/SharedSystem, Outputs:1, VendorId:0x8086
[2019.09.18-15.52.12:684][  0]LogD3D11RHI:    1. 'Microsoft Basic Render Driver' (Feature Level 11_0)
[2019.09.18-15.52.12:684][  0]LogD3D11RHI:       0/0/16301 MB DedicatedVideo/DedicatedSystem/SharedSystem, Outputs:0, VendorId:0x1414
[2019.09.18-15.52.12:684][  0]LogD3D11RHI: Chosen D3D11 Adapter: 0
[2019.09.18-15.52.12:687][  0]LogD3D11RHI: Creating new Direct3DDevice
[2019.09.18-15.52.12:688][  0]LogD3D11RHI:     GPU DeviceId: 0x3e92 (for the marketing name, search the web for "GPU Device Id")
[2019.09.18-15.52.12:688][  0]LogWindows: EnumDisplayDevices:
[2019.09.18-15.52.12:688][  0]LogWindows:    0. 'Intel(R) UHD Graphics 630' (P:1 D:1)
[2019.09.18-15.52.12:688][  0]LogWindows:    1. 'Intel(R) UHD Graphics 630' (P:0 D:0)
[2019.09.18-15.52.12:688][  0]LogWindows:    2. 'Intel(R) UHD Graphics 630' (P:0 D:0)
[2019.09.18-15.52.12:688][  0]LogWindows: DebugString: FoundDriverCount:3 
[2019.09.18-15.52.12:688][  0]LogD3D11RHI:     Adapter Name: Intel(R) UHD Graphics 630
[2019.09.18-15.52.12:688][  0]LogD3D11RHI:   Driver Version: 25.20.100.6617 (internal:25.20.100.6617, unified:25.20.100.6617)
[2019.09.18-15.52.12:688][  0]LogD3D11RHI:      Driver Date: 3-8-2019
[2019.09.18-15.52.12:688][  0]LogRHI: Texture pool is 1523 MB (70% of 2176 MB)
[2019.09.18-15.52.12:702][  0]LogD3D11RHI: Async texture creation enabled
[2019.09.18-15.52.12:705][  0]LogRendererCore: FGlobalReadBuffer::InitRHI
[2019.09.18-15.52.12:705][  0]LogRendererCore: FGlobalReadBuffer::InitRHI
[2019.09.18-15.52.12:705][  0]LogRendererCore: FGlobalReadBuffer::InitRHI
[2019.09.18-15.52.12:706][  0]LogD3D11RHI: GPU Timing Frequency: 12.000048 (Debug: 2 0)
[2019.09.18-15.52.12:961][  0]LogTemp: Display: Module 'AllDesktopTargetPlatform' loaded TargetPlatform 'AllDesktop'
[2019.09.18-15.52.12:971][  0]LogTemp: Display: Module 'MacClientTargetPlatform' loaded TargetPlatform 'MacClient'
[2019.09.18-15.52.12:981][  0]LogTemp: Display: Module 'MacNoEditorTargetPlatform' loaded TargetPlatform 'MacNoEditor'
[2019.09.18-15.52.12:991][  0]LogTemp: Display: Module 'MacServerTargetPlatform' loaded TargetPlatform 'MacServer'
[2019.09.18-15.52.13:005][  0]LogTemp: Display: Module 'MacTargetPlatform' loaded TargetPlatform 'Mac'
[2019.09.18-15.52.13:015][  0]LogTemp: Display: Module 'WindowsClientTargetPlatform' loaded TargetPlatform 'WindowsClient'
[2019.09.18-15.52.13:025][  0]LogTemp: Display: Module 'WindowsNoEditorTargetPlatform' loaded TargetPlatform 'WindowsNoEditor'
[2019.09.18-15.52.13:036][  0]LogTemp: Display: Module 'WindowsServerTargetPlatform' loaded TargetPlatform 'WindowsServer'
[2019.09.18-15.52.13:041][  0]LogTemp: Display: Module 'WindowsTargetPlatform' loaded TargetPlatform 'Windows'
[2019.09.18-15.52.13:101][  0]LogTemp: Display: Module 'AndroidTargetPlatform' loaded TargetPlatform 'Android'
[2019.09.18-15.52.13:101][  0]LogTemp: Display: Module 'AndroidTargetPlatform' loaded TargetPlatform 'Android_ASTC'
[2019.09.18-15.52.13:101][  0]LogTemp: Display: Module 'AndroidTargetPlatform' loaded TargetPlatform 'Android_ATC'
[2019.09.18-15.52.13:101][  0]LogTemp: Display: Module 'AndroidTargetPlatform' loaded TargetPlatform 'Android_DXT'
[2019.09.18-15.52.13:101][  0]LogTemp: Display: Module 'AndroidTargetPlatform' loaded TargetPlatform 'Android_ETC1'
[2019.09.18-15.52.13:101][  0]LogTemp: Display: Module 'AndroidTargetPlatform' loaded TargetPlatform 'Android_ETC1a'
[2019.09.18-15.52.13:101][  0]LogTemp: Display: Module 'AndroidTargetPlatform' loaded TargetPlatform 'Android_ETC2'
[2019.09.18-15.52.13:101][  0]LogTemp: Display: Module 'AndroidTargetPlatform' loaded TargetPlatform 'Android_PVRTC'
[2019.09.18-15.52.13:101][  0]LogTemp: Display: Module 'AndroidTargetPlatform' loaded TargetPlatform 'AndroidClient'
[2019.09.18-15.52.13:101][  0]LogTemp: Display: Module 'AndroidTargetPlatform' loaded TargetPlatform 'Android_ASTCClient'
[2019.09.18-15.52.13:101][  0]LogTemp: Display: Module 'AndroidTargetPlatform' loaded TargetPlatform 'Android_ATCClient'
[2019.09.18-15.52.13:101][  0]LogTemp: Display: Module 'AndroidTargetPlatform' loaded TargetPlatform 'Android_DXTClient'
[2019.09.18-15.52.13:101][  0]LogTemp: Display: Module 'AndroidTargetPlatform' loaded TargetPlatform 'Android_ETC1Client'
[2019.09.18-15.52.13:101][  0]LogTemp: Display: Module 'AndroidTargetPlatform' loaded TargetPlatform 'Android_ETC1aClient'
[2019.09.18-15.52.13:101][  0]LogTemp: Display: Module 'AndroidTargetPlatform' loaded TargetPlatform 'Android_ETC2Client'
[2019.09.18-15.52.13:101][  0]LogTemp: Display: Module 'AndroidTargetPlatform' loaded TargetPlatform 'Android_PVRTCClient'
[2019.09.18-15.52.13:101][  0]LogTemp: Display: Module 'AndroidTargetPlatform' loaded TargetPlatform 'Android_Multi'
[2019.09.18-15.52.13:101][  0]LogTemp: Display: Module 'AndroidTargetPlatform' loaded TargetPlatform 'Android_MultiClient'
[2019.09.18-15.52.13:103][  0]LogTemp: Display: Module 'HTML5TargetPlatform' loaded TargetPlatform 'HTML5'
[2019.09.18-15.52.13:148][  0]LogTemp: Display: Module 'IOSTargetPlatform' loaded TargetPlatform 'IOSClient'
[2019.09.18-15.52.13:148][  0]LogTemp: Display: Module 'IOSTargetPlatform' loaded TargetPlatform 'IOS'
[2019.09.18-15.52.13:165][  0]LogTemp: Display: Module 'TVOSTargetPlatform' loaded TargetPlatform 'TVOSClient'
[2019.09.18-15.52.13:165][  0]LogTemp: Display: Module 'TVOSTargetPlatform' loaded TargetPlatform 'TVOS'
[2019.09.18-15.52.13:173][  0]LogTemp: Display: Module 'LinuxClientTargetPlatform' loaded TargetPlatform 'LinuxClient'
[2019.09.18-15.52.13:182][  0]LogTemp: Display: Module 'LinuxNoEditorTargetPlatform' loaded TargetPlatform 'LinuxNoEditor'
[2019.09.18-15.52.13:191][  0]LogTemp: Display: Module 'LinuxServerTargetPlatform' loaded TargetPlatform 'LinuxServer'
[2019.09.18-15.52.13:205][  0]LogTemp: Display: Module 'LinuxTargetPlatform' loaded TargetPlatform 'Linux'
[2019.09.18-15.52.13:236][  0]LogTemp: Display: Module 'LuminTargetPlatform' loaded TargetPlatform 'Lumin'
[2019.09.18-15.52.13:236][  0]LogTemp: Display: Module 'LuminTargetPlatform' loaded TargetPlatform 'LuminClient'
[2019.09.18-15.52.13:236][  0]LogTargetPlatformManager: Display: Building Assets For Windows
[2019.09.18-15.52.13:261][  0]LogAudioDebug: Display: Lib vorbis DLL was dynamically loaded.
[2019.09.18-15.52.13:310][  0]LogShaderCompilers: Guid format shader working directory is 15 characters bigger than the processId version (D:/AlbionG/uh/Project_GunzBlazing/Intermediate/Shaders/WorkingDirectory/9844/).
[2019.09.18-15.52.13:310][  0]LogShaderCompilers: Cleaned the shader compiler working directory 'C:/Users/27.D224/AppData/Local/Temp/UnrealShaderWorkingDir/C7C72B4E44AD1E7897DA928262391CDE/'.
[2019.09.18-15.52.13:312][  0]LogXGEController: Cannot use XGE Controller as Incredibuild is not installed on this machine.
[2019.09.18-15.52.13:312][  0]LogShaderCompilers: Cannot use XGE Shader Compiler as Incredibuild is not installed on this machine.
[2019.09.18-15.52.13:312][  0]LogShaderCompilers: Display: Using Local Shader Compiler.
[2019.09.18-15.52.14:572][  0]LogDerivedDataCache: Display: Max Cache Size: 512 MB
[2019.09.18-15.52.14:613][  0]LogDerivedDataCache: Loaded boot cache 0.04s 75MB C:/Users/27.D224/AppData/Local/UnrealEngine/4.22/DerivedDataCache/Boot.ddc.
[2019.09.18-15.52.14:613][  0]LogDerivedDataCache: Display: Loaded Boot cache: C:/Users/27.D224/AppData/Local/UnrealEngine/4.22/DerivedDataCache/Boot.ddc
[2019.09.18-15.52.14:614][  0]LogDerivedDataCache: FDerivedDataBackendGraph:  Pak pak cache file D:/AlbionG/uh/Project_GunzBlazing/DerivedDataCache/DDC.ddp not found, will not use a pak cache.
[2019.09.18-15.52.14:614][  0]LogDerivedDataCache: Unable to find inner node Pak for hierarchical cache Hierarchy.
[2019.09.18-15.52.14:614][  0]LogDerivedDataCache: FDerivedDataBackendGraph:  CompressedPak pak cache file D:/AlbionG/uh/Project_GunzBlazing/DerivedDataCache/Compressed.ddp not found, will not use a pak cache.
[2019.09.18-15.52.14:614][  0]LogDerivedDataCache: Unable to find inner node CompressedPak for hierarchical cache Hierarchy.
[2019.09.18-15.52.14:627][  0]LogDerivedDataCache: Display: Pak cache opened for reading ../../../Engine/DerivedDataCache/Compressed.ddp.
[2019.09.18-15.52.14:632][  0]LogDerivedDataCache: Display: Pak cache opened for reading ../../../Enterprise/DerivedDataCache/Compressed.ddp.
[2019.09.18-15.52.14:644][  0]LogDerivedDataCache: Using Local data cache path C:/Users/27.D224/AppData/Local/UnrealEngine/Common/DerivedDataCache: Writable
[2019.09.18-15.52.14:644][  0]LogDerivedDataCache: Shared data cache path not found in *engine.ini, will not use an Shared cache.
[2019.09.18-15.52.14:644][  0]LogDerivedDataCache: Unable to find inner node Shared for hierarchical cache Hierarchy.
[2019.09.18-15.52.14:660][  0]LogMaterial: Verifying Global Shaders for PCD3D_SM5
[2019.09.18-15.52.14:661][  0]LogSlate: Using FreeType 2.6.0
[2019.09.18-15.52.14:670][  0]LogSlate: SlateFontServices - WITH_FREETYPE: 1, WITH_HARFBUZZ: 1
[2019.09.18-15.52.14:837][  0]LogAssetRegistry: FAssetRegistry took 0.0301 seconds to start up
[2019.09.18-15.52.15:073][  0]LogInit: Selected Device Profile: [Windows]
[2019.09.18-15.52.15:221][  0]LogMeshReduction: Using QuadricMeshReduction for automatic static mesh reduction
[2019.09.18-15.52.15:221][  0]LogMeshReduction: Using SimplygonMeshReduction for automatic skeletal mesh reduction
[2019.09.18-15.52.15:221][  0]LogMeshReduction: Using ProxyLODMeshReduction for automatic mesh merging
[2019.09.18-15.52.15:221][  0]LogMeshReduction: No distributed automatic mesh merging module available
[2019.09.18-15.52.15:221][  0]LogMeshMerging: No distributed automatic mesh merging module available
[2019.09.18-15.52.15:241][  0]LogNetVersion: Project_GunzBlazing 1.0.0, NetCL: 5660361, EngineNetVer: 10, GameNetVer: 0 (Checksum: 392623841)
[2019.09.18-15.52.15:808][  0]LogPackageLocalizationCache: Processed 16 localized package path(s) for 1 prioritized culture(s) in 0.044210 seconds
[2019.09.18-15.52.15:813][  0]LogUObjectArray: 42205 objects as part of root set at end of initial load.
[2019.09.18-15.52.15:813][  0]LogUObjectAllocator: 7325032 out of 0 bytes used by permanent object pool.
[2019.09.18-15.52.15:813][  0]LogUObjectArray: CloseDisregardForGC: 0/0 objects in disregard for GC pool
[2019.09.18-15.52.17:341][  0]LogTcpMessaging: Initializing TcpMessaging bridge
[2019.09.18-15.52.17:354][  0]LogUdpMessaging: Initializing bridge on interface 0.0.0.0:0 to multicast group 230.0.0.1:6666.
[2019.09.18-15.52.17:447][  0]SourceControl: Source control is disabled
[2019.09.18-15.52.17:447][  0]SourceControl: Source control is disabled
[2019.09.18-15.52.17:448][  0]SourceControl: Source control is disabled
[2019.09.18-15.52.17:449][  0]SourceControl: Source control is disabled
[2019.09.18-15.52.17:577][  0]LogAndroidPermission: UAndroidPermissionCallbackProxy::GetInstance
[2019.09.18-15.52.17:659][  0]LogOcInput: OculusInput pre-init called
[2019.09.18-15.52.19:353][  0]LogWindows: Failed to load 'libalias_api.dll' (GetLastError=126)
[2019.09.18-15.52.19:353][  0]LogWindows: File 'libalias_api.dll' does not exist
[2019.09.18-15.52.19:354][  0]LogWindows: Failed to load 'libalias_api.dll' (GetLastError=126)
[2019.09.18-15.52.19:354][  0]LogWindows: File 'libalias_api.dll' does not exist
[2019.09.18-15.52.19:480][  0]LogEngine: Initializing Engine...
[2019.09.18-15.52.19:481][  0]LogHMD: Failed to initialize OpenVR with code 110
[2019.09.18-15.52.19:482][  0]LogStats: UGameplayTagsManager::InitializeManager -  0.000 s
[2019.09.18-15.52.19:642][  0]LogInit: Initializing FReadOnlyCVARCache
[2019.09.18-15.52.19:654][  0]LogAIModule: Creating AISystem for world Untitled
[2019.09.18-15.52.19:662][  0]LogInit: XAudio2 using 'Dell S2716DG (Intel(R) Display Audio)' : 2 channels at 48 kHz using 16 bits per sample (channel mask 0x3)
[2019.09.18-15.52.19:670][  0]LogInit: FAudioDevice initialized.
[2019.09.18-15.52.19:670][  0]LogNetVersion: Set ProjectVersion to 1.0.0.0. Version Checksum will be recalculated on next use.
[2019.09.18-15.52.19:745][  0]LogDerivedDataCache: Saved boot cache 0.07s 75MB C:/Users/27.D224/AppData/Local/UnrealEngine/4.22/DerivedDataCache/Boot.ddc.
[2019.09.18-15.52.19:753][  0]LogInit: Texture streaming: Enabled
[2019.09.18-15.52.19:766][  0]LogEngineSessionManager: EngineSessionManager initialized
[2019.09.18-15.52.19:783][  0]LogInit: Transaction tracking system initialized
[2019.09.18-15.52.19:802][  0]BlueprintLog: New page: Editor Load
[2019.09.18-15.52.19:867][  0]LocalizationService: Localization service is disabled
[2019.09.18-15.52.20:083][  0]LogFileCache: Scanning file cache for directory 'D:/AlbionG/uh/Project_GunzBlazing/Content/' took 0.01s
[2019.09.18-15.52.20:083][  0]LogCook: Display: Max memory allowance for cook 16384mb min free memory 0mb
[2019.09.18-15.52.20:084][  0]LogCook: Display: Mobile HDR setting 1
[2019.09.18-15.52.21:122][  0]SourceControl: Source control is disabled
[2019.09.18-15.52.21:122][  0]Cmd: MAP LOAD FILE="D:/AlbionG/uh/Project_GunzBlazing/Content/ThirdPersonBP/Maps/ThirdPersonExampleMap.umap" TEMPLATE=0 SHOWPROGRESS=1 FEATURELEVEL=3
[2019.09.18-15.52.21:122][  0]LightingResults: New page: Lighting Build
[2019.09.18-15.52.21:124][  0]MapCheck: New page: Map Check
[2019.09.18-15.52.21:124][  0]LightingResults: New page: Lighting Build
[2019.09.18-15.52.21:149][  0]LogUObjectHash: Compacting FUObjectHashTables data took   1.62ms
[2019.09.18-15.52.21:337][  0]LogAIModule: Creating AISystem for world ThirdPersonExampleMap
[2019.09.18-15.52.21:343][  0]LogEditorServer: Finished looking for orphan Actors (0.000 secs)
[2019.09.18-15.52.21:382][  0]LogUObjectHash: Compacting FUObjectHashTables data took   2.46ms
[2019.09.18-15.52.21:382][  0]Cmd: MAP CHECKDEP NOCLEARLOG
[2019.09.18-15.52.21:382][  0]MapCheck: Map check complete: 0 Error(s), 0 Warning(s), took 0.094ms to complete.
[2019.09.18-15.52.21:383][  0]LogFileHelpers: Loading map 'ThirdPersonExampleMap' took 0.260
[2019.09.18-15.52.21:479][  0]LogSlate: Updating window title bar state: overlay mode, drag disabled, window buttons hidden, title bar hidden
[2019.09.18-15.52.21:485][  0]LogSlate: Updating window title bar state: overlay mode, drag disabled, window buttons hidden, title bar hidden
[2019.09.18-15.52.21:491][  0]LogSlate: Updating window title bar state: overlay mode, drag disabled, window buttons hidden, title bar hidden
[2019.09.18-15.52.21:496][  0]LogSlate: Updating window title bar state: overlay mode, drag disabled, window buttons hidden, title bar hidden
[2019.09.18-15.52.21:503][  0]LogCollectionManager: Loaded 0 collections in 0.001263 seconds
[2019.09.18-15.52.21:553][  0]LogFileCache: Scanning file cache for directory 'D:/AlbionG/uh/Project_GunzBlazing/Saved/Collections/' took 0.01s
[2019.09.18-15.52.21:553][  0]LogFileCache: Scanning file cache for directory 'D:/AlbionG/uh/Project_GunzBlazing/Content/Developers/27D224/Collections/' took 0.01s
[2019.09.18-15.52.21:553][  0]LogFileCache: Scanning file cache for directory 'D:/AlbionG/uh/Project_GunzBlazing/Content/Collections/' took 0.01s
[2019.09.18-15.52.21:553][  0]LogCollectionManager: Rebuilt the GUID cache for 0 collections in 0.000001 seconds
[2019.09.18-15.52.21:565][  0]LogContentBrowser: Native class hierarchy populated in 0.0118 seconds. Added 2864 classes and 726 folders.
[2019.09.18-15.52.21:570][  0]LogContentBrowser: Native class hierarchy updated for 'WidgetCarousel' in 0.0002 seconds. Added 0 classes and 0 folders.
[2019.09.18-15.52.21:574][  0]LogPakFile: Registered encryption key '00000000000000000000000000000000': 0 pak files mounted, 0 remain pending
[2019.09.18-15.52.21:578][  0]LogPakFile: Registered encryption key '00000000000000000000000000000000': 0 pak files mounted, 0 remain pending
[2019.09.18-15.52.21:588][  0]LogPakFile: Registered encryption key '00000000000000000000000000000000': 0 pak files mounted, 0 remain pending
[2019.09.18-15.52.21:591][  0]LogPakFile: Registered encryption key '00000000000000000000000000000000': 0 pak files mounted, 0 remain pending
[2019.09.18-15.52.21:593][  0]LogPakFile: Registered encryption key '00000000000000000000000000000000': 0 pak files mounted, 0 remain pending
[2019.09.18-15.52.21:595][  0]LogPakFile: Registered encryption key '00000000000000000000000000000000': 0 pak files mounted, 0 remain pending
[2019.09.18-15.52.21:598][  0]LogPakFile: Registered encryption key '00000000000000000000000000000000': 0 pak files mounted, 0 remain pending
[2019.09.18-15.52.21:601][  0]LogPakFile: Registered encryption key '00000000000000000000000000000000': 0 pak files mounted, 0 remain pending
[2019.09.18-15.52.21:604][  0]LogPakFile: Registered encryption key '00000000000000000000000000000000': 0 pak files mounted, 0 remain pending
[2019.09.18-15.52.21:607][  0]LogPakFile: Registered encryption key '00000000000000000000000000000000': 0 pak files mounted, 0 remain pending
[2019.09.18-15.52.21:609][  0]LogPakFile: Registered encryption key '00000000000000000000000000000000': 0 pak files mounted, 0 remain pending
[2019.09.18-15.52.21:613][  0]LogPakFile: Registered encryption key '00000000000000000000000000000000': 0 pak files mounted, 0 remain pending
[2019.09.18-15.52.21:616][  0]LogPakFile: Registered encryption key '00000000000000000000000000000000': 0 pak files mounted, 0 remain pending
[2019.09.18-15.52.21:618][  0]LogPakFile: Registered encryption key '00000000000000000000000000000000': 0 pak files mounted, 0 remain pending
[2019.09.18-15.52.21:621][  0]LogPakFile: Registered encryption key '00000000000000000000000000000000': 0 pak files mounted, 0 remain pending
[2019.09.18-15.52.21:624][  0]LogPakFile: Registered encryption key '00000000000000000000000000000000': 0 pak files mounted, 0 remain pending
[2019.09.18-15.52.21:644][  0]LogPakFile: Registered encryption key '00000000000000000000000000000000': 0 pak files mounted, 0 remain pending
[2019.09.18-15.52.21:647][  0]LogPakFile: Registered encryption key '00000000000000000000000000000000': 0 pak files mounted, 0 remain pending
[2019.09.18-15.52.21:650][  0]LogPakFile: Registered encryption key '00000000000000000000000000000000': 0 pak files mounted, 0 remain pending
[2019.09.18-15.52.21:653][  0]LogPakFile: Registered encryption key '00000000000000000000000000000000': 0 pak files mounted, 0 remain pending
[2019.09.18-15.52.21:656][  0]LogPakFile: Registered encryption key '00000000000000000000000000000000': 0 pak files mounted, 0 remain pending
[2019.09.18-15.52.21:659][  0]LogPakFile: Registered encryption key '00000000000000000000000000000000': 0 pak files mounted, 0 remain pending
[2019.09.18-15.52.21:662][  0]LogPakFile: Registered encryption key '00000000000000000000000000000000': 0 pak files mounted, 0 remain pending
[2019.09.18-15.52.21:664][  0]LogPakFile: Registered encryption key '00000000000000000000000000000000': 0 pak files mounted, 0 remain pending
[2019.09.18-15.52.21:667][  0]LogPakFile: Registered encryption key '00000000000000000000000000000000': 0 pak files mounted, 0 remain pending
[2019.09.18-15.52.21:670][  0]LogPakFile: Registered encryption key '00000000000000000000000000000000': 0 pak files mounted, 0 remain pending
[2019.09.18-15.52.21:673][  0]LogPakFile: Registered encryption key '00000000000000000000000000000000': 0 pak files mounted, 0 remain pending
[2019.09.18-15.52.21:675][  0]LogPakFile: Registered encryption key '00000000000000000000000000000000': 0 pak files mounted, 0 remain pending
[2019.09.18-15.52.21:749][  0]LogContentBrowser: Native class hierarchy updated for 'AddContentDialog' in 0.0002 seconds. Added 0 classes and 0 folders.
[2019.09.18-15.52.21:751][  0]LogContentBrowser: Native class hierarchy updated for 'SceneOutliner' in 0.0002 seconds. Added 1 classes and 0 folders.
[2019.09.18-15.52.21:764][  0]LogSlate: Took 0.003413 seconds to synchronously load lazily loaded font '../../../Engine/Content/Slate/Fonts/Roboto-Regular.ttf' (155K)
[2019.09.18-15.52.21:768][  0]LogSlate: Took 0.003085 seconds to synchronously load lazily loaded font '../../../Engine/Content/Slate/Fonts/Roboto-Bold.ttf' (160K)
[2019.09.18-15.52.21:777][  0]LogSlate: Took 0.003755 seconds to synchronously load lazily loaded font '../../../Engine/Content/Editor/Slate/Fonts/FontAwesome.ttf' (139K)
[2019.09.18-15.52.21:844][  0]LogRenderer: Reallocating scene render targets to support 1616x808 Format 10 NumSamples 1 (Frame:1).
[2019.09.18-15.52.21:971][  0]LogSlate: FSceneViewport::OnFocusLost() reason 2
[2019.09.18-15.52.21:980][  0]LogSlate: Window 'Tutorials' being destroyed
[2019.09.18-15.52.22:009][  0]LogContentBrowser: Native class hierarchy updated for 'HierarchicalLODOutliner' in 0.0002 seconds. Added 0 classes and 0 folders.
[2019.09.18-15.52.22:009][  0]LogLoad: (Engine Initialization) Total time: 13.02 seconds
[2019.09.18-15.52.22:009][  0]LogLoad: (Engine Initialization) Total Blueprint compile time: 0.00 seconds
[2019.09.18-15.52.22:042][  0]LogAssetRegistry: Asset discovery search completed in 7.2270 seconds
[2019.09.18-15.52.22:044][  0]LogCollectionManager: Rebuilt the object cache for 0 collections in 0.000000 seconds (found 0 objects)
[2019.09.18-15.52.22:044][  0]LogCollectionManager: Fixed up redirectors for 0 collections in 0.000031 seconds (updated 0 objects)
[2019.09.18-15.52.22:045][  0]LogContentStreaming: Texture pool size now 1000 MB
[2019.09.18-15.52.23:886][ 11]LogSlate: FSceneViewport::OnFocusLost() reason 0
[2019.09.18-15.52.37:936][438]LogUObjectHash: Compacting FUObjectHashTables data took   1.10ms
[2019.09.18-15.52.37:966][438]LogSlate: Window 'Project_GunzBlazing - Unreal Editor' being destroyed
[2019.09.18-15.52.37:966][438]LogWindowsTextInputMethodSystem: Display: IME system now deactivated.
[2019.09.18-15.52.38:136][439]Cmd: QUIT_EDITOR
[2019.09.18-15.52.38:159][439]LogExit: Preparing to exit.
[2019.09.18-15.52.38:397][439]LogExit: Editor shut down
[2019.09.18-15.52.38:397][439]LogExit: Transaction tracking system shut down
[2019.09.18-15.52.38:528][439]LogExit: Object subsystem successfully closed.
[2019.09.18-15.52.38:543][439]LogShaderCompilers: Display: Shaders left to compile 0
[2019.09.18-15.52.38:546][439]LogD3D11RHI: Shutdown
[2019.09.18-15.52.38:546][439]LogD3D11RHI: CleanupD3DDevice
[2019.09.18-15.52.38:547][439]LogRendererCore: FGlobalReadBuffer::ReleaseRHI
[2019.09.18-15.52.38:547][439]LogRendererCore: FGlobalDynamicReadBuffer::Cleanup()
[2019.09.18-15.52.38:548][439]LogRendererCore: FGlobalReadBuffer::ReleaseRHI
[2019.09.18-15.52.38:548][439]LogRendererCore: FGlobalDynamicReadBuffer::Cleanup()
[2019.09.18-15.52.38:548][439]LogRendererCore: FGlobalReadBuffer::ReleaseRHI
[2019.09.18-15.52.38:548][439]LogRendererCore: FGlobalDynamicReadBuffer::Cleanup()
[2019.09.18-15.52.38:641][439]LogD3D11RHI: ~FD3D11DynamicRHI
[2019.09.18-15.52.38:662][439]LogModuleManager: Shutting down and abandoning module HierarchicalLODOutliner (684)
[2019.09.18-15.52.38:662][439]LogModuleManager: Shutting down and abandoning module SceneOutliner (682)
[2019.09.18-15.52.38:662][439]LogModuleManager: Shutting down and abandoning module AddContentDialog (680)
[2019.09.18-15.52.38:662][439]LogModuleManager: Shutting down and abandoning module WidgetCarousel (679)
[2019.09.18-15.52.38:662][439]LogModuleManager: Shutting down and abandoning module EditorWidgets (676)
[2019.09.18-15.52.38:662][439]LogModuleManager: Shutting down and abandoning module CollectionManager (674)
[2019.09.18-15.52.38:662][439]LogModuleManager: Shutting down and abandoning module StatsViewer (672)
[2019.09.18-15.52.38:662][439]LogModuleManager: Shutting down and abandoning module FoliageEdit (670)
[2019.09.18-15.52.38:662][439]LogModuleManager: Shutting down and abandoning module LandscapeEditor (668)
[2019.09.18-15.52.38:662][439]LogModuleManager: Shutting down and abandoning module MeshPaintMode (666)
[2019.09.18-15.52.38:662][439]LogModuleManager: Shutting down and abandoning module SceneDepthPickerMode (664)
[2019.09.18-15.52.38:662][439]LogModuleManager: Shutting down and abandoning module ActorPickerMode (662)
[2019.09.18-15.52.38:662][439]LogModuleManager: Shutting down and abandoning module GeometryMode (660)
[2019.09.18-15.52.38:662][439]LogModuleManager: Shutting down and abandoning module TextureAlignMode (658)
[2019.09.18-15.52.38:662][439]LogModuleManager: Shutting down and abandoning module BspMode (656)
[2019.09.18-15.52.38:663][439]LogModuleManager: Shutting down and abandoning module PIEPreviewDeviceProfileSelector (654)
[2019.09.18-15.52.38:663][439]LogModuleManager: Shutting down and abandoning module SequenceRecorderSections (652)
[2019.09.18-15.52.38:663][439]LogModuleManager: Shutting down and abandoning module AutomationWorker (650)
[2019.09.18-15.52.38:663][439]LogModuleManager: Shutting down and abandoning module DatasmithFBXImporter (648)
[2019.09.18-15.52.38:663][439]LogModuleManager: Shutting down and abandoning module DatasmithDeltaGenImporter (646)
[2019.09.18-15.52.38:663][439]LogModuleManager: Shutting down and abandoning module DatasmithVREDImporter (644)
[2019.09.18-15.52.38:663][439]LogModuleManager: Shutting down and abandoning module OculusMR (642)
[2019.09.18-15.52.38:663][439]LogModuleManager: Shutting down and abandoning module AudioCaptureEditor (640)
[2019.09.18-15.52.38:663][439]LogModuleManager: Shutting down and abandoning module MatineeToLevelSequence (638)
[2019.09.18-15.52.38:663][439]LogModuleManager: Shutting down and abandoning module LevelSequenceEditor (636)
[2019.09.18-15.52.38:663][439]LogModuleManager: Shutting down and abandoning module PlacementMode (635)
[2019.09.18-15.52.38:663][439]LogModuleManager: Shutting down and abandoning module MaterialEditor (634)
[2019.09.18-15.52.38:663][439]LogModuleManager: Shutting down and abandoning module ActorSequenceEditor (630)
[2019.09.18-15.52.38:663][439]LogModuleManager: Shutting down and abandoning module WmfMediaFactory (628)
[2019.09.18-15.52.38:663][439]LogModuleManager: Shutting down and abandoning module WmfMediaEditor (626)
[2019.09.18-15.52.38:663][439]LogModuleManager: Shutting down and abandoning module WebMMediaFactory (624)
[2019.09.18-15.52.38:663][439]LogModuleManager: Shutting down and abandoning module WebMMediaEditor (622)
[2019.09.18-15.52.38:663][439]LogModuleManager: Shutting down and abandoning module WebMMedia (620)
[2019.09.18-15.52.38:663][439]LogModuleManager: Shutting down and abandoning module MediaPlayerEditor (618)
[2019.09.18-15.52.38:663][439]LogModuleManager: Shutting down and abandoning module MediaCompositingEditor (616)
[2019.09.18-15.52.38:663][439]LogModuleManager: Shutting down and abandoning module SequenceRecorder (615)
[2019.09.18-15.52.38:663][439]LogModuleManager: Shutting down and abandoning module OpenExrWrapper (612)
[2019.09.18-15.52.38:663][439]LogModuleManager: Shutting down and abandoning module ImgMediaFactory (610)
[2019.09.18-15.52.38:663][439]LogModuleManager: Shutting down and abandoning module ImgMediaEditor (608)
[2019.09.18-15.52.38:664][439]LogModuleManager: Shutting down and abandoning module AvfMediaFactory (606)
[2019.09.18-15.52.38:664][439]LogModuleManager: Shutting down and abandoning module AvfMediaEditor (604)
[2019.09.18-15.52.38:664][439]LogModuleManager: Shutting down and abandoning module AndroidMediaFactory (602)
[2019.09.18-15.52.38:664][439]LogModuleManager: Shutting down and abandoning module AndroidMediaEditor (600)
[2019.09.18-15.52.38:664][439]LogModuleManager: Shutting down and abandoning module MagicLeapCameraPreviewFactory (598)
[2019.09.18-15.52.38:664][439]LogModuleManager: Shutting down and abandoning module MagicLeapMediaCodecFactory (596)
[2019.09.18-15.52.38:664][439]LogModuleManager: Shutting down and abandoning module MagicLeapMediaFactory (594)
[2019.09.18-15.52.38:664][439]LogModuleManager: Shutting down and abandoning module MagicLeapMediaEditor (592)
[2019.09.18-15.52.38:664][439]LogModuleManager: Shutting down and abandoning module CharacterAI (590)
[2019.09.18-15.52.38:664][439]LogModuleManager: Shutting down and abandoning module SmartSnapping (588)
[2019.09.18-15.52.38:664][439]LogModuleManager: Shutting down and abandoning module SessionServices (586)
[2019.09.18-15.52.38:664][439]LogModuleManager: Shutting down and abandoning module MeshPaint (584)
[2019.09.18-15.52.38:664][439]LogModuleManager: Shutting down and abandoning module ViewportSnapping (582)
[2019.09.18-15.52.38:664][439]LogModuleManager: Shutting down and abandoning module ViewportInteraction (580)
[2019.09.18-15.52.38:664][439]LogModuleManager: Shutting down and abandoning module ClothPainter (578)
[2019.09.18-15.52.38:664][439]LogModuleManager: Shutting down and abandoning module SkeletalMeshEditor (577)
[2019.09.18-15.52.38:664][439]LogModuleManager: Shutting down and abandoning module LogVisualizer (574)
[2019.09.18-15.52.38:664][439]LogModuleManager: Shutting down and abandoning module IntroTutorials (572)
[2019.09.18-15.52.38:664][439]LogModuleManager: Shutting down and abandoning module GameProjectGeneration (571)
[2019.09.18-15.52.38:664][439]LogModuleManager: Shutting down and abandoning module LuminPlatformEditor (568)
[2019.09.18-15.52.38:664][439]LogModuleManager: Shutting down and abandoning module IOSPlatformEditor (566)
[2019.09.18-15.52.38:664][439]LogModuleManager: Shutting down and abandoning module HTML5PlatformEditor (564)
[2019.09.18-15.52.38:664][439]LogModuleManager: Shutting down and abandoning module AndroidPlatformEditor (562)
[2019.09.18-15.52.38:664][439]LogModuleManager: Shutting down and abandoning module AndroidDeviceDetection (561)
[2019.09.18-15.52.38:938][439]LogModuleManager: Shutting down and abandoning module WindowsPlatformEditor (558)
[2019.09.18-15.52.38:938][439]LogModuleManager: Shutting down and abandoning module LuminRuntimeSettings (556)
[2019.09.18-15.52.38:938][439]LogModuleManager: Shutting down and abandoning module IOSRuntimeSettings (554)
[2019.09.18-15.52.38:938][439]LogModuleManager: Shutting down and abandoning module AndroidRuntimeSettings (552)
[2019.09.18-15.52.38:938][439]LogModuleManager: Shutting down and abandoning module TimeManagementEditor (550)
[2019.09.18-15.52.38:938][439]LogModuleManager: Shutting down and abandoning module InputBindingEditor (548)
[2019.09.18-15.52.38:938][439]LogModuleManager: Shutting down and abandoning module MergeActors (546)
[2019.09.18-15.52.38:938][439]LogModuleManager: Shutting down and abandoning module LocalizationDashboard (544)
[2019.09.18-15.52.38:938][439]LogModuleManager: Shutting down and abandoning module LocalizationService (543)
[2019.09.18-15.52.38:938][439]LogModuleManager: Shutting down and abandoning module HardwareTargeting (540)
[2019.09.18-15.52.38:938][439]LogModuleManager: Shutting down and abandoning module DeviceProfileEditor (538)
[2019.09.18-15.52.38:938][439]LogModuleManager: Shutting down and abandoning module UndoHistory (536)
[2019.09.18-15.52.38:938][439]LogModuleManager: Shutting down and abandoning module XmlParser (534)
[2019.09.18-15.52.38:938][439]LogModuleManager: Shutting down and abandoning module Blutility (532)
[2019.09.18-15.52.38:938][439]LogModuleManager: Shutting down and abandoning module ProjectSettingsViewer (530)
[2019.09.18-15.52.38:938][439]LogModuleManager: Shutting down and abandoning module ProjectTargetPlatformEditor (529)
[2019.09.18-15.52.38:939][439]LogModuleManager: Shutting down and abandoning module EditorSettingsViewer (526)
[2019.09.18-15.52.38:939][439]LogModuleManager: Shutting down and abandoning module SettingsEditor (524)
[2019.09.18-15.52.38:939][439]LogModuleManager: Shutting down and abandoning module ProjectLauncher (522)
[2019.09.18-15.52.38:939][439]LogModuleManager: Shutting down and abandoning module SessionFrontend (520)
[2019.09.18-15.52.38:939][439]LogModuleManager: Shutting down and abandoning module ProfilerClient (518)
[2019.09.18-15.52.38:939][439]LogModuleManager: Shutting down and abandoning module DeviceManager (516)
[2019.09.18-15.52.38:939][439]LogModuleManager: Shutting down and abandoning module TargetDeviceServices (515)
[2019.09.18-15.52.38:993][439]LogModuleManager: Shutting down and abandoning module AutomationController (512)
[2019.09.18-15.52.38:993][439]LogModuleManager: Shutting down and abandoning module AutomationWindow (510)
[2019.09.18-15.52.38:993][439]LogModuleManager: Shutting down and abandoning module Layers (508)
[2019.09.18-15.52.38:993][439]LogModuleManager: Shutting down and abandoning module ComponentVisualizers (506)
[2019.09.18-15.52.38:993][439]LogModuleManager: Shutting down and abandoning module DetailCustomizations (504)
[2019.09.18-15.52.38:993][439]LogModuleManager: Shutting down and abandoning module PackagesDialog (502)
[2019.09.18-15.52.38:993][439]LogModuleManager: Shutting down and abandoning module AnimationBlueprintEditor (500)
[2019.09.18-15.52.38:993][439]LogModuleManager: Shutting down and abandoning module Persona (498)
[2019.09.18-15.52.38:993][439]LogModuleManager: Shutting down and abandoning module AnimGraph (497)
[2019.09.18-15.52.38:993][439]LogModuleManager: Shutting down and abandoning module Kismet (494)
[2019.09.18-15.52.38:993][439]LogModuleManager: Shutting down and abandoning module GraphEditor (492)
[2019.09.18-15.52.38:993][439]LogModuleManager: Shutting down and abandoning module ClassViewer (490)
[2019.09.18-15.52.38:993][439]LogModuleManager: Shutting down and abandoning module Toolbox (488)
[2019.09.18-15.52.38:993][439]LogModuleManager: Shutting down and abandoning module ModuleUI (486)
[2019.09.18-15.52.38:993][439]LogModuleManager: Shutting down and abandoning module MovieSceneTools (484)
[2019.09.18-15.52.38:993][439]LogModuleManager: Shutting down and abandoning module OutputLog (482)
[2019.09.18-15.52.38:993][439]LogModuleManager: Shutting down and abandoning module GammaUI (480)
[2019.09.18-15.52.38:993][439]LogModuleManager: Shutting down and abandoning module Documentation (478)
[2019.09.18-15.52.38:993][439]LogModuleManager: Shutting down and abandoning module LiveCoding (476)
[2019.09.18-15.52.38:993][439]LogModuleManager: Shutting down and abandoning module LevelSequence (474)
[2019.09.18-15.52.38:993][439]LogModuleManager: Shutting down and abandoning module MovieSceneTracks (472)
[2019.09.18-15.52.38:993][439]LogModuleManager: Shutting down and abandoning module MovieScene (470)
[2019.09.18-15.52.38:994][439]LogModuleManager: Shutting down and abandoning module StreamingPauseRendering (468)
[2019.09.18-15.52.38:994][439]LogModuleManager: Shutting down and abandoning module LauncherPlatform (466)
[2019.09.18-15.52.38:994][439]LogModuleManager: Shutting down and abandoning module AnalyticsET (464)
[2019.09.18-15.52.38:994][439]LogModuleManager: Shutting down and abandoning module PortalServices (462)
[2019.09.18-15.52.38:994][439]LogModuleManager: Shutting down and abandoning module PortalRpc (460)
[2019.09.18-15.52.38:994][439]LogModuleManager: Shutting down and abandoning module MessagingRpc (458)
[2019.09.18-15.52.38:994][439]LogModuleManager: Shutting down and abandoning module AIModule (456)
[2019.09.18-15.52.38:994][439]LogModuleManager: Shutting down and abandoning module GameplayDebugger (455)
[2019.09.18-15.52.38:994][439]LogModuleManager: Shutting down and abandoning module AITestSuite (453)
[2019.09.18-15.52.38:994][439]LogModuleManager: Shutting down and abandoning module NavigationSystem (451)
[2019.09.18-15.52.38:994][439]LogModuleManager: Shutting down and abandoning module DesktopPlatform (448)
[2019.09.18-15.52.38:994][439]LogModuleManager: Shutting down and abandoning module ImageWriteQueue (446)
[2019.09.18-15.52.38:998][439]LogModuleManager: Shutting down and abandoning module ProfilerService (444)
[2019.09.18-15.52.39:156][439]LogModuleManager: Shutting down and abandoning module TaskGraph (442)
[2019.09.18-15.52.39:156][439]LogModuleManager: Shutting down and abandoning module DatasmithCADImporter (440)
[2019.09.18-15.52.39:157][439]LogModuleManager: Shutting down and abandoning module VariantManager (438)
[2019.09.18-15.52.39:160][439]LogModuleManager: Shutting down and abandoning module StaticMeshEditorExtension (436)
[2019.09.18-15.52.39:160][439]LogModuleManager: Shutting down and abandoning module StaticMeshEditor (435)
[2019.09.18-15.52.39:161][439]LogModuleManager: Shutting down and abandoning module AdvancedPreviewScene (434)
[2019.09.18-15.52.39:161][439]LogModuleManager: Shutting down and abandoning module MeshProcessingLibrary (431)
[2019.09.18-15.52.39:161][439]LogModuleManager: Shutting down and abandoning module MDLImporter (428)
[2019.09.18-15.52.39:161][439]LogModuleManager: Shutting down and abandoning module DatasmithGLTFImporter (426)
[2019.09.18-15.52.39:161][439]LogModuleManager: Shutting down and abandoning module DatasmithImporter (425)
[2019.09.18-15.52.39:163][439]LogModuleManager: Shutting down and abandoning module DatasmithDataPrepLibraries (422)
[2019.09.18-15.52.39:163][439]LogModuleManager: Shutting down and abandoning module DatasmithDataPrepEditor (420)
[2019.09.18-15.52.39:164][439]LogModuleManager: Shutting down and abandoning module SteamVRController (418)
[2019.09.18-15.52.39:164][439]LogModuleManager: Shutting down and abandoning module ProceduralMeshComponentEditor (416)
[2019.09.18-15.52.39:164][439]LogModuleManager: Shutting down and abandoning module ProceduralMeshComponent (414)
[2019.09.18-15.52.39:164][439]LogModuleManager: Shutting down and abandoning module OculusEditor (412)
[2019.09.18-15.52.39:164][439]LogModuleManager: Shutting down and abandoning module OculusInput (410)
[2019.09.18-15.52.39:164][439]LogModuleManager: Shutting down and abandoning module MobilePatchingUtils (408)
[2019.09.18-15.52.39:164][439]LogModuleManager: Shutting down and abandoning module EditableMesh (406)
[2019.09.18-15.52.39:164][439]LogModuleManager: Shutting down and abandoning module CustomMeshComponent (404)
[2019.09.18-15.52.39:164][439]LogModuleManager: Shutting down and abandoning module CableComponent (402)
[2019.09.18-15.52.39:164][439]LogModuleManager: Shutting down and abandoning module AudioCapture (400)
[2019.09.18-15.52.39:164][439]LogModuleManager: Shutting down and abandoning module ArchVisCharacter (398)
[2019.09.18-15.52.39:164][439]LogModuleManager: Shutting down and abandoning module AndroidPermission (396)
[2019.09.18-15.52.39:164][439]LogModuleManager: Shutting down and abandoning module NUTUnrealEngine4 (394)
[2019.09.18-15.52.39:165][439]LogModuleManager: Shutting down and abandoning module NetcodeUnitTest (392)
[2019.09.18-15.52.39:165][439]LogModuleManager: Shutting down and abandoning module MediaCompositing (390)
[2019.09.18-15.52.39:165][439]LogModuleManager: Shutting down and abandoning module LinearTimecode (388)
[2019.09.18-15.52.39:165][439]LogModuleManager: Shutting down and abandoning module ImgMedia (386)
[2019.09.18-15.52.39:165][439]LogModuleManager: Shutting down and abandoning module MagicLeapHelperVulkan (384)
[2019.09.18-15.52.39:165][439]LogModuleManager: Shutting down and abandoning module MagicLeapHelperOpenGL (382)
[2019.09.18-15.52.39:165][439]LogModuleManager: Shutting down and abandoning module MagicLeapAudio (380)
[2019.09.18-15.52.39:165][439]LogModuleManager: Shutting down and abandoning module HTML5Networking (378)
[2019.09.18-15.52.39:165][439]LogModuleManager: Shutting down and abandoning module GeometryCollectionEditor (376)
[2019.09.18-15.52.39:165][439]LogModuleManager: Shutting down and abandoning module GeometryCollectionExampleCore (374)
[2019.09.18-15.52.39:165][439]LogModuleManager: Shutting down and abandoning module GeometryCacheTracks (372)
[2019.09.18-15.52.39:165][439]LogModuleManager: Shutting down and abandoning module GeometryCacheSequencer (370)
[2019.09.18-15.52.39:165][439]LogModuleManager: Shutting down and abandoning module ChaosSolverEditor (368)
[2019.09.18-15.52.39:165][439]LogModuleManager: Shutting down and abandoning module BlastAuthoring (366)
[2019.09.18-15.52.39:165][439]LogModuleManager: Shutting down and abandoning module BackChannel (364)
[2019.09.18-15.52.39:165][439]LogModuleManager: Shutting down and abandoning module AppleVision (362)
[2019.09.18-15.52.39:166][439]LogModuleManager: Shutting down and abandoning module AppleImageUtilsBlueprintSupport (360)
[2019.09.18-15.52.39:166][439]LogModuleManager: Shutting down and abandoning module AppleImageUtils (358)
[2019.09.18-15.52.39:166][439]LogModuleManager: Shutting down and abandoning module AlembicImporter (356)
[2019.09.18-15.52.39:166][439]LogModuleManager: Shutting down and abandoning module AlembicLibrary (355)
[2019.09.18-15.52.39:166][439]LogModuleManager: Shutting down and abandoning module GeometryCache (354)
[2019.09.18-15.52.39:166][439]LogModuleManager: Shutting down and abandoning module GeometryCacheEd (353)
[2019.09.18-15.52.39:166][439]LogModuleManager: Shutting down and abandoning module VariantManagerContent (348)
[2019.09.18-15.52.39:166][439]LogModuleManager: Shutting down and abandoning module DatasmithContentEditor (346)
[2019.09.18-15.52.39:166][439]LogModuleManager: Shutting down and abandoning module SpeedTreeImporter (344)
[2019.09.18-15.52.39:166][439]LogModuleManager: Shutting down and abandoning module PluginBrowser (342)
[2019.09.18-15.52.39:166][439]LogModuleManager: Shutting down and abandoning module MobileLauncherProfileWizard (340)
[2019.09.18-15.52.39:166][439]LogModuleManager: Shutting down and abandoning module PolygonModeling (338)
[2019.09.18-15.52.39:166][439]LogModuleManager: Shutting down and abandoning module MeshEditor (336)
[2019.09.18-15.52.39:167][439]LogModuleManager: Shutting down and abandoning module MaterialAnalyzer (334)
[2019.09.18-15.52.39:167][439]LogModuleManager: Shutting down and abandoning module GLTFImporter (332)
[2019.09.18-15.52.39:167][439]LogModuleManager: Shutting down and abandoning module EditorScriptingUtilities (330)
[2019.09.18-15.52.39:167][439]LogModuleManager: Shutting down and abandoning module CryptoKeysOpenSSL (328)
[2019.09.18-15.52.39:167][439]LogModuleManager: Shutting down and abandoning module CryptoKeys (326)
[2019.09.18-15.52.39:167][439]LogModuleManager: Shutting down and abandoning module VisualStudioSourceCodeAccess (324)
[2019.09.18-15.52.39:167][439]LogModuleManager: Shutting down and abandoning module VisualStudioCodeSourceCodeAccess (322)
[2019.09.18-15.52.39:167][439]LogModuleManager: Shutting down and abandoning module UObjectPlugin (320)
[2019.09.18-15.52.39:167][439]LogModuleManager: Shutting down and abandoning module SubversionSourceControl (318)
[2019.09.18-15.52.39:167][439]LogModuleManager: Shutting down and abandoning module PerforceSourceControl (316)
[2019.09.18-15.52.39:167][439]LogModuleManager: Shutting down and abandoning module GitSourceControl (314)
[2019.09.18-15.52.39:167][439]LogModuleManager: Shutting down and abandoning module SourceControl (313)
[2019.09.18-15.52.39:167][439]LogModuleManager: Shutting down and abandoning module CLionSourceCodeAccess (310)
[2019.09.18-15.52.39:168][439]LogModuleManager: Shutting down and abandoning module AnimationSharingEd (308)
[2019.09.18-15.52.39:168][439]LogModuleManager: Shutting down and abandoning module ActorLayerUtilitiesEditor (306)
[2019.09.18-15.52.39:168][439]LogModuleManager: Shutting down and abandoning module ActorLayerUtilities (304)
[2019.09.18-15.52.39:168][439]LogModuleManager: Shutting down and abandoning module LightPropagationVolumeEditor (302)
[2019.09.18-15.52.39:168][439]LogModuleManager: Shutting down and abandoning module PaperTiledImporter (300)
[2019.09.18-15.52.39:168][439]LogModuleManager: Shutting down and abandoning module PaperSpriteSheetImporter (298)
[2019.09.18-15.52.39:168][439]LogModuleManager: Shutting down and abandoning module Paper2DEditor (296)
[2019.09.18-15.52.39:168][439]LogModuleManager: Shutting down and abandoning module SignificanceManager (294)
[2019.09.18-15.52.39:168][439]LogModuleManager: Shutting down and abandoning module RuntimePhysXCooking (292)
[2019.09.18-15.52.39:168][439]LogModuleManager: Shutting down and abandoning module PhysXVehiclesEditor (290)
[2019.09.18-15.52.39:168][439]LogModuleManager: Shutting down and abandoning module PhysXVehicles (288)
[2019.09.18-15.52.39:168][439]LogModuleManager: Shutting down and abandoning module LocationServicesBPLibrary (286)
[2019.09.18-15.52.39:168][439]LogModuleManager: Shutting down and abandoning module ActorSequence (284)
[2019.09.18-15.52.39:168][439]LogModuleManager: Shutting down and abandoning module UdpMessaging (282)
[2019.09.18-15.52.39:269][439]LogModuleManager: Shutting down and abandoning module TcpMessaging (280)
[2019.09.18-15.52.39:370][439]LogModuleManager: Shutting down and abandoning module MagicLeapIdentity (278)
[2019.09.18-15.52.39:370][439]LogModuleManager: Shutting down and abandoning module MagicLeapSecureStorage (276)
[2019.09.18-15.52.39:370][439]LogModuleManager: Shutting down and abandoning module MagicLeapHandTracking (274)
[2019.09.18-15.52.39:370][439]LogModuleManager: Shutting down and abandoning module MagicLeapEyeTracker (272)
[2019.09.18-15.52.39:370][439]LogModuleManager: Shutting down and abandoning module MagicLeapController (270)
[2019.09.18-15.52.39:370][439]LogSlate: Slate User Destroyed.  User Index 0, Is Virtual User: 0
[2019.09.18-15.52.39:370][439]LogModuleManager: Shutting down and abandoning module MagicLeapAR (268)
[2019.09.18-15.52.39:370][439]LogModuleManager: Shutting down and abandoning module AugmentedReality (267)
[2019.09.18-15.52.39:370][439]LogModuleManager: Shutting down and abandoning module GameplayTagsEditor (264)
[2019.09.18-15.52.39:370][439]LogModuleManager: Shutting down and abandoning module FacialAnimationEditor (262)
[2019.09.18-15.52.39:370][439]LogModuleManager: Shutting down and abandoning module FacialAnimation (260)
[2019.09.18-15.52.39:370][439]LogModuleManager: Shutting down and abandoning module DataValidation (258)
[2019.09.18-15.52.39:370][439]LogModuleManager: Shutting down and abandoning module AssetManagerEditor (256)
[2019.09.18-15.52.39:370][439]LogModuleManager: Shutting down and abandoning module LevelEditor (255)
[2019.09.18-15.52.39:370][439]LogModuleManager: Shutting down and abandoning module PixelInspectorModule (254)
[2019.09.18-15.52.39:370][439]LogModuleManager: Shutting down and abandoning module CommonMenuExtensions (252)
[2019.09.18-15.52.39:371][439]LogModuleManager: Shutting down and abandoning module MainFrame (250)
[2019.09.18-15.52.39:371][439]LogModuleManager: Shutting down and abandoning module HotReload (249)
[2019.09.18-15.52.39:371][439]LogModuleManager: Shutting down and abandoning module ContentBrowser (245)
[2019.09.18-15.52.39:371][439]LogModuleManager: Shutting down and abandoning module TreeMap (243)
[2019.09.18-15.52.39:371][439]LogModuleManager: Shutting down and abandoning module AnimationSharing (240)
[2019.09.18-15.52.39:371][439]LogModuleManager: Shutting down and abandoning module LightPropagationVolumeRuntime (238)
[2019.09.18-15.52.39:371][439]LogModuleManager: Shutting down and abandoning module AISupportModule (236)
[2019.09.18-15.52.39:371][439]LogModuleManager: Shutting down and abandoning module Paper2D (234)
[2019.09.18-15.52.39:371][439]LogModuleManager: Shutting down and abandoning module WindowsMoviePlayer (232)
[2019.09.18-15.52.39:371][439]LogModuleManager: Shutting down and abandoning module WebMMoviePlayer (230)
[2019.09.18-15.52.39:371][439]LogModuleManager: Shutting down and abandoning module PacketHandler (228)
[2019.09.18-15.52.39:371][439]LogModuleManager: Shutting down and abandoning module ClothingSystemEditor (226)
[2019.09.18-15.52.39:371][439]LogModuleManager: Shutting down and abandoning module ClothingSystemRuntime (224)
[2019.09.18-15.52.39:371][439]LogModuleManager: Shutting down and abandoning module MediaAssets (222)
[2019.09.18-15.52.39:371][439]LogModuleManager: Shutting down and abandoning module Overlay (220)
[2019.09.18-15.52.39:371][439]LogModuleManager: Shutting down and abandoning module OverlayEditor (219)
[2019.09.18-15.52.39:371][439]LogModuleManager: Shutting down and abandoning module VREditor (216)
[2019.09.18-15.52.39:371][439]LogModuleManager: Shutting down and abandoning module StringTableEditor (214)
[2019.09.18-15.52.39:371][439]LogModuleManager: Shutting down and abandoning module GameplayTasksEditor (212)
[2019.09.18-15.52.39:371][439]LogModuleManager: Shutting down and abandoning module BehaviorTreeEditor (210)
[2019.09.18-15.52.39:371][439]LogModuleManager: Shutting down and abandoning module FunctionalTesting (208)
[2019.09.18-15.52.39:371][439]LogModuleManager: Shutting down and abandoning module CollisionAnalyzer (206)
[2019.09.18-15.52.39:372][439]LogModuleManager: Shutting down and abandoning module WorkspaceMenuStructure (205)
[2019.09.18-15.52.39:372][439]LogModuleManager: Shutting down and abandoning module UMG (202)
[2019.09.18-15.52.39:372][439]LogModuleManager: Shutting down and abandoning module UMGEditor (201)
[2019.09.18-15.52.39:372][439]LogModuleManager: Shutting down and abandoning module Sequencer (200)
[2019.09.18-15.52.39:372][439]LogModuleManager: Shutting down and abandoning module MessageLog (197)
[2019.09.18-15.52.39:372][439]LogModuleManager: Shutting down and abandoning module SlateReflector (192)
[2019.09.18-15.52.39:372][439]LogModuleManager: Shutting down and abandoning module Slate (190)
[2019.09.18-15.52.39:372][439]LogModuleManager: Shutting down and abandoning module EditorStyle (188)
[2019.09.18-15.52.39:373][439]LogModuleManager: Shutting down and abandoning module UnrealEd (186)
[2019.09.18-15.52.39:373][439]LogModuleManager: Shutting down and abandoning module MRMesh (184)
[2019.09.18-15.52.39:373][439]LogModuleManager: Shutting down and abandoning module SourceCodeAccess (182)
[2019.09.18-15.52.39:373][439]LogModuleManager: Shutting down and abandoning module HeadMountedDisplay (180)
[2019.09.18-15.52.39:373][439]LogModuleManager: Shutting down and abandoning module XAudio2 (178)
[2019.09.18-15.52.39:373][439]LogModuleManager: Shutting down and abandoning module Networking (176)
[2019.09.18-15.52.39:373][439]LogModuleManager: Shutting down and abandoning module Core (174)
[2019.09.18-15.52.39:373][439]LogModuleManager: Shutting down and abandoning module KismetCompiler (172)
[2019.09.18-15.52.39:373][439]LogModuleManager: Shutting down and abandoning module MeshUtilities (170)
[2019.09.18-15.52.39:373][439]LogModuleManager: Shutting down and abandoning module MeshMergeUtilities (169)
[2019.09.18-15.52.39:373][439]LogModuleManager: Shutting down and abandoning module MeshReductionInterface (168)
[2019.09.18-15.52.39:373][439]LogModuleManager: Shutting down and abandoning module SkeletalMeshReduction (167)
[2019.09.18-15.52.39:373][439]LogModuleManager: Shutting down and abandoning module ProxyLODMeshReduction (165)
[2019.09.18-15.52.39:373][439]LogModuleManager: Shutting down and abandoning module QuadricMeshReduction (163)
[2019.09.18-15.52.39:373][439]LogModuleManager: Shutting down and abandoning module MaterialBaking (159)
[2019.09.18-15.52.39:373][439]LogModuleManager: Shutting down and abandoning module DerivedDataCache (154)
[2019.09.18-15.52.39:668][439]LogDerivedDataCache: Shutdown
[2019.09.18-15.52.39:668][439]LogModuleManager: Shutting down and abandoning module XGEController (152)
[2019.09.18-15.52.39:668][439]LogModuleManager: Shutting down and abandoning module TargetPlatform (150)
[2019.09.18-15.52.39:668][439]LogModuleManager: Shutting down and abandoning module VulkanShaderFormat (149)
[2019.09.18-15.52.39:668][439]LogModuleManager: Shutting down and abandoning module ShaderFormatVectorVM (147)
[2019.09.18-15.52.39:668][439]LogModuleManager: Shutting down and abandoning module ShaderFormatOpenGL (145)
[2019.09.18-15.52.39:668][439]LogModuleManager: Shutting down and abandoning module ShaderFormatD3D (143)
[2019.09.18-15.52.39:668][439]LogModuleManager: Shutting down and abandoning module MetalShaderFormat (141)
[2019.09.18-15.52.39:668][439]LogModuleManager: Shutting down and abandoning module TextureFormatUncompressed (139)
[2019.09.18-15.52.39:669][439]LogModuleManager: Shutting down and abandoning module TextureFormatPVR (137)
[2019.09.18-15.52.39:669][439]LogModuleManager: Shutting down and abandoning module TextureFormatDXT (135)
[2019.09.18-15.52.39:669][439]LogModuleManager: Shutting down and abandoning module TextureFormatIntelISPCTexComp (133)
[2019.09.18-15.52.39:669][439]LogModuleManager: Shutting down and abandoning module TextureFormatASTC (131)
[2019.09.18-15.52.39:669][439]LogModuleManager: Shutting down and abandoning module ImageWrapper (130)
[2019.09.18-15.52.39:669][439]LogModuleManager: Shutting down and abandoning module TextureFormatAndroid (127)
[2019.09.18-15.52.39:669][439]LogModuleManager: Shutting down and abandoning module AudioFormatOpus (125)
[2019.09.18-15.52.39:669][439]LogModuleManager: Shutting down and abandoning module AudioFormatOgg (123)
[2019.09.18-15.52.39:669][439]LogModuleManager: Shutting down and abandoning module AudioFormatADPCM (121)
[2019.09.18-15.52.39:669][439]LogModuleManager: Shutting down and abandoning module LuminTargetPlatform (119)
[2019.09.18-15.52.39:671][439]LogModuleManager: Shutting down and abandoning module LinuxTargetPlatform (117)
[2019.09.18-15.52.39:671][439]LogModuleManager: Shutting down and abandoning module LinuxServerTargetPlatform (115)
[2019.09.18-15.52.39:671][439]LogModuleManager: Shutting down and abandoning module LinuxNoEditorTargetPlatform (113)
[2019.09.18-15.52.39:671][439]LogModuleManager: Shutting down and abandoning module LinuxClientTargetPlatform (111)
[2019.09.18-15.52.39:671][439]LogModuleManager: Shutting down and abandoning module TVOSTargetPlatform (109)
[2019.09.18-15.52.39:672][439]LogModuleManager: Shutting down and abandoning module Messaging (107)
[2019.09.18-15.52.39:672][439]LogModuleManager: Shutting down and abandoning module IOSTargetPlatform (105)
[2019.09.18-15.52.39:673][439]LogModuleManager: Shutting down and abandoning module HTML5TargetPlatform (103)
[2019.09.18-15.52.39:673][439]LogModuleManager: Shutting down and abandoning module AndroidTargetPlatform (101)
[2019.09.18-15.52.39:676][439]LogModuleManager: Shutting down and abandoning module WindowsTargetPlatform (99)
[2019.09.18-15.52.39:676][439]LogModuleManager: Shutting down and abandoning module WindowsServerTargetPlatform (97)
[2019.09.18-15.52.39:676][439]LogModuleManager: Shutting down and abandoning module WindowsNoEditorTargetPlatform (95)
[2019.09.18-15.52.39:676][439]LogModuleManager: Shutting down and abandoning module WindowsClientTargetPlatform (93)
[2019.09.18-15.52.39:676][439]LogModuleManager: Shutting down and abandoning module MacTargetPlatform (91)
[2019.09.18-15.52.39:676][439]LogModuleManager: Shutting down and abandoning module MacServerTargetPlatform (89)
[2019.09.18-15.52.39:676][439]LogModuleManager: Shutting down and abandoning module MacNoEditorTargetPlatform (87)
[2019.09.18-15.52.39:676][439]LogModuleManager: Shutting down and abandoning module MacClientTargetPlatform (85)
[2019.09.18-15.52.39:676][439]LogModuleManager: Shutting down and abandoning module AllDesktopTargetPlatform (83)
[2019.09.18-15.52.39:676][439]LogModuleManager: Shutting down and abandoning module InputCore (80)
[2019.09.18-15.52.39:676][439]LogModuleManager: Shutting down and abandoning module Settings (78)
[2019.09.18-15.52.39:676][439]LogModuleManager: Shutting down and abandoning module DirectoryWatcher (76)
[2019.09.18-15.52.39:676][439]LogModuleManager: Shutting down and abandoning module PhysXCooking (74)
[2019.09.18-15.52.39:676][439]LogModuleManager: Shutting down and abandoning module SteamVR (72)
[2019.09.18-15.52.39:676][439]LogHMD: Freeing OpenVRDLLHandle.
[2019.09.18-15.52.39:676][439]LogModuleManager: Shutting down and abandoning module OculusHMD (70)
[2019.09.18-15.52.39:676][439]LogModuleManager: Shutting down and abandoning module ExampleDeviceProfileSelector (68)
[2019.09.18-15.52.39:676][439]LogModuleManager: Shutting down and abandoning module LauncherChunkInstaller (66)
[2019.09.18-15.52.39:676][439]LogModuleManager: Shutting down and abandoning module OnlineBlueprintSupport (64)
[2019.09.18-15.52.39:676][439]LogModuleManager: Shutting down and abandoning module OnlineSubsystem (60)
[2019.09.18-15.52.39:677][439]LogModuleManager: Shutting down and abandoning module XMPP (55)
[2019.09.18-15.52.39:677][439]LogModuleManager: Shutting down and abandoning module WebSockets (54)
[2019.09.18-15.52.39:701][439]LogModuleManager: Shutting down and abandoning module HTTP (51)
[2019.09.18-15.52.39:701][439]LogHttp: Display: Http module shutting down, but needs to wait on 1 outstanding Http requests:
[2019.09.18-15.52.39:701][439]LogHttp: Display: 	verb=[POST] url=[https://datarouter.ol.epicgames.com/datarouter/api/v1/public/data?SessionID=%7BD6365081-4C35-C521-0272-F8BEBAC24CD6%7D&AppID=UEEditor.Rocket.Release&AppVersion=4.22.3-7053642%2B%2B%2BUE4%2BRelease-4.22&UserID=b50e38d8432219c4d9669ba91c0820d4%7Ce67724c06ae34bcab9b8bfae92f27281%7C5e3db215-fdc9-4445-9d8e-8c888db0e12e&AppEnvironment=datacollector-binary&UploadType=eteventstream] status=Processing
[2019.09.18-15.52.39:707][439]LogModuleManager: Shutting down and abandoning module SSL (50)
[2019.09.18-15.52.39:708][439]LogModuleManager: Shutting down and abandoning module WmfMedia (46)
[2019.09.18-15.52.39:710][439]LogModuleManager: Shutting down and abandoning module Media (45)
[2019.09.18-15.52.39:716][439]LogModuleManager: Shutting down and abandoning module MagicLeap (42)
[2019.09.18-15.52.39:716][439]LogModuleManager: Shutting down and abandoning module DatasmithContent (40)
[2019.09.18-15.52.39:716][439]LogModuleManager: Shutting down and abandoning module AnimationModifiers (38)
[2019.09.18-15.52.39:716][439]LogModuleManager: Shutting down and abandoning module PropertyEditor (37)
[2019.09.18-15.52.39:716][439]LogModuleManager: Shutting down and abandoning module AudioEditor (34)
[2019.09.18-15.52.39:717][439]LogModuleManager: Shutting down and abandoning module TextureCompressor (32)
[2019.09.18-15.52.39:717][439]LogModuleManager: Shutting down and abandoning module RenderCore (30)
[2019.09.18-15.52.39:717][439]LogModuleManager: Shutting down and abandoning module Landscape (28)
[2019.09.18-15.52.39:717][439]LogModuleManager: Shutting down and abandoning module SlateRHIRenderer (26)
[2019.09.18-15.52.39:717][439]LogModuleManager: Shutting down and abandoning module OpenGLDrv (24)
[2019.09.18-15.52.39:717][439]LogModuleManager: Shutting down and abandoning module D3D11RHI (22)
[2019.09.18-15.52.39:717][439]LogModuleManager: Shutting down and abandoning module AnimGraphRuntime (20)
[2019.09.18-15.52.39:717][439]LogModuleManager: Shutting down and abandoning module Renderer (18)
[2019.09.18-15.52.39:717][439]LogModuleManager: Shutting down and abandoning module Engine (16)
[2019.09.18-15.52.39:717][439]LogModuleManager: Shutting down and abandoning module CoreUObject (14)
[2019.09.18-15.52.39:717][439]LogModuleManager: Shutting down and abandoning module NetworkFile (12)
[2019.09.18-15.52.39:717][439]LogModuleManager: Shutting down and abandoning module CookedIterativeFile (10)
[2019.09.18-15.52.39:717][439]LogModuleManager: Shutting down and abandoning module StreamingFile (8)
[2019.09.18-15.52.39:717][439]LogModuleManager: Shutting down and abandoning module SandboxFile (6)
[2019.09.18-15.52.39:717][439]LogModuleManager: Shutting down and abandoning module PakFile (4)
[2019.09.18-15.52.39:717][439]LogModuleManager: Shutting down and abandoning module RSA (3)
[2019.09.18-15.52.39:726][439]LogExit: Exiting.
[2019.09.18-15.52.39:739][439]Log file closed, 09/18/19 10:52:39
