Log file open, 10/02/19 11:01:43
LogWindows: Failed to load 'aqProf.dll' (GetLastError=126)
LogWindows: File 'aqProf.dll' does not exist
LogWindows: Failed to load 'VtuneApi.dll' (GetLastError=126)
LogWindows: File 'VtuneApi.dll' does not exist
LogWindows: Failed to load 'VtuneApi32e.dll' (GetLastError=126)
LogWindows: File 'VtuneApi32e.dll' does not exist
LogConsoleResponse: Display: Failed to find resolution value strings in scalability ini. Falling back to default.
LogInit: Display: Running engine for game: Project_GunzBlazing
LogPakFile: Registered encryption key '00000000000000000000000000000000': 0 pak files mounted, 0 remain pending
LogPlatformFile: Not using cached read wrapper
LogTaskGraph: Started task graph with 5 named threads and 35 total threads with 3 sets of task threads.
LogStats: Stats thread started at 0.386921
LogD3D11RHI: Loaded GFSDK_Aftermath_Lib.x64.dll
LogICUInternationalization: ICU TimeZone Detection - Raw Offset: -6:00, Platform Override: ''
LogPluginManager: Mounting plugin Paper2D
LogPluginManager: Mounting plugin AISupport
LogPluginManager: Mounting plugin LightPropagationVolume
LogPluginManager: Mounting plugin ActorLayerUtilities
LogPluginManager: Mounting plugin AnimationSharing
LogPluginManager: Mounting plugin CLionSourceCodeAccess
LogPluginManager: Mounting plugin CodeLiteSourceCodeAccess
LogPluginManager: Mounting plugin GitSourceControl
LogPluginManager: Mounting plugin KDevelopSourceCodeAccess
LogPluginManager: Mounting plugin NullSourceCodeAccess
LogPluginManager: Mounting plugin PerforceSourceControl
LogPluginManager: Mounting plugin SubversionSourceControl
LogPluginManager: Mounting plugin UObjectPlugin
LogPluginManager: Mounting plugin VisualStudioCodeSourceCodeAccess
LogPluginManager: Mounting plugin VisualStudioSourceCodeAccess
LogPluginManager: Mounting plugin XCodeSourceCodeAccess
LogPluginManager: Mounting plugin AssetManagerEditor
LogPluginManager: Mounting plugin CryptoKeys
LogPluginManager: Mounting plugin DataValidation
LogPluginManager: Mounting plugin EditorScriptingUtilities
LogPluginManager: Mounting plugin FacialAnimation
LogPluginManager: Mounting plugin GameplayTagsEditor
LogPluginManager: Mounting plugin GLTFImporter
LogPluginManager: Mounting plugin MacGraphicsSwitching
LogPluginManager: Mounting plugin MaterialAnalyzer
LogPluginManager: Mounting plugin MeshEditor
LogPluginManager: Mounting plugin MobileLauncherProfileWizard
LogPluginManager: Mounting plugin PluginBrowser
LogPluginManager: Mounting plugin SpeedTreeImporter
LogPluginManager: Mounting plugin DatasmithContent
LogPluginManager: Mounting plugin VariantManagerContent
LogPluginManager: Mounting plugin AlembicImporter
LogPluginManager: Mounting plugin AppleImageUtils
LogPluginManager: Mounting plugin AppleVision
LogPluginManager: Mounting plugin BackChannel
LogPluginManager: Mounting plugin BlastPlugin
LogPluginManager: Mounting plugin ChaosSolverPlugin
LogPluginManager: Mounting plugin CharacterAI
LogPluginManager: Mounting plugin GeometryCache
LogPluginManager: Mounting plugin GeometryCollectionPlugin
LogPluginManager: Mounting plugin HTML5Networking
LogPluginManager: Mounting plugin ProxyLODPlugin
LogPluginManager: Mounting plugin SkeletalReduction
LogPluginManager: Mounting plugin MagicLeap
LogPluginManager: Mounting plugin MagicLeapMedia
LogPluginManager: Mounting plugin AndroidMedia
LogPluginManager: Mounting plugin AvfMedia
LogPluginManager: Mounting plugin ImgMedia
LogPluginManager: Mounting plugin LinearTimecode
LogPluginManager: Mounting plugin MediaCompositing
LogPluginManager: Mounting plugin MediaPlayerEditor
LogPluginManager: Mounting plugin WebMMedia
LogPluginManager: Mounting plugin WmfMedia
LogPluginManager: Mounting plugin TcpMessaging
LogPluginManager: Mounting plugin UdpMessaging
LogPluginManager: Mounting plugin ActorSequence
LogPluginManager: Mounting plugin LevelSequenceEditor
LogPluginManager: Mounting plugin MatineeToLevelSequence
LogPluginManager: Mounting plugin NetcodeUnitTest
LogPluginManager: Mounting plugin NUTUnrealEngine4
LogPluginManager: Mounting plugin OnlineSubsystemGooglePlay
LogPluginManager: Mounting plugin OnlineSubsystemIOS
LogPluginManager: Mounting plugin OnlineSubsystem
LogPluginManager: Mounting plugin OnlineSubsystemNull
LogPluginManager: Mounting plugin OnlineSubsystemUtils
LogPluginManager: Mounting plugin LauncherChunkInstaller
LogPluginManager: Mounting plugin AndroidDeviceProfileSelector
LogPluginManager: Mounting plugin AndroidMoviePlayer
LogPluginManager: Mounting plugin AndroidPermission
LogPluginManager: Mounting plugin AppleMoviePlayer
LogPluginManager: Mounting plugin ArchVisCharacter
LogPluginManager: Mounting plugin AudioCapture
LogPluginManager: Mounting plugin CableComponent
LogPluginManager: Mounting plugin CustomMeshComponent
LogPluginManager: Mounting plugin EditableMesh
LogPluginManager: Mounting plugin ExampleDeviceProfileSelector
LogPluginManager: Mounting plugin Firebase
LogPluginManager: Mounting plugin GoogleCloudMessaging
LogPluginManager: Mounting plugin IOSDeviceProfileSelector
LogPluginManager: Mounting plugin LinuxDeviceProfileSelector
LogPluginManager: Mounting plugin LocationServicesBPLibrary
LogPluginManager: Mounting plugin MobilePatchingUtils
LogPluginManager: Mounting plugin OculusVR
LogPluginManager: Mounting plugin PhysXVehicles
LogPluginManager: Mounting plugin ProceduralMeshComponent
LogPluginManager: Mounting plugin RuntimePhysXCooking
LogPluginManager: Mounting plugin SignificanceManager
LogPluginManager: Mounting plugin SteamVR
LogPluginManager: Mounting plugin WebMMoviePlayer
LogPluginManager: Mounting plugin WindowsMoviePlayer
LogPluginManager: Mounting plugin DatasmithCADImporter
LogPluginManager: Mounting plugin DatasmithDataPrepEditor
LogPluginManager: Mounting plugin DatasmithFBXImporter
LogPluginManager: Mounting plugin DatasmithGLTFImporter
LogPluginManager: Mounting plugin DatasmithImporter
LogPluginManager: Mounting plugin MDLImporter
LogPluginManager: Mounting plugin StaticMeshEditorExtension
LogPluginManager: Mounting plugin VariantManager
LogInit: Using libcurl 7.55.1-DEV
LogInit:  - built for x86_64-pc-win32
LogInit:  - supports SSL with OpenSSL/1.1.1
LogInit:  - supports HTTP deflate (compression) using libz 1.2.8
LogInit:  - other features:
LogInit:      CURL_VERSION_SSL
LogInit:      CURL_VERSION_LIBZ
LogInit:      CURL_VERSION_IPV6
LogInit:      CURL_VERSION_ASYNCHDNS
LogInit:      CURL_VERSION_LARGEFILE
LogInit:      CURL_VERSION_IDN
LogInit:  CurlRequestOptions (configurable via config and command line):
LogInit:  - bVerifyPeer = true  - Libcurl will verify peer certificate
LogInit:  - bUseHttpProxy = false  - Libcurl will NOT use HTTP proxy
LogInit:  - bDontReuseConnections = false  - Libcurl will reuse connections
LogInit:  - MaxHostConnections = 16  - Libcurl will limit the number of connections to a host
LogInit:  - LocalHostAddr = Default
LogInit:  - BufferSize = 65536
LogInit: WinSock: version 1.1 (2.2), MaxSocks=32767, MaxUdp=65467
LogInit: Build: ++UE4+Release-4.22-CL-7053642
LogInit: Engine Version: 4.22.3-7053642+++UE4+Release-4.22
LogInit: Compatible Engine Version: 4.22.0-5660361+++UE4+Release-4.22
LogInit: Net CL: 5660361
LogInit: OS: Windows 10 (Release 1809) (), CPU: Intel(R) Core(TM) i7-8700K CPU @ 3.70GHz, GPU: Intel(R) UHD Graphics 630
LogInit: Compiled (64-bit): Jun 18 2019 03:09:11
LogInit: Compiled with Visual C++: 19.16.27025.01
LogInit: Build Configuration: Development
LogInit: Branch Name: ++UE4+Release-4.22
LogInit: Command Line: 
LogInit: Base Directory: C:/Program Files/Epic Games/UE_4.22/Engine/Binaries/Win64/
LogInit: Installed Engine Build: 1
LogDevObjectVersion: Number of dev versions registered: 23
LogDevObjectVersion:   Dev-Blueprints (B0D832E4-1F89-4F0D-ACCF-7EB736FD4AA2): 10
LogDevObjectVersion:   Dev-Build (E1C64328-A22C-4D53-A36C-8E866417BD8C): 0
LogDevObjectVersion:   Dev-Core (375EC13C-06E4-48FB-B500-84F0262A717E): 3
LogDevObjectVersion:   Dev-Editor (E4B068ED-F494-42E9-A231-DA0B2E46BB41): 30
LogDevObjectVersion:   Dev-Framework (CFFC743F-43B0-4480-9391-14DF171D2073): 35
LogDevObjectVersion:   Dev-Mobile (B02B49B5-BB20-44E9-A304-32B752E40360): 2
LogDevObjectVersion:   Dev-Networking (A4E4105C-59A1-49B5-A7C5-40C4547EDFEE): 0
LogDevObjectVersion:   Dev-Online (39C831C9-5AE6-47DC-9A44-9C173E1C8E7C): 0
LogDevObjectVersion:   Dev-Physics (78F01B33-EBEA-4F98-B9B4-84EACCB95AA2): 0
LogDevObjectVersion:   Dev-Platform (6631380F-2D4D-43E0-8009-CF276956A95A): 0
LogDevObjectVersion:   Dev-Rendering (12F88B9F-8875-4AFC-A67C-D90C383ABD29): 28
LogDevObjectVersion:   Dev-Sequencer (7B5AE74C-D270-4C10-A958-57980B212A5A): 11
LogDevObjectVersion:   Dev-VR (D7296918-1DD6-4BDD-9DE2-64A83CC13884): 2
LogDevObjectVersion:   Dev-LoadTimes (C2A15278-BFE7-4AFE-6C17-90FF531DF755): 1
LogDevObjectVersion:   Private-Geometry (6EACA3D4-40EC-4CC1-B786-8BED09428FC5): 3
LogDevObjectVersion:   Dev-AnimPhys (29E575DD-E0A3-4627-9D10-D276232CDCEA): 17
LogDevObjectVersion:   Dev-Anim (AF43A65D-7FD3-4947-9873-3E8ED9C1BB05): 2
LogDevObjectVersion:   Dev-ReflectionCapture (6B266CEC-1EC7-4B8F-A30B-E4D90942FC07): 1
LogDevObjectVersion:   Dev-Automation (0DF73D61-A23F-47EA-B727-89E90C41499A): 1
LogDevObjectVersion:   FortniteMain (601D1886-AC64-4F84-AA16-D3DE0DEAC7D6): 25
LogDevObjectVersion:   Dev-Enterprise (9DFFBCD6-494F-0158-E221-12823C92A888): 6
LogDevObjectVersion:   Dev-Niagara (F2AED0AC-9AFE-416F-8664-AA7FFA26D6FC): 1
LogDevObjectVersion:   Dev-Destruction (174F1F0B-B4C6-45A5-B13F-2EE8D0FB917D): 2
LogInit: Presizing for max 16777216 objects, including 0 objects not considered by GC, pre-allocating 0 bytes for permanent pool.
LogInit: Object subsystem initialized
LogConfig: Setting CVar [[con.DebugEarlyDefault:1]]
LogConfig: Setting CVar [[r.setres:1280x720]]
[2019.10.02-16.01.43:357][  0]LogConfig: Setting CVar [[r.VSync:0]]
[2019.10.02-16.01.43:357][  0]LogConfig: Setting CVar [[r.RHICmdBypass:0]]
[2019.10.02-16.01.43:357][  0]LogConfig: Applying CVar settings from Section [/Script/Engine.RendererSettings] File [D:/Edson/Guns Blazzing/Project_GunzBlazing/Saved/Config/Windows/Engine.ini]
[2019.10.02-16.01.43:357][  0]LogConfig: Setting CVar [[r.GPUCrashDebugging:0]]
[2019.10.02-16.01.43:357][  0]LogConfig: Applying CVar settings from Section [/Script/Engine.RendererOverrideSettings] File [D:/Edson/Guns Blazzing/Project_GunzBlazing/Saved/Config/Windows/Engine.ini]
[2019.10.02-16.01.43:357][  0]LogConfig: Applying CVar settings from Section [/Script/Engine.StreamingSettings] File [D:/Edson/Guns Blazzing/Project_GunzBlazing/Saved/Config/Windows/Engine.ini]
[2019.10.02-16.01.43:357][  0]LogConfig: Setting CVar [[s.MinBulkDataSizeForAsyncLoading:131072]]
[2019.10.02-16.01.43:357][  0]LogConfig: Setting CVar [[s.AsyncLoadingThreadEnabled:0]]
[2019.10.02-16.01.43:357][  0]LogConfig: Setting CVar [[s.EventDrivenLoaderEnabled:1]]
[2019.10.02-16.01.43:357][  0]LogConfig: Setting CVar [[s.WarnIfTimeLimitExceeded:0]]
[2019.10.02-16.01.43:357][  0]LogConfig: Setting CVar [[s.TimeLimitExceededMultiplier:1.5]]
[2019.10.02-16.01.43:357][  0]LogConfig: Setting CVar [[s.TimeLimitExceededMinTime:0.005]]
[2019.10.02-16.01.43:357][  0]LogConfig: Setting CVar [[s.UseBackgroundLevelStreaming:1]]
[2019.10.02-16.01.43:357][  0]LogConfig: Setting CVar [[s.PriorityAsyncLoadingExtraTime:15.0]]
[2019.10.02-16.01.43:357][  0]LogConfig: Setting CVar [[s.LevelStreamingActorsUpdateTimeLimit:5.0]]
[2019.10.02-16.01.43:357][  0]LogConfig: Setting CVar [[s.PriorityLevelStreamingActorsUpdateExtraTime:5.0]]
[2019.10.02-16.01.43:357][  0]LogConfig: Setting CVar [[s.LevelStreamingComponentsRegistrationGranularity:10]]
[2019.10.02-16.01.43:357][  0]LogConfig: Setting CVar [[s.UnregisterComponentsTimeLimit:1.0]]
[2019.10.02-16.01.43:357][  0]LogConfig: Setting CVar [[s.LevelStreamingComponentsUnregistrationGranularity:5]]
[2019.10.02-16.01.43:357][  0]LogConfig: Applying CVar settings from Section [/Script/Engine.GarbageCollectionSettings] File [D:/Edson/Guns Blazzing/Project_GunzBlazing/Saved/Config/Windows/Engine.ini]
[2019.10.02-16.01.43:357][  0]LogConfig: Setting CVar [[gc.MaxObjectsNotConsideredByGC:1]]
[2019.10.02-16.01.43:357][  0]LogConfig: Setting CVar [[gc.SizeOfPermanentObjectPool:0]]
[2019.10.02-16.01.43:357][  0]LogConfig: Setting CVar [[gc.FlushStreamingOnGC:0]]
[2019.10.02-16.01.43:357][  0]LogConfig: Setting CVar [[gc.NumRetriesBeforeForcingGC:10]]
[2019.10.02-16.01.43:357][  0]LogConfig: Setting CVar [[gc.AllowParallelGC:1]]
[2019.10.02-16.01.43:357][  0]LogConfig: Setting CVar [[gc.TimeBetweenPurgingPendingKillObjects:61.1]]
[2019.10.02-16.01.43:357][  0]LogConfig: Setting CVar [[gc.MaxObjectsInEditor:16777216]]
[2019.10.02-16.01.43:357][  0]LogConfig: Setting CVar [[gc.IncrementalBeginDestroyEnabled:1]]
[2019.10.02-16.01.43:357][  0]LogConfig: Setting CVar [[gc.CreateGCClusters:1]]
[2019.10.02-16.01.43:357][  0]LogConfig: Setting CVar [[gc.MinGCClusterSize:5]]
[2019.10.02-16.01.43:358][  0]LogConfig: Setting CVar [[gc.ActorClusteringEnabled:0]]
[2019.10.02-16.01.43:358][  0]LogConfig: Setting CVar [[gc.BlueprintClusteringEnabled:0]]
[2019.10.02-16.01.43:358][  0]LogConfig: Setting CVar [[gc.UseDisregardForGCOnDedicatedServers:0]]
[2019.10.02-16.01.43:358][  0]LogConfig: Applying CVar settings from Section [/Script/Engine.NetworkSettings] File [D:/Edson/Guns Blazzing/Project_GunzBlazing/Saved/Config/Windows/Engine.ini]
[2019.10.02-16.01.43:358][  0]LogConfig: Applying CVar settings from Section [/Script/UnrealEd.CookerSettings] File [D:/Edson/Guns Blazzing/Project_GunzBlazing/Saved/Config/Windows/Engine.ini]
[2019.10.02-16.01.43:359][  0]LogConfig: Applying CVar settings from Section [ViewDistanceQuality@3] File [D:/Edson/Guns Blazzing/Project_GunzBlazing/Saved/Config/Windows/Scalability.ini]
[2019.10.02-16.01.43:359][  0]LogConfig: Setting CVar [[r.SkeletalMeshLODBias:0]]
[2019.10.02-16.01.43:359][  0]LogConfig: Setting CVar [[r.ViewDistanceScale:1.0]]
[2019.10.02-16.01.43:359][  0]LogConfig: Applying CVar settings from Section [AntiAliasingQuality@3] File [D:/Edson/Guns Blazzing/Project_GunzBlazing/Saved/Config/Windows/Scalability.ini]
[2019.10.02-16.01.43:359][  0]LogConfig: Setting CVar [[r.PostProcessAAQuality:4]]
[2019.10.02-16.01.43:359][  0]LogConfig: Applying CVar settings from Section [ShadowQuality@3] File [D:/Edson/Guns Blazzing/Project_GunzBlazing/Saved/Config/Windows/Scalability.ini]
[2019.10.02-16.01.43:359][  0]LogConfig: Setting CVar [[r.LightFunctionQuality:1]]
[2019.10.02-16.01.43:359][  0]LogConfig: Setting CVar [[r.ShadowQuality:5]]
[2019.10.02-16.01.43:359][  0]LogConfig: Setting CVar [[r.Shadow.CSM.MaxCascades:10]]
[2019.10.02-16.01.43:359][  0]LogConfig: Setting CVar [[r.Shadow.MaxResolution:2048]]
[2019.10.02-16.01.43:359][  0]LogConfig: Setting CVar [[r.Shadow.MaxCSMResolution:2048]]
[2019.10.02-16.01.43:359][  0]LogConfig: Setting CVar [[r.Shadow.RadiusThreshold:0.01]]
[2019.10.02-16.01.43:359][  0]LogConfig: Setting CVar [[r.Shadow.DistanceScale:1.0]]
[2019.10.02-16.01.43:359][  0]LogConfig: Setting CVar [[r.Shadow.CSM.TransitionScale:1.0]]
[2019.10.02-16.01.43:359][  0]LogConfig: Setting CVar [[r.Shadow.PreShadowResolutionFactor:1.0]]
[2019.10.02-16.01.43:359][  0]LogConfig: Setting CVar [[r.DistanceFieldShadowing:1]]
[2019.10.02-16.01.43:359][  0]LogConfig: Setting CVar [[r.DistanceFieldAO:1]]
[2019.10.02-16.01.43:359][  0]LogConfig: Setting CVar [[r.AOQuality:2]]
[2019.10.02-16.01.43:359][  0]LogConfig: Setting CVar [[r.VolumetricFog:1]]
[2019.10.02-16.01.43:359][  0]LogConfig: Setting CVar [[r.VolumetricFog.GridPixelSize:8]]
[2019.10.02-16.01.43:359][  0]LogConfig: Setting CVar [[r.VolumetricFog.GridSizeZ:128]]
[2019.10.02-16.01.43:359][  0]LogConfig: Setting CVar [[r.VolumetricFog.HistoryMissSupersampleCount:4]]
[2019.10.02-16.01.43:359][  0]LogConfig: Setting CVar [[r.LightMaxDrawDistanceScale:1]]
[2019.10.02-16.01.43:359][  0]LogConfig: Setting CVar [[r.CapsuleShadows:1]]
[2019.10.02-16.01.43:359][  0]LogConfig: Applying CVar settings from Section [PostProcessQuality@3] File [D:/Edson/Guns Blazzing/Project_GunzBlazing/Saved/Config/Windows/Scalability.ini]
[2019.10.02-16.01.43:359][  0]LogConfig: Setting CVar [[r.MotionBlurQuality:4]]
[2019.10.02-16.01.43:359][  0]LogConfig: Setting CVar [[r.AmbientOcclusionMipLevelFactor:0.4]]
[2019.10.02-16.01.43:359][  0]LogConfig: Setting CVar [[r.AmbientOcclusionMaxQuality:100]]
[2019.10.02-16.01.43:359][  0]LogConfig: Setting CVar [[r.AmbientOcclusionLevels:-1]]
[2019.10.02-16.01.43:359][  0]LogConfig: Setting CVar [[r.AmbientOcclusionRadiusScale:1.0]]
[2019.10.02-16.01.43:359][  0]LogConfig: Setting CVar [[r.DepthOfFieldQuality:2]]
[2019.10.02-16.01.43:359][  0]LogConfig: Setting CVar [[r.RenderTargetPoolMin:400]]
[2019.10.02-16.01.43:359][  0]LogConfig: Setting CVar [[r.LensFlareQuality:2]]
[2019.10.02-16.01.43:359][  0]LogConfig: Setting CVar [[r.SceneColorFringeQuality:1]]
[2019.10.02-16.01.43:359][  0]LogConfig: Setting CVar [[r.EyeAdaptationQuality:2]]
[2019.10.02-16.01.43:359][  0]LogConfig: Setting CVar [[r.BloomQuality:5]]
[2019.10.02-16.01.43:359][  0]LogConfig: Setting CVar [[r.FastBlurThreshold:100]]
[2019.10.02-16.01.43:359][  0]LogConfig: Setting CVar [[r.Upscale.Quality:3]]
[2019.10.02-16.01.43:359][  0]LogConfig: Setting CVar [[r.Tonemapper.GrainQuantization:1]]
[2019.10.02-16.01.43:359][  0]LogConfig: Setting CVar [[r.LightShaftQuality:1]]
[2019.10.02-16.01.43:359][  0]LogConfig: Setting CVar [[r.Filter.SizeScale:1]]
[2019.10.02-16.01.43:360][  0]LogConfig: Setting CVar [[r.Tonemapper.Quality:5]]
[2019.10.02-16.01.43:360][  0]LogConfig: Setting CVar [[r.DOF.Gather.AccumulatorQuality:1        ; higher gathering accumulator quality]]
[2019.10.02-16.01.43:360][  0]LogConfig: Setting CVar [[r.DOF.Gather.PostfilterMethod:1          ; Median3x3 postfilering method]]
[2019.10.02-16.01.43:360][  0]LogConfig: Setting CVar [[r.DOF.Gather.EnableBokehSettings:0       ; no bokeh simulation when gathering]]
[2019.10.02-16.01.43:360][  0]LogConfig: Setting CVar [[r.DOF.Gather.RingCount:4                 ; medium number of samples when gathering]]
[2019.10.02-16.01.43:360][  0]LogConfig: Setting CVar [[r.DOF.Scatter.ForegroundCompositing:1    ; additive foreground scattering]]
[2019.10.02-16.01.43:360][  0]LogConfig: Setting CVar [[r.DOF.Scatter.BackgroundCompositing:2    ; additive background scattering]]
[2019.10.02-16.01.43:360][  0]LogConfig: Setting CVar [[r.DOF.Scatter.EnableBokehSettings:1      ; bokeh simulation when scattering]]
[2019.10.02-16.01.43:360][  0]LogConfig: Setting CVar [[r.DOF.Scatter.MaxSpriteRatio:0.1         ; only a maximum of 10% of scattered bokeh]]
[2019.10.02-16.01.43:360][  0]LogConfig: Setting CVar [[r.DOF.Recombine.Quality:1                ; cheap slight out of focus]]
[2019.10.02-16.01.43:360][  0]LogConfig: Setting CVar [[r.DOF.Recombine.EnableBokehSettings:0    ; no bokeh simulation on slight out of focus]]
[2019.10.02-16.01.43:360][  0]LogConfig: Setting CVar [[r.DOF.TemporalAAQuality:1                ; more stable temporal accumulation]]
[2019.10.02-16.01.43:360][  0]LogConfig: Setting CVar [[r.DOF.Kernel.MaxForegroundRadius:0.025]]
[2019.10.02-16.01.43:360][  0]LogConfig: Setting CVar [[r.DOF.Kernel.MaxBackgroundRadius:0.025]]
[2019.10.02-16.01.43:360][  0]LogConfig: Applying CVar settings from Section [TextureQuality@3] File [D:/Edson/Guns Blazzing/Project_GunzBlazing/Saved/Config/Windows/Scalability.ini]
[2019.10.02-16.01.43:360][  0]LogConfig: Setting CVar [[r.Streaming.MipBias:0]]
[2019.10.02-16.01.43:360][  0]LogConfig: Setting CVar [[r.Streaming.AmortizeCPUToGPUCopy:0]]
[2019.10.02-16.01.43:360][  0]LogConfig: Setting CVar [[r.Streaming.MaxNumTexturesToStreamPerFrame:0]]
[2019.10.02-16.01.43:360][  0]LogConfig: Setting CVar [[r.Streaming.Boost:1]]
[2019.10.02-16.01.43:360][  0]LogConfig: Setting CVar [[r.MaxAnisotropy:8]]
[2019.10.02-16.01.43:360][  0]LogConfig: Setting CVar [[r.Streaming.LimitPoolSizeToVRAM:0]]
[2019.10.02-16.01.43:360][  0]LogConfig: Setting CVar [[r.Streaming.PoolSize:1000]]
[2019.10.02-16.01.43:360][  0]LogConfig: Setting CVar [[r.Streaming.MaxEffectiveScreenSize:0]]
[2019.10.02-16.01.43:360][  0]LogConfig: Applying CVar settings from Section [EffectsQuality@3] File [D:/Edson/Guns Blazzing/Project_GunzBlazing/Saved/Config/Windows/Scalability.ini]
[2019.10.02-16.01.43:360][  0]LogConfig: Setting CVar [[r.TranslucencyLightingVolumeDim:64]]
[2019.10.02-16.01.43:360][  0]LogConfig: Setting CVar [[r.RefractionQuality:2]]
[2019.10.02-16.01.43:360][  0]LogConfig: Setting CVar [[r.SSR.Quality:3]]
[2019.10.02-16.01.43:360][  0]LogConfig: Setting CVar [[r.SceneColorFormat:4]]
[2019.10.02-16.01.43:360][  0]LogConfig: Setting CVar [[r.DetailMode:2]]
[2019.10.02-16.01.43:360][  0]LogConfig: Setting CVar [[r.TranslucencyVolumeBlur:1]]
[2019.10.02-16.01.43:360][  0]LogConfig: Setting CVar [[r.MaterialQualityLevel:1 ; High quality]]
[2019.10.02-16.01.43:360][  0]LogConfig: Setting CVar [[r.SSS.Scale:1]]
[2019.10.02-16.01.43:360][  0]LogConfig: Setting CVar [[r.SSS.SampleSet:2]]
[2019.10.02-16.01.43:360][  0]LogConfig: Setting CVar [[r.SSS.Quality:1]]
[2019.10.02-16.01.43:360][  0]LogConfig: Setting CVar [[r.SSS.HalfRes:1]]
[2019.10.02-16.01.43:360][  0]LogConfig: Setting CVar [[r.EmitterSpawnRateScale:1.0]]
[2019.10.02-16.01.43:360][  0]LogConfig: Setting CVar [[r.ParticleLightQuality:2]]
[2019.10.02-16.01.43:360][  0]LogConfig: Applying CVar settings from Section [FoliageQuality@3] File [D:/Edson/Guns Blazzing/Project_GunzBlazing/Saved/Config/Windows/Scalability.ini]
[2019.10.02-16.01.43:360][  0]LogConfig: Setting CVar [[foliage.DensityScale:1.0]]
[2019.10.02-16.01.43:360][  0]LogConfig: Setting CVar [[grass.DensityScale:1.0]]
[2019.10.02-16.01.43:360][  0]LogInit: Selected Device Profile: [Windows]
[2019.10.02-16.01.43:360][  0]LogInit: Applying CVar settings loaded from the selected device profile: [Windows]
[2019.10.02-16.01.43:369][  0]LogHAL: Display: Platform has ~ 32 GB [34187210752 / 34359738368 / 32], which maps to Largest [LargestMinGB=32, LargerMinGB=12, DefaultMinGB=8, SmallerMinGB=6, SmallestMinGB=0)
[2019.10.02-16.01.43:369][  0]LogConfig: Setting CVar [[r.Vulkan.UseRealUBs:0		; Required until we fix HLR fall-out]]
[2019.10.02-16.01.43:369][  0]LogInit: Going up to parent DeviceProfile []
[2019.10.02-16.01.43:369][  0]LogConfig: Applying CVar settings from Section [ViewDistanceQuality@3] File [D:/Edson/Guns Blazzing/Project_GunzBlazing/Saved/Config/Windows/Scalability.ini]
[2019.10.02-16.01.43:369][  0]LogConfig: Setting CVar [[r.SkeletalMeshLODBias:0]]
[2019.10.02-16.01.43:369][  0]LogConfig: Setting CVar [[r.ViewDistanceScale:1.0]]
[2019.10.02-16.01.43:369][  0]LogConfig: Applying CVar settings from Section [AntiAliasingQuality@3] File [D:/Edson/Guns Blazzing/Project_GunzBlazing/Saved/Config/Windows/Scalability.ini]
[2019.10.02-16.01.43:369][  0]LogConfig: Setting CVar [[r.PostProcessAAQuality:4]]
[2019.10.02-16.01.43:369][  0]LogConfig: Applying CVar settings from Section [ShadowQuality@3] File [D:/Edson/Guns Blazzing/Project_GunzBlazing/Saved/Config/Windows/Scalability.ini]
[2019.10.02-16.01.43:369][  0]LogConfig: Setting CVar [[r.LightFunctionQuality:1]]
[2019.10.02-16.01.43:369][  0]LogConfig: Setting CVar [[r.ShadowQuality:5]]
[2019.10.02-16.01.43:369][  0]LogConfig: Setting CVar [[r.Shadow.CSM.MaxCascades:10]]
[2019.10.02-16.01.43:369][  0]LogConfig: Setting CVar [[r.Shadow.MaxResolution:2048]]
[2019.10.02-16.01.43:369][  0]LogConfig: Setting CVar [[r.Shadow.MaxCSMResolution:2048]]
[2019.10.02-16.01.43:369][  0]LogConfig: Setting CVar [[r.Shadow.RadiusThreshold:0.01]]
[2019.10.02-16.01.43:369][  0]LogConfig: Setting CVar [[r.Shadow.DistanceScale:1.0]]
[2019.10.02-16.01.43:369][  0]LogConfig: Setting CVar [[r.Shadow.CSM.TransitionScale:1.0]]
[2019.10.02-16.01.43:369][  0]LogConfig: Setting CVar [[r.Shadow.PreShadowResolutionFactor:1.0]]
[2019.10.02-16.01.43:369][  0]LogConfig: Setting CVar [[r.DistanceFieldShadowing:1]]
[2019.10.02-16.01.43:369][  0]LogConfig: Setting CVar [[r.DistanceFieldAO:1]]
[2019.10.02-16.01.43:369][  0]LogConfig: Setting CVar [[r.AOQuality:2]]
[2019.10.02-16.01.43:369][  0]LogConfig: Setting CVar [[r.VolumetricFog:1]]
[2019.10.02-16.01.43:369][  0]LogConfig: Setting CVar [[r.VolumetricFog.GridPixelSize:8]]
[2019.10.02-16.01.43:369][  0]LogConfig: Setting CVar [[r.VolumetricFog.GridSizeZ:128]]
[2019.10.02-16.01.43:369][  0]LogConfig: Setting CVar [[r.VolumetricFog.HistoryMissSupersampleCount:4]]
[2019.10.02-16.01.43:369][  0]LogConfig: Setting CVar [[r.LightMaxDrawDistanceScale:1]]
[2019.10.02-16.01.43:369][  0]LogConfig: Setting CVar [[r.CapsuleShadows:1]]
[2019.10.02-16.01.43:369][  0]LogConfig: Applying CVar settings from Section [PostProcessQuality@3] File [D:/Edson/Guns Blazzing/Project_GunzBlazing/Saved/Config/Windows/Scalability.ini]
[2019.10.02-16.01.43:369][  0]LogConfig: Setting CVar [[r.MotionBlurQuality:4]]
[2019.10.02-16.01.43:369][  0]LogConfig: Setting CVar [[r.AmbientOcclusionMipLevelFactor:0.4]]
[2019.10.02-16.01.43:369][  0]LogConfig: Setting CVar [[r.AmbientOcclusionMaxQuality:100]]
[2019.10.02-16.01.43:369][  0]LogConfig: Setting CVar [[r.AmbientOcclusionLevels:-1]]
[2019.10.02-16.01.43:369][  0]LogConfig: Setting CVar [[r.AmbientOcclusionRadiusScale:1.0]]
[2019.10.02-16.01.43:369][  0]LogConfig: Setting CVar [[r.DepthOfFieldQuality:2]]
[2019.10.02-16.01.43:369][  0]LogConfig: Setting CVar [[r.RenderTargetPoolMin:400]]
[2019.10.02-16.01.43:369][  0]LogConfig: Setting CVar [[r.LensFlareQuality:2]]
[2019.10.02-16.01.43:369][  0]LogConfig: Setting CVar [[r.SceneColorFringeQuality:1]]
[2019.10.02-16.01.43:369][  0]LogConfig: Setting CVar [[r.EyeAdaptationQuality:2]]
[2019.10.02-16.01.43:369][  0]LogConfig: Setting CVar [[r.BloomQuality:5]]
[2019.10.02-16.01.43:369][  0]LogConfig: Setting CVar [[r.FastBlurThreshold:100]]
[2019.10.02-16.01.43:369][  0]LogConfig: Setting CVar [[r.Upscale.Quality:3]]
[2019.10.02-16.01.43:369][  0]LogConfig: Setting CVar [[r.Tonemapper.GrainQuantization:1]]
[2019.10.02-16.01.43:369][  0]LogConfig: Setting CVar [[r.LightShaftQuality:1]]
[2019.10.02-16.01.43:369][  0]LogConfig: Setting CVar [[r.Filter.SizeScale:1]]
[2019.10.02-16.01.43:369][  0]LogConfig: Setting CVar [[r.Tonemapper.Quality:5]]
[2019.10.02-16.01.43:369][  0]LogConfig: Setting CVar [[r.DOF.Gather.AccumulatorQuality:1        ; higher gathering accumulator quality]]
[2019.10.02-16.01.43:369][  0]LogConfig: Setting CVar [[r.DOF.Gather.PostfilterMethod:1          ; Median3x3 postfilering method]]
[2019.10.02-16.01.43:369][  0]LogConfig: Setting CVar [[r.DOF.Gather.EnableBokehSettings:0       ; no bokeh simulation when gathering]]
[2019.10.02-16.01.43:369][  0]LogConfig: Setting CVar [[r.DOF.Gather.RingCount:4                 ; medium number of samples when gathering]]
[2019.10.02-16.01.43:369][  0]LogConfig: Setting CVar [[r.DOF.Scatter.ForegroundCompositing:1    ; additive foreground scattering]]
[2019.10.02-16.01.43:369][  0]LogConfig: Setting CVar [[r.DOF.Scatter.BackgroundCompositing:2    ; additive background scattering]]
[2019.10.02-16.01.43:369][  0]LogConfig: Setting CVar [[r.DOF.Scatter.EnableBokehSettings:1      ; bokeh simulation when scattering]]
[2019.10.02-16.01.43:369][  0]LogConfig: Setting CVar [[r.DOF.Scatter.MaxSpriteRatio:0.1         ; only a maximum of 10% of scattered bokeh]]
[2019.10.02-16.01.43:369][  0]LogConfig: Setting CVar [[r.DOF.Recombine.Quality:1                ; cheap slight out of focus]]
[2019.10.02-16.01.43:369][  0]LogConfig: Setting CVar [[r.DOF.Recombine.EnableBokehSettings:0    ; no bokeh simulation on slight out of focus]]
[2019.10.02-16.01.43:369][  0]LogConfig: Setting CVar [[r.DOF.TemporalAAQuality:1                ; more stable temporal accumulation]]
[2019.10.02-16.01.43:369][  0]LogConfig: Setting CVar [[r.DOF.Kernel.MaxForegroundRadius:0.025]]
[2019.10.02-16.01.43:369][  0]LogConfig: Setting CVar [[r.DOF.Kernel.MaxBackgroundRadius:0.025]]
[2019.10.02-16.01.43:369][  0]LogConfig: Applying CVar settings from Section [TextureQuality@3] File [D:/Edson/Guns Blazzing/Project_GunzBlazing/Saved/Config/Windows/Scalability.ini]
[2019.10.02-16.01.43:369][  0]LogConfig: Setting CVar [[r.Streaming.MipBias:0]]
[2019.10.02-16.01.43:369][  0]LogConfig: Setting CVar [[r.Streaming.AmortizeCPUToGPUCopy:0]]
[2019.10.02-16.01.43:369][  0]LogConfig: Setting CVar [[r.Streaming.MaxNumTexturesToStreamPerFrame:0]]
[2019.10.02-16.01.43:369][  0]LogConfig: Setting CVar [[r.Streaming.Boost:1]]
[2019.10.02-16.01.43:369][  0]LogConfig: Setting CVar [[r.MaxAnisotropy:8]]
[2019.10.02-16.01.43:369][  0]LogConfig: Setting CVar [[r.Streaming.LimitPoolSizeToVRAM:0]]
[2019.10.02-16.01.43:369][  0]LogConfig: Setting CVar [[r.Streaming.PoolSize:1000]]
[2019.10.02-16.01.43:369][  0]LogConfig: Setting CVar [[r.Streaming.MaxEffectiveScreenSize:0]]
[2019.10.02-16.01.43:369][  0]LogConfig: Applying CVar settings from Section [EffectsQuality@3] File [D:/Edson/Guns Blazzing/Project_GunzBlazing/Saved/Config/Windows/Scalability.ini]
[2019.10.02-16.01.43:369][  0]LogConfig: Setting CVar [[r.TranslucencyLightingVolumeDim:64]]
[2019.10.02-16.01.43:369][  0]LogConfig: Setting CVar [[r.RefractionQuality:2]]
[2019.10.02-16.01.43:370][  0]LogConfig: Setting CVar [[r.SSR.Quality:3]]
[2019.10.02-16.01.43:370][  0]LogConfig: Setting CVar [[r.SceneColorFormat:4]]
[2019.10.02-16.01.43:370][  0]LogConfig: Setting CVar [[r.DetailMode:2]]
[2019.10.02-16.01.43:370][  0]LogConfig: Setting CVar [[r.TranslucencyVolumeBlur:1]]
[2019.10.02-16.01.43:370][  0]LogConfig: Setting CVar [[r.MaterialQualityLevel:1 ; High quality]]
[2019.10.02-16.01.43:370][  0]LogConfig: Setting CVar [[r.SSS.Scale:1]]
[2019.10.02-16.01.43:370][  0]LogConfig: Setting CVar [[r.SSS.SampleSet:2]]
[2019.10.02-16.01.43:370][  0]LogConfig: Setting CVar [[r.SSS.Quality:1]]
[2019.10.02-16.01.43:370][  0]LogConfig: Setting CVar [[r.SSS.HalfRes:1]]
[2019.10.02-16.01.43:370][  0]LogConfig: Setting CVar [[r.EmitterSpawnRateScale:1.0]]
[2019.10.02-16.01.43:370][  0]LogConfig: Setting CVar [[r.ParticleLightQuality:2]]
[2019.10.02-16.01.43:370][  0]LogConfig: Applying CVar settings from Section [FoliageQuality@3] File [D:/Edson/Guns Blazzing/Project_GunzBlazing/Saved/Config/Windows/Scalability.ini]
[2019.10.02-16.01.43:370][  0]LogConfig: Setting CVar [[foliage.DensityScale:1.0]]
[2019.10.02-16.01.43:370][  0]LogConfig: Setting CVar [[grass.DensityScale:1.0]]
[2019.10.02-16.01.43:370][  0]LogConfig: Applying CVar settings from Section [Startup] File [../../../Engine/Config/ConsoleVariables.ini]
[2019.10.02-16.01.43:370][  0]LogConfig: Setting CVar [[net.UseAdaptiveNetUpdateFrequency:0]]
[2019.10.02-16.01.43:370][  0]LogConfig: Setting CVar [[p.chaos.AllowCreatePhysxBodies:1]]
[2019.10.02-16.01.43:370][  0]LogConfig: Applying CVar settings from Section [ConsoleVariables] File [D:/Edson/Guns Blazzing/Project_GunzBlazing/Saved/Config/Windows/Engine.ini]
[2019.10.02-16.01.43:370][  0]LogInit: Computer: 28-D224
[2019.10.02-16.01.43:370][  0]LogInit: User: 28D224
[2019.10.02-16.01.43:370][  0]LogInit: CPU Page size=4096, Cores=6
[2019.10.02-16.01.43:370][  0]LogInit: High frequency timer resolution =10.000000 MHz
[2019.10.02-16.01.43:370][  0]LogMemory: Memory total: Physical=31.8GB (32GB approx)
[2019.10.02-16.01.43:370][  0]LogMemory: Platform Memory Stats for Windows
[2019.10.02-16.01.43:370][  0]LogMemory: Process Physical Memory: 98.23 MB used, 98.23 MB peak
[2019.10.02-16.01.43:370][  0]LogMemory: Process Virtual Memory: 89.80 MB used, 89.80 MB peak
[2019.10.02-16.01.43:370][  0]LogMemory: Physical Memory: 4973.90 MB used,  27629.57 MB free, 32603.46 MB total
[2019.10.02-16.01.43:370][  0]LogMemory: Virtual Memory: 4674.63 MB used,  134213056.00 MB free, 134217728.00 MB total
[2019.10.02-16.01.43:380][  0]LogInit: Using OS detected language (en-US).
[2019.10.02-16.01.43:380][  0]LogInit: Using OS detected locale (en-US).
[2019.10.02-16.01.43:381][  0]LogTextLocalizationManager: No specific localization for 'en-US' exists, so the 'en' localization will be used.
[2019.10.02-16.01.43:507][  0]LogInit: Setting process to per monitor DPI aware
[2019.10.02-16.01.43:532][  0]LogSlate: New Slate User Created.  User Index 0, Is Virtual User: 0
[2019.10.02-16.01.43:532][  0]LogSlate: Slate User Registered.  User Index 0, Is Virtual User: 0
[2019.10.02-16.01.43:645][  0]LogHMD: Failed to initialize OpenVR with code 110
[2019.10.02-16.01.43:645][  0]LogD3D11RHI: D3D11 adapters:
[2019.10.02-16.01.43:662][  0]LogD3D11RHI:    0. 'Intel(R) UHD Graphics 630' (Feature Level 11_0)
[2019.10.02-16.01.43:662][  0]LogD3D11RHI:       128/0/16301 MB DedicatedVideo/DedicatedSystem/SharedSystem, Outputs:1, VendorId:0x8086
[2019.10.02-16.01.43:664][  0]LogD3D11RHI:    1. 'Microsoft Basic Render Driver' (Feature Level 11_0)
[2019.10.02-16.01.43:664][  0]LogD3D11RHI:       0/0/16301 MB DedicatedVideo/DedicatedSystem/SharedSystem, Outputs:0, VendorId:0x1414
[2019.10.02-16.01.43:664][  0]LogD3D11RHI: Chosen D3D11 Adapter: 0
[2019.10.02-16.01.43:667][  0]LogD3D11RHI: Creating new Direct3DDevice
[2019.10.02-16.01.43:667][  0]LogD3D11RHI:     GPU DeviceId: 0x3e92 (for the marketing name, search the web for "GPU Device Id")
[2019.10.02-16.01.43:667][  0]LogWindows: EnumDisplayDevices:
[2019.10.02-16.01.43:667][  0]LogWindows:    0. 'Intel(R) UHD Graphics 630' (P:1 D:1)
[2019.10.02-16.01.43:667][  0]LogWindows:    1. 'Intel(R) UHD Graphics 630' (P:0 D:0)
[2019.10.02-16.01.43:668][  0]LogWindows:    2. 'Intel(R) UHD Graphics 630' (P:0 D:0)
[2019.10.02-16.01.43:668][  0]LogWindows: DebugString: FoundDriverCount:3 
[2019.10.02-16.01.43:668][  0]LogD3D11RHI:     Adapter Name: Intel(R) UHD Graphics 630
[2019.10.02-16.01.43:668][  0]LogD3D11RHI:   Driver Version: 25.20.100.6471 (internal:25.20.100.6471, unified:25.20.100.6471)
[2019.10.02-16.01.43:668][  0]LogD3D11RHI:      Driver Date: 12-10-2018
[2019.10.02-16.01.43:668][  0]LogRHI: Texture pool is 1523 MB (70% of 2176 MB)
[2019.10.02-16.01.43:682][  0]LogD3D11RHI: Async texture creation enabled
[2019.10.02-16.01.43:684][  0]LogRendererCore: FGlobalReadBuffer::InitRHI
[2019.10.02-16.01.43:684][  0]LogRendererCore: FGlobalReadBuffer::InitRHI
[2019.10.02-16.01.43:684][  0]LogRendererCore: FGlobalReadBuffer::InitRHI
[2019.10.02-16.01.43:686][  0]LogD3D11RHI: GPU Timing Frequency: 12.000048 (Debug: 2 0)
[2019.10.02-16.01.43:883][  0]LogTemp: Display: Module 'AllDesktopTargetPlatform' loaded TargetPlatform 'AllDesktop'
[2019.10.02-16.01.43:893][  0]LogTemp: Display: Module 'MacClientTargetPlatform' loaded TargetPlatform 'MacClient'
[2019.10.02-16.01.43:903][  0]LogTemp: Display: Module 'MacNoEditorTargetPlatform' loaded TargetPlatform 'MacNoEditor'
[2019.10.02-16.01.43:913][  0]LogTemp: Display: Module 'MacServerTargetPlatform' loaded TargetPlatform 'MacServer'
[2019.10.02-16.01.43:924][  0]LogTemp: Display: Module 'MacTargetPlatform' loaded TargetPlatform 'Mac'
[2019.10.02-16.01.43:934][  0]LogTemp: Display: Module 'WindowsClientTargetPlatform' loaded TargetPlatform 'WindowsClient'
[2019.10.02-16.01.43:945][  0]LogTemp: Display: Module 'WindowsNoEditorTargetPlatform' loaded TargetPlatform 'WindowsNoEditor'
[2019.10.02-16.01.43:957][  0]LogTemp: Display: Module 'WindowsServerTargetPlatform' loaded TargetPlatform 'WindowsServer'
[2019.10.02-16.01.43:964][  0]LogTemp: Display: Module 'WindowsTargetPlatform' loaded TargetPlatform 'Windows'
[2019.10.02-16.01.44:032][  0]LogTemp: Display: Module 'AndroidTargetPlatform' loaded TargetPlatform 'Android'
[2019.10.02-16.01.44:032][  0]LogTemp: Display: Module 'AndroidTargetPlatform' loaded TargetPlatform 'Android_ASTC'
[2019.10.02-16.01.44:032][  0]LogTemp: Display: Module 'AndroidTargetPlatform' loaded TargetPlatform 'Android_ATC'
[2019.10.02-16.01.44:032][  0]LogTemp: Display: Module 'AndroidTargetPlatform' loaded TargetPlatform 'Android_DXT'
[2019.10.02-16.01.44:032][  0]LogTemp: Display: Module 'AndroidTargetPlatform' loaded TargetPlatform 'Android_ETC1'
[2019.10.02-16.01.44:032][  0]LogTemp: Display: Module 'AndroidTargetPlatform' loaded TargetPlatform 'Android_ETC1a'
[2019.10.02-16.01.44:032][  0]LogTemp: Display: Module 'AndroidTargetPlatform' loaded TargetPlatform 'Android_ETC2'
[2019.10.02-16.01.44:032][  0]LogTemp: Display: Module 'AndroidTargetPlatform' loaded TargetPlatform 'Android_PVRTC'
[2019.10.02-16.01.44:032][  0]LogTemp: Display: Module 'AndroidTargetPlatform' loaded TargetPlatform 'AndroidClient'
[2019.10.02-16.01.44:032][  0]LogTemp: Display: Module 'AndroidTargetPlatform' loaded TargetPlatform 'Android_ASTCClient'
[2019.10.02-16.01.44:032][  0]LogTemp: Display: Module 'AndroidTargetPlatform' loaded TargetPlatform 'Android_ATCClient'
[2019.10.02-16.01.44:032][  0]LogTemp: Display: Module 'AndroidTargetPlatform' loaded TargetPlatform 'Android_DXTClient'
[2019.10.02-16.01.44:032][  0]LogTemp: Display: Module 'AndroidTargetPlatform' loaded TargetPlatform 'Android_ETC1Client'
[2019.10.02-16.01.44:032][  0]LogTemp: Display: Module 'AndroidTargetPlatform' loaded TargetPlatform 'Android_ETC1aClient'
[2019.10.02-16.01.44:032][  0]LogTemp: Display: Module 'AndroidTargetPlatform' loaded TargetPlatform 'Android_ETC2Client'
[2019.10.02-16.01.44:032][  0]LogTemp: Display: Module 'AndroidTargetPlatform' loaded TargetPlatform 'Android_PVRTCClient'
[2019.10.02-16.01.44:032][  0]LogTemp: Display: Module 'AndroidTargetPlatform' loaded TargetPlatform 'Android_Multi'
[2019.10.02-16.01.44:032][  0]LogTemp: Display: Module 'AndroidTargetPlatform' loaded TargetPlatform 'Android_MultiClient'
[2019.10.02-16.01.44:034][  0]LogTemp: Display: Module 'HTML5TargetPlatform' loaded TargetPlatform 'HTML5'
[2019.10.02-16.01.44:075][  0]LogTemp: Display: Module 'IOSTargetPlatform' loaded TargetPlatform 'IOSClient'
[2019.10.02-16.01.44:075][  0]LogTemp: Display: Module 'IOSTargetPlatform' loaded TargetPlatform 'IOS'
[2019.10.02-16.01.44:093][  0]LogTemp: Display: Module 'TVOSTargetPlatform' loaded TargetPlatform 'TVOSClient'
[2019.10.02-16.01.44:093][  0]LogTemp: Display: Module 'TVOSTargetPlatform' loaded TargetPlatform 'TVOS'
[2019.10.02-16.01.44:102][  0]LogTemp: Display: Module 'LinuxClientTargetPlatform' loaded TargetPlatform 'LinuxClient'
[2019.10.02-16.01.44:110][  0]LogTemp: Display: Module 'LinuxNoEditorTargetPlatform' loaded TargetPlatform 'LinuxNoEditor'
[2019.10.02-16.01.44:119][  0]LogTemp: Display: Module 'LinuxServerTargetPlatform' loaded TargetPlatform 'LinuxServer'
[2019.10.02-16.01.44:129][  0]LogTemp: Display: Module 'LinuxTargetPlatform' loaded TargetPlatform 'Linux'
[2019.10.02-16.01.44:160][  0]LogTemp: Display: Module 'LuminTargetPlatform' loaded TargetPlatform 'Lumin'
[2019.10.02-16.01.44:160][  0]LogTemp: Display: Module 'LuminTargetPlatform' loaded TargetPlatform 'LuminClient'
[2019.10.02-16.01.44:160][  0]LogTargetPlatformManager: Display: Building Assets For Windows
[2019.10.02-16.01.44:167][  0]LogAudioDebug: Display: Lib vorbis DLL was dynamically loaded.
[2019.10.02-16.01.44:200][  0]LogShaderCompilers: Guid format shader working directory is 6 characters bigger than the processId version (D:/Edson/Guns Blazzing/Project_GunzBlazing/Intermediate/Shaders/WorkingDirectory/4576/).
[2019.10.02-16.01.44:200][  0]LogShaderCompilers: Cleaned the shader compiler working directory 'C:/Users/28.D224/AppData/Local/Temp/UnrealShaderWorkingDir/974B712046EEA8DA1355A4951FF432C2/'.
[2019.10.02-16.01.44:202][  0]LogXGEController: Cannot use XGE Controller as Incredibuild is not installed on this machine.
[2019.10.02-16.01.44:202][  0]LogShaderCompilers: Cannot use XGE Shader Compiler as Incredibuild is not installed on this machine.
[2019.10.02-16.01.44:202][  0]LogShaderCompilers: Display: Using Local Shader Compiler.
[2019.10.02-16.01.44:619][  0]LogDerivedDataCache: Display: Max Cache Size: 512 MB
[2019.10.02-16.01.44:655][  0]LogDerivedDataCache: Loaded boot cache 0.04s 72MB C:/Users/28.D224/AppData/Local/UnrealEngine/4.22/DerivedDataCache/Boot.ddc.
[2019.10.02-16.01.44:655][  0]LogDerivedDataCache: Display: Loaded Boot cache: C:/Users/28.D224/AppData/Local/UnrealEngine/4.22/DerivedDataCache/Boot.ddc
[2019.10.02-16.01.44:656][  0]LogDerivedDataCache: FDerivedDataBackendGraph:  Pak pak cache file D:/Edson/Guns Blazzing/Project_GunzBlazing/DerivedDataCache/DDC.ddp not found, will not use a pak cache.
[2019.10.02-16.01.44:656][  0]LogDerivedDataCache: Unable to find inner node Pak for hierarchical cache Hierarchy.
[2019.10.02-16.01.44:656][  0]LogDerivedDataCache: FDerivedDataBackendGraph:  CompressedPak pak cache file D:/Edson/Guns Blazzing/Project_GunzBlazing/DerivedDataCache/Compressed.ddp not found, will not use a pak cache.
[2019.10.02-16.01.44:656][  0]LogDerivedDataCache: Unable to find inner node CompressedPak for hierarchical cache Hierarchy.
[2019.10.02-16.01.44:665][  0]LogDerivedDataCache: Display: Pak cache opened for reading ../../../Engine/DerivedDataCache/Compressed.ddp.
[2019.10.02-16.01.44:667][  0]LogDerivedDataCache: Display: Pak cache opened for reading ../../../Enterprise/DerivedDataCache/Compressed.ddp.
[2019.10.02-16.01.44:679][  0]LogDerivedDataCache: Using Local data cache path C:/Users/28.D224/AppData/Local/UnrealEngine/Common/DerivedDataCache: Writable
[2019.10.02-16.01.44:679][  0]LogDerivedDataCache: Shared data cache path not found in *engine.ini, will not use an Shared cache.
[2019.10.02-16.01.44:679][  0]LogDerivedDataCache: Unable to find inner node Shared for hierarchical cache Hierarchy.
[2019.10.02-16.01.44:695][  0]LogMaterial: Verifying Global Shaders for PCD3D_SM5
[2019.10.02-16.01.44:696][  0]LogSlate: Using FreeType 2.6.0
[2019.10.02-16.01.44:696][  0]LogSlate: SlateFontServices - WITH_FREETYPE: 1, WITH_HARFBUZZ: 1
[2019.10.02-16.01.44:763][  0]LogAssetRegistry: FAssetRegistry took 0.0300 seconds to start up
[2019.10.02-16.01.44:989][  0]LogInit: Selected Device Profile: [Windows]
[2019.10.02-16.01.45:088][  0]LogMeshReduction: Using QuadricMeshReduction for automatic static mesh reduction
[2019.10.02-16.01.45:088][  0]LogMeshReduction: Using SimplygonMeshReduction for automatic skeletal mesh reduction
[2019.10.02-16.01.45:088][  0]LogMeshReduction: Using ProxyLODMeshReduction for automatic mesh merging
[2019.10.02-16.01.45:088][  0]LogMeshReduction: No distributed automatic mesh merging module available
[2019.10.02-16.01.45:088][  0]LogMeshMerging: No distributed automatic mesh merging module available
[2019.10.02-16.01.45:096][  0]LogNetVersion: Project_GunzBlazing 1.0.0, NetCL: 5660361, EngineNetVer: 10, GameNetVer: 0 (Checksum: 392623841)
[2019.10.02-16.01.45:390][  0]LogPackageLocalizationCache: Processed 16 localized package path(s) for 1 prioritized culture(s) in 0.040642 seconds
[2019.10.02-16.01.45:396][  0]LogUObjectArray: 42205 objects as part of root set at end of initial load.
[2019.10.02-16.01.45:396][  0]LogUObjectAllocator: 7325032 out of 0 bytes used by permanent object pool.
[2019.10.02-16.01.45:396][  0]LogUObjectArray: CloseDisregardForGC: 0/0 objects in disregard for GC pool
[2019.10.02-16.01.45:985][  0]LogTcpMessaging: Initializing TcpMessaging bridge
[2019.10.02-16.01.45:999][  0]LogUdpMessaging: Initializing bridge on interface 0.0.0.0:0 to multicast group 230.0.0.1:6666.
[2019.10.02-16.01.46:113][  0]SourceControl: Source control is disabled
[2019.10.02-16.01.46:114][  0]SourceControl: Source control is disabled
[2019.10.02-16.01.46:114][  0]SourceControl: Source control is disabled
[2019.10.02-16.01.46:115][  0]SourceControl: Source control is disabled
[2019.10.02-16.01.46:187][  0]LogAndroidPermission: UAndroidPermissionCallbackProxy::GetInstance
[2019.10.02-16.01.46:232][  0]LogOcInput: OculusInput pre-init called
[2019.10.02-16.01.47:712][  0]LogWindows: Failed to load 'libalias_api.dll' (GetLastError=126)
[2019.10.02-16.01.47:712][  0]LogWindows: File 'libalias_api.dll' does not exist
[2019.10.02-16.01.47:713][  0]LogWindows: Failed to load 'libalias_api.dll' (GetLastError=126)
[2019.10.02-16.01.47:713][  0]LogWindows: File 'libalias_api.dll' does not exist
[2019.10.02-16.01.47:833][  0]LogEngine: Initializing Engine...
[2019.10.02-16.01.47:834][  0]LogHMD: Failed to initialize OpenVR with code 110
[2019.10.02-16.01.47:835][  0]LogStats: UGameplayTagsManager::InitializeManager -  0.000 s
[2019.10.02-16.01.47:985][  0]LogInit: Initializing FReadOnlyCVARCache
[2019.10.02-16.01.47:997][  0]LogAIModule: Creating AISystem for world Untitled
[2019.10.02-16.01.48:005][  0]LogInit: XAudio2 using 'Dell S2716DG (Intel(R) Display Audio)' : 2 channels at 48 kHz using 16 bits per sample (channel mask 0x3)
[2019.10.02-16.01.48:021][  0]LogInit: FAudioDevice initialized.
[2019.10.02-16.01.48:021][  0]LogNetVersion: Set ProjectVersion to 1.0.0.0. Version Checksum will be recalculated on next use.
[2019.10.02-16.01.48:105][  0]LogDerivedDataCache: Saved boot cache 0.08s 72MB C:/Users/28.D224/AppData/Local/UnrealEngine/4.22/DerivedDataCache/Boot.ddc.
[2019.10.02-16.01.48:116][  0]LogInit: Texture streaming: Enabled
[2019.10.02-16.01.48:127][  0]LogEngineSessionManager: EngineSessionManager initialized
[2019.10.02-16.01.48:141][  0]LogInit: Transaction tracking system initialized
[2019.10.02-16.01.48:157][  0]BlueprintLog: New page: Editor Load
[2019.10.02-16.01.48:212][  0]LocalizationService: Localization service is disabled
[2019.10.02-16.01.48:446][  0]LogFileCache: Scanning file cache for directory 'D:/Edson/Guns Blazzing/Project_GunzBlazing/Content/' took 0.02s
[2019.10.02-16.01.48:446][  0]LogCook: Display: Max memory allowance for cook 16384mb min free memory 0mb
[2019.10.02-16.01.48:446][  0]LogCook: Display: Mobile HDR setting 1
[2019.10.02-16.01.49:361][  0]SourceControl: Source control is disabled
[2019.10.02-16.01.49:361][  0]Cmd: MAP LOAD FILE="D:/Edson/Guns Blazzing/Project_GunzBlazing/Content/ThirdPersonBP/Maps/ThirdPersonExampleMap.umap" TEMPLATE=0 SHOWPROGRESS=1 FEATURELEVEL=3
[2019.10.02-16.01.49:362][  0]LightingResults: New page: Lighting Build
[2019.10.02-16.01.49:363][  0]MapCheck: New page: Map Check
[2019.10.02-16.01.49:363][  0]LightingResults: New page: Lighting Build
[2019.10.02-16.01.49:388][  0]LogUObjectHash: Compacting FUObjectHashTables data took   1.38ms
[2019.10.02-16.01.49:391][  0]LogLinker: Warning: Can't find file '/Game/Characters/Assassin/Anims/ABPMelee'
[2019.10.02-16.01.49:391][  0]LogLinker: Warning: Can't find file for asset '/Game/Characters/Assassin/Anims/ABPMelee' while loading NULL.
[2019.10.02-16.01.49:391][  0]LogLinker: Warning: Can't find file '/Game/Characters/Assassin/Anims/ABPMelee'
[2019.10.02-16.01.49:391][  0]LogLinker: Warning: Can't find file for asset '/Game/Characters/Assassin/Anims/ABPMelee' while loading NULL.
[2019.10.02-16.01.49:391][  0]LogLinker: Warning: Can't find file '/Game/Characters/Assassin/BPs/melee'
[2019.10.02-16.01.49:392][  0]LogLinker: Warning: Can't find file for asset '/Game/Characters/Assassin/BPs/melee' while loading NULL.
[2019.10.02-16.01.49:392][  0]LogLinker: Warning: Can't find file '/Game/Characters/Assassin/BPs/melee'
[2019.10.02-16.01.49:392][  0]LogLinker: Warning: Can't find file for asset '/Game/Characters/Assassin/BPs/melee' while loading NULL.
[2019.10.02-16.01.49:393][  0]LogLinker: Warning: Can't find file '/Game/Characters/Assassin/Anims/ABPMelee'
[2019.10.02-16.01.49:393][  0]LogLinker: Warning: Can't find file for asset '/Game/Characters/Assassin/Anims/ABPMelee' while loading NULL.
[2019.10.02-16.01.49:393][  0]LogLinker: Warning: Can't find file '/Game/Characters/Assassin/Anims/ABPMelee'
[2019.10.02-16.01.49:393][  0]LogLinker: Warning: Can't find file for asset '/Game/Characters/Assassin/Anims/ABPMelee' while loading NULL.
[2019.10.02-16.01.49:393][  0]LogLinker: Warning: Can't find file '/Game/Characters/Assassin/BPs/melee'
[2019.10.02-16.01.49:393][  0]LogLinker: Warning: Can't find file for asset '/Game/Characters/Assassin/BPs/melee' while loading NULL.
[2019.10.02-16.01.49:393][  0]LogLinker: Warning: Can't find file '/Game/Characters/Assassin/BPs/melee'
[2019.10.02-16.01.49:393][  0]LogLinker: Warning: Can't find file for asset '/Game/Characters/Assassin/BPs/melee' while loading NULL.
[2019.10.02-16.01.49:393][  0]LogLinker: Warning: Can't find file '/Game/Characters/Assassin/Anims/ABPMelee'
[2019.10.02-16.01.49:393][  0]LoadErrors: Failed to load /Game/Characters/Assassin/Anims/ABPMelee.ABPMelee_C Referenced by CharacterMesh0
[2019.10.02-16.01.49:393][  0]LogLinker: Warning: Can't find file for asset '/Game/Characters/Assassin/Anims/ABPMelee' while loading NULL.
[2019.10.02-16.01.49:393][  0]LogLinker: Warning: Can't find file '/Game/Characters/Assassin/BPs/melee'
[2019.10.02-16.01.49:394][  0]LoadErrors: Failed to load /Game/Characters/Assassin/BPs/melee.melee Referenced by CharacterMesh0
[2019.10.02-16.01.49:394][  0]LogLinker: Warning: Can't find file for asset '/Game/Characters/Assassin/BPs/melee' while loading NULL.
[2019.10.02-16.01.49:435][  0]LogAIModule: Creating AISystem for world ThirdPersonExampleMap
[2019.10.02-16.01.49:438][  0]LogEditorServer: Finished looking for orphan Actors (0.000 secs)
[2019.10.02-16.01.49:465][  0]LogUObjectHash: Compacting FUObjectHashTables data took   1.62ms
[2019.10.02-16.01.49:465][  0]Cmd: MAP CHECKDEP NOCLEARLOG
[2019.10.02-16.01.49:465][  0]MapCheck: Map check complete: 0 Error(s), 0 Warning(s), took 0.07ms to complete.
[2019.10.02-16.01.49:465][  0]LogFileHelpers: Loading map 'ThirdPersonExampleMap' took 0.103
[2019.10.02-16.01.49:556][  0]LogSlate: Updating window title bar state: overlay mode, drag disabled, window buttons hidden, title bar hidden
[2019.10.02-16.01.49:561][  0]LogSlate: Updating window title bar state: overlay mode, drag disabled, window buttons hidden, title bar hidden
[2019.10.02-16.01.49:566][  0]LogSlate: Updating window title bar state: overlay mode, drag disabled, window buttons hidden, title bar hidden
[2019.10.02-16.01.49:571][  0]LogSlate: Updating window title bar state: overlay mode, drag disabled, window buttons hidden, title bar hidden
[2019.10.02-16.01.49:575][  0]LogCollectionManager: Loaded 0 collections in 0.001150 seconds
[2019.10.02-16.01.49:589][  0]LogFileCache: Scanning file cache for directory 'D:/Edson/Guns Blazzing/Project_GunzBlazing/Saved/Collections/' took 0.01s
[2019.10.02-16.01.49:589][  0]LogFileCache: Scanning file cache for directory 'D:/Edson/Guns Blazzing/Project_GunzBlazing/Content/Developers/28D224/Collections/' took 0.00s
[2019.10.02-16.01.49:589][  0]LogFileCache: Scanning file cache for directory 'D:/Edson/Guns Blazzing/Project_GunzBlazing/Content/Collections/' took 0.00s
[2019.10.02-16.01.49:589][  0]LogCollectionManager: Rebuilt the GUID cache for 0 collections in 0.000000 seconds
[2019.10.02-16.01.49:596][  0]LogContentBrowser: Native class hierarchy populated in 0.0066 seconds. Added 2864 classes and 726 folders.
[2019.10.02-16.01.49:600][  0]LogContentBrowser: Native class hierarchy updated for 'WidgetCarousel' in 0.0002 seconds. Added 0 classes and 0 folders.
[2019.10.02-16.01.49:601][  0]LogPakFile: Registered encryption key '00000000000000000000000000000000': 0 pak files mounted, 0 remain pending
[2019.10.02-16.01.49:602][  0]LogPakFile: Registered encryption key '00000000000000000000000000000000': 0 pak files mounted, 0 remain pending
[2019.10.02-16.01.49:602][  0]LogPakFile: Registered encryption key '00000000000000000000000000000000': 0 pak files mounted, 0 remain pending
[2019.10.02-16.01.49:602][  0]LogPakFile: Registered encryption key '00000000000000000000000000000000': 0 pak files mounted, 0 remain pending
[2019.10.02-16.01.49:602][  0]LogPakFile: Registered encryption key '00000000000000000000000000000000': 0 pak files mounted, 0 remain pending
[2019.10.02-16.01.49:603][  0]LogPakFile: Registered encryption key '00000000000000000000000000000000': 0 pak files mounted, 0 remain pending
[2019.10.02-16.01.49:603][  0]LogPakFile: Registered encryption key '00000000000000000000000000000000': 0 pak files mounted, 0 remain pending
[2019.10.02-16.01.49:603][  0]LogPakFile: Registered encryption key '00000000000000000000000000000000': 0 pak files mounted, 0 remain pending
[2019.10.02-16.01.49:604][  0]LogPakFile: Registered encryption key '00000000000000000000000000000000': 0 pak files mounted, 0 remain pending
[2019.10.02-16.01.49:604][  0]LogPakFile: Registered encryption key '00000000000000000000000000000000': 0 pak files mounted, 0 remain pending
[2019.10.02-16.01.49:604][  0]LogPakFile: Registered encryption key '00000000000000000000000000000000': 0 pak files mounted, 0 remain pending
[2019.10.02-16.01.49:604][  0]LogPakFile: Registered encryption key '00000000000000000000000000000000': 0 pak files mounted, 0 remain pending
[2019.10.02-16.01.49:605][  0]LogPakFile: Registered encryption key '00000000000000000000000000000000': 0 pak files mounted, 0 remain pending
[2019.10.02-16.01.49:605][  0]LogPakFile: Registered encryption key '00000000000000000000000000000000': 0 pak files mounted, 0 remain pending
[2019.10.02-16.01.49:605][  0]LogPakFile: Registered encryption key '00000000000000000000000000000000': 0 pak files mounted, 0 remain pending
[2019.10.02-16.01.49:606][  0]LogPakFile: Registered encryption key '00000000000000000000000000000000': 0 pak files mounted, 0 remain pending
[2019.10.02-16.01.49:606][  0]LogPakFile: Registered encryption key '00000000000000000000000000000000': 0 pak files mounted, 0 remain pending
[2019.10.02-16.01.49:606][  0]LogPakFile: Registered encryption key '00000000000000000000000000000000': 0 pak files mounted, 0 remain pending
[2019.10.02-16.01.49:606][  0]LogPakFile: Registered encryption key '00000000000000000000000000000000': 0 pak files mounted, 0 remain pending
[2019.10.02-16.01.49:607][  0]LogPakFile: Registered encryption key '00000000000000000000000000000000': 0 pak files mounted, 0 remain pending
[2019.10.02-16.01.49:607][  0]LogPakFile: Registered encryption key '00000000000000000000000000000000': 0 pak files mounted, 0 remain pending
[2019.10.02-16.01.49:607][  0]LogPakFile: Registered encryption key '00000000000000000000000000000000': 0 pak files mounted, 0 remain pending
[2019.10.02-16.01.49:608][  0]LogPakFile: Registered encryption key '00000000000000000000000000000000': 0 pak files mounted, 0 remain pending
[2019.10.02-16.01.49:608][  0]LogPakFile: Registered encryption key '00000000000000000000000000000000': 0 pak files mounted, 0 remain pending
[2019.10.02-16.01.49:608][  0]LogPakFile: Registered encryption key '00000000000000000000000000000000': 0 pak files mounted, 0 remain pending
[2019.10.02-16.01.49:608][  0]LogPakFile: Registered encryption key '00000000000000000000000000000000': 0 pak files mounted, 0 remain pending
[2019.10.02-16.01.49:609][  0]LogPakFile: Registered encryption key '00000000000000000000000000000000': 0 pak files mounted, 0 remain pending
[2019.10.02-16.01.49:609][  0]LogPakFile: Registered encryption key '00000000000000000000000000000000': 0 pak files mounted, 0 remain pending
[2019.10.02-16.01.49:629][  0]LogContentBrowser: Native class hierarchy updated for 'AddContentDialog' in 0.0002 seconds. Added 0 classes and 0 folders.
[2019.10.02-16.01.49:631][  0]LogContentBrowser: Native class hierarchy updated for 'SceneOutliner' in 0.0002 seconds. Added 1 classes and 0 folders.
[2019.10.02-16.01.49:641][  0]LogSlate: Took 0.000177 seconds to synchronously load lazily loaded font '../../../Engine/Content/Slate/Fonts/Roboto-Regular.ttf' (155K)
[2019.10.02-16.01.49:642][  0]LogSlate: Took 0.000079 seconds to synchronously load lazily loaded font '../../../Engine/Content/Slate/Fonts/Roboto-Bold.ttf' (160K)
[2019.10.02-16.01.49:647][  0]LogSlate: Took 0.000127 seconds to synchronously load lazily loaded font '../../../Engine/Content/Editor/Slate/Fonts/FontAwesome.ttf' (139K)
[2019.10.02-16.01.49:696][  0]LogRenderer: Reallocating scene render targets to support 1616x808 Format 10 NumSamples 1 (Frame:1).
[2019.10.02-16.01.49:803][  0]LogSlate: FSceneViewport::OnFocusLost() reason 2
[2019.10.02-16.01.49:811][  0]LogSlate: Window 'Tutorials' being destroyed
[2019.10.02-16.01.49:849][  0]LogContentBrowser: Native class hierarchy updated for 'HierarchicalLODOutliner' in 0.0008 seconds. Added 0 classes and 0 folders.
[2019.10.02-16.01.49:849][  0]LogLoad: (Engine Initialization) Total time: 7.97 seconds
[2019.10.02-16.01.49:849][  0]LogLoad: (Engine Initialization) Total Blueprint compile time: 0.00 seconds
[2019.10.02-16.01.49:891][  0]LogAssetRegistry: Asset discovery search completed in 5.1501 seconds
[2019.10.02-16.01.49:893][  0]LogCollectionManager: Rebuilt the object cache for 0 collections in 0.000000 seconds (found 0 objects)
[2019.10.02-16.01.49:893][  0]LogCollectionManager: Fixed up redirectors for 0 collections in 0.000029 seconds (updated 0 objects)
[2019.10.02-16.01.49:894][  0]LogContentStreaming: Texture pool size now 1000 MB
[2019.10.02-16.01.49:900][  0]LogSlate: FSceneViewport::OnFocusLost() reason 2
[2019.10.02-16.02.19:139][660]LogSlate: FSceneViewport::OnFocusLost() reason 2
[2019.10.02-16.02.22:158][745]LogSlate: Window 'Message Log' being destroyed
[2019.10.02-16.02.22:176][745]LogSlate: Window 'Message Log' being destroyed
[2019.10.02-16.02.23:446][776]LogSlate: Took 0.000307 seconds to synchronously load lazily loaded font '../../../Engine/Content/Slate/Fonts/Roboto-Light.ttf' (167K)
[2019.10.02-16.02.23:456][776]LogAssetEditorManager: Opening Asset editor for Blueprint /Game/Defualt/ThirdPersonBP/Blueprints/ThirdPersonCharacter.ThirdPersonCharacter
[2019.10.02-16.02.23:676][776]LogContentBrowser: Native class hierarchy updated for 'BlueprintGraph' in 0.0005 seconds. Added 121 classes and 0 folders.
[2019.10.02-16.02.24:270][776]LogSlate: Took 0.000130 seconds to synchronously load lazily loaded font '../../../Engine/Content/Slate/Fonts/Roboto-BoldCondensed.ttf' (158K)
[2019.10.02-16.02.24:368][777]LogSlate: Took 0.000402 seconds to synchronously load lazily loaded font '../../../Engine/Content/Slate/Fonts/Roboto-Italic.ttf' (157K)
[2019.10.02-16.02.58:342][454]LogSlate: FSceneViewport::OnFocusLost() reason 0
[2019.10.02-16.03.11:369][374]LogSkeletalMesh: Building Skeletal Mesh melee...
[2019.10.02-16.03.11:393][374]LogSkeletalMesh: Built Skeletal Mesh [0.02s] /Game/Characters/Melee/BPs/melee.melee
[2019.10.02-16.03.12:467][374]LogTexture: Display: Building textures: SpacePirate_specular (AutoDXT, 2048X2048)
[2019.10.02-16.03.12:467][374]LogTexture: Display: Building textures: SpacePirate_diffuse (AutoDXT, 2048X2048)
[2019.10.02-16.03.12:467][374]LogTexture: Display: Building textures: SpacePirate_normal (BC5, 2048X2048)
[2019.10.02-16.03.12:467][374]LogMaterial: Display: Missing cached shader map for material SpacePirate_M, compiling. 
[2019.10.02-16.03.12:525][374]LogShaderCompilers: Display: Shaders left to compile 60
[2019.10.02-16.03.12:525][374]LogShaderCompilers: Display: Shaders left to compile 50
[2019.10.02-16.03.12:525][374]LogShaderCompilers: Display: Shaders left to compile 40
[2019.10.02-16.03.12:525][374]LogShaderCompilers: Display: Shaders left to compile 30
[2019.10.02-16.03.12:525][374]LogShaderCompilers: Display: Shaders left to compile 20
[2019.10.02-16.03.12:525][374]LogShaderCompilers: Display: Shaders left to compile 10
[2019.10.02-16.03.15:132][405]BlueprintLog: New page: Compile ThirdPersonCharacter
[2019.10.02-16.03.15:397][405]LogUObjectHash: Compacting FUObjectHashTables data took   3.37ms
[2019.10.02-16.03.16:092][415]LogSavePackage: Moving 'D:/Edson/Guns Blazzing/Project_GunzBlazing/Saved/ThirdPersonCharacter7BFD359A4789AB39FEF574BE2357698C.tmp' to 'D:/Edson/Guns Blazzing/Project_GunzBlazing/Content/Defualt/ThirdPersonBP/Blueprints/ThirdPersonCharacter.uasset'
[2019.10.02-16.03.20:469][567]LogTemp: Repeating last play command: Selected Viewport
[2019.10.02-16.03.20:483][567]LogBlueprintUserMessages: Early PlayInEditor Detection: Level '/Game/ThirdPersonBP/Maps/ThirdPersonExampleMap.ThirdPersonExampleMap:PersistentLevel' has LevelScriptBlueprint '/Game/ThirdPersonBP/Maps/ThirdPersonExampleMap.ThirdPersonExampleMap:PersistentLevel.ThirdPersonExampleMap' with GeneratedClass '/Game/ThirdPersonBP/Maps/ThirdPersonExampleMap.ThirdPersonExampleMap_C' with ClassGeneratedBy '/Game/ThirdPersonBP/Maps/ThirdPersonExampleMap.ThirdPersonExampleMap:PersistentLevel.ThirdPersonExampleMap'
[2019.10.02-16.03.20:483][567]LogPlayLevel: PlayLevel: No blueprints needed recompiling
[2019.10.02-16.03.20:483][567]PIE: New page: PIE session: ThirdPersonExampleMap (Oct 2, 2019, 6:03:20 AM)
[2019.10.02-16.03.20:495][567]LogPlayLevel: Creating play world package: /Game/ThirdPersonBP/Maps/UEDPIE_0_ThirdPersonExampleMap
[2019.10.02-16.03.20:504][567]LogPlayLevel: PIE: StaticDuplicateObject took: (0.009158s)
[2019.10.02-16.03.20:505][567]LogAIModule: Creating AISystem for world ThirdPersonExampleMap
[2019.10.02-16.03.20:505][567]LogPlayLevel: PIE: World Init took: (0.000642s)
[2019.10.02-16.03.20:505][567]LogPlayLevel: PIE: Created PIE world by copying editor world from /Game/ThirdPersonBP/Maps/ThirdPersonExampleMap.ThirdPersonExampleMap to /Game/ThirdPersonBP/Maps/UEDPIE_0_ThirdPersonExampleMap.ThirdPersonExampleMap (0.009988s)
[2019.10.02-16.03.20:533][567]LogUObjectHash: Compacting FUObjectHashTables data took   2.12ms
[2019.10.02-16.03.20:540][567]LogInit: XAudio2 using 'Dell S2716DG (Intel(R) Display Audio)' : 2 channels at 48 kHz using 16 bits per sample (channel mask 0x3)
[2019.10.02-16.03.20:544][567]LogInit: FAudioDevice initialized.
[2019.10.02-16.03.20:592][567]LogLoad: Game class is 'ThirdPersonGameMode_C'
[2019.10.02-16.03.20:594][567]LogWorld: Bringing World /Game/ThirdPersonBP/Maps/UEDPIE_0_ThirdPersonExampleMap.ThirdPersonExampleMap up for play (max tick rate 0) at 2019.10.02-11.03.20
[2019.10.02-16.03.20:595][567]LogWorld: Bringing up level for play took: 0.000834
[2019.10.02-16.03.20:609][567]LogBlueprintActionDatabase: Requesting refresh due to module change: Voice (loaded)
[2019.10.02-16.03.20:611][567]LogBlueprintActionDatabase: Requesting refresh due to module change: MovieSceneCapture (loaded)
[2019.10.02-16.03.20:611][567]LogContentBrowser: Native class hierarchy updated for 'MovieSceneCapture' in 0.0002 seconds. Added 20 classes and 0 folders.
[2019.10.02-16.03.20:612][567]PIE: Play in editor start time for /Game/ThirdPersonBP/Maps/UEDPIE_0_ThirdPersonExampleMap -0.504
[2019.10.02-16.03.20:612][567]LogBlueprintUserMessages: Late PlayInEditor Detection: Level '/Game/ThirdPersonBP/Maps/ThirdPersonExampleMap.ThirdPersonExampleMap:PersistentLevel' has LevelScriptBlueprint '/Game/ThirdPersonBP/Maps/ThirdPersonExampleMap.ThirdPersonExampleMap:PersistentLevel.ThirdPersonExampleMap' with GeneratedClass '/Game/ThirdPersonBP/Maps/ThirdPersonExampleMap.ThirdPersonExampleMap_C' with ClassGeneratedBy '/Game/ThirdPersonBP/Maps/ThirdPersonExampleMap.ThirdPersonExampleMap:PersistentLevel.ThirdPersonExampleMap'
[2019.10.02-16.03.25:291][684]LogBlueprintUserMessages: Early EndPlayMap Detection: Level '/Game/ThirdPersonBP/Maps/ThirdPersonExampleMap.ThirdPersonExampleMap:PersistentLevel' has LevelScriptBlueprint '/Game/ThirdPersonBP/Maps/ThirdPersonExampleMap.ThirdPersonExampleMap:PersistentLevel.ThirdPersonExampleMap' with GeneratedClass '/Game/ThirdPersonBP/Maps/ThirdPersonExampleMap.ThirdPersonExampleMap_C' with ClassGeneratedBy '/Game/ThirdPersonBP/Maps/ThirdPersonExampleMap.ThirdPersonExampleMap:PersistentLevel.ThirdPersonExampleMap'
[2019.10.02-16.03.25:291][684]LogSlate: Updating window title bar state: overlay mode, drag disabled, window buttons hidden, title bar hidden
[2019.10.02-16.03.25:330][684]LogPlayLevel: Display: Shutting down PIE online subsystems
[2019.10.02-16.03.25:330][684]LogBlueprintUserMessages: Late EndPlayMap Detection: Level '/Game/ThirdPersonBP/Maps/ThirdPersonExampleMap.ThirdPersonExampleMap:PersistentLevel' has LevelScriptBlueprint '/Game/ThirdPersonBP/Maps/ThirdPersonExampleMap.ThirdPersonExampleMap:PersistentLevel.ThirdPersonExampleMap' with GeneratedClass '/Game/ThirdPersonBP/Maps/ThirdPersonExampleMap.ThirdPersonExampleMap_C' with ClassGeneratedBy '/Game/ThirdPersonBP/Maps/ThirdPersonExampleMap.ThirdPersonExampleMap:PersistentLevel.ThirdPersonExampleMap'
[2019.10.02-16.03.25:371][684]LogSlate: Updating window title bar state: overlay mode, drag disabled, window buttons hidden, title bar hidden
[2019.10.02-16.03.25:387][684]LogUObjectHash: Compacting FUObjectHashTables data took   3.83ms
[2019.10.02-16.03.25:433][685]LogPlayLevel: Display: Destroying online subsystem :Context_5
[2019.10.02-16.03.27:719][735]LogSlate: FSceneViewport::OnFocusLost() reason 0
[2019.10.02-16.03.31:021][781]LogSlate: FSceneViewport::OnFocusLost() reason 2
[2019.10.02-16.03.34:782][814]LogTexture: Display: Building textures: battalion-leader-heraklios_specular (AutoDXT, 2048X2048)
[2019.10.02-16.03.34:782][814]LogTexture: Display: Building textures: battalion-leader-heraklios_diffuse (AutoDXT, 2048X2048)
[2019.10.02-16.03.34:782][814]LogTexture: Display: Building textures: battalion-leader-heraklios_normal (BC5, 2048X2048)
[2019.10.02-16.03.34:782][814]LogMaterial: Display: Missing cached shader map for material BattalionLeader_MAT, compiling. 
[2019.10.02-16.03.34:804][814]LogSkeletalMesh: Building Skeletal Mesh Assault...
[2019.10.02-16.03.34:839][814]LogShaderCompilers: Display: Shaders left to compile 60
[2019.10.02-16.03.34:839][814]LogShaderCompilers: Display: Shaders left to compile 50
[2019.10.02-16.03.34:839][814]LogShaderCompilers: Display: Shaders left to compile 40
[2019.10.02-16.03.34:839][814]LogShaderCompilers: Display: Shaders left to compile 30
[2019.10.02-16.03.34:839][814]LogShaderCompilers: Display: Shaders left to compile 20
[2019.10.02-16.03.34:839][814]LogShaderCompilers: Display: Shaders left to compile 10
[2019.10.02-16.03.34:839][814]LogSkeletalMesh: Built Skeletal Mesh [0.03s] /Game/Characters/Assault/BPs/Assault.Assault
[2019.10.02-16.03.34:859][814]LogSlate: FSceneViewport::OnFocusLost() reason 0
[2019.10.02-16.03.35:813][829]BlueprintLog: New page: Compile ThirdPersonCharacter
[2019.10.02-16.03.36:083][829]LogUObjectHash: Compacting FUObjectHashTables data took   2.89ms
[2019.10.02-16.03.39:370][875]LogSlate: FSceneViewport::OnFocusLost() reason 2
[2019.10.02-16.03.55:909][ 90]LogSlate: FSceneViewport::OnFocusLost() reason 0
[2019.10.02-16.04.03:158][191]LogSlate: Window 'ThirdPersonCharacter' being destroyed
[2019.10.02-16.04.03:259][191]LogSlate: Window 'ThirdPersonCharacter' being destroyed
[2019.10.02-16.07.21:853][739]LogTemp: Repeating last play command: Selected Viewport
[2019.10.02-16.07.21:871][739]LogBlueprintUserMessages: Early PlayInEditor Detection: Level '/Game/ThirdPersonBP/Maps/ThirdPersonExampleMap.ThirdPersonExampleMap:PersistentLevel' has LevelScriptBlueprint '/Game/ThirdPersonBP/Maps/ThirdPersonExampleMap.ThirdPersonExampleMap:PersistentLevel.ThirdPersonExampleMap' with GeneratedClass '/Game/ThirdPersonBP/Maps/ThirdPersonExampleMap.ThirdPersonExampleMap_C' with ClassGeneratedBy '/Game/ThirdPersonBP/Maps/ThirdPersonExampleMap.ThirdPersonExampleMap:PersistentLevel.ThirdPersonExampleMap'
[2019.10.02-16.07.21:871][739]BlueprintLog: New page: Pre-Play auto-recompile
[2019.10.02-16.07.21:872][739]LogPlayLevel: [PlayLevel] Compiling ThirdPersonCharacter before play...
[2019.10.02-16.07.22:059][739]LogUObjectHash: Compacting FUObjectHashTables data took   3.88ms
[2019.10.02-16.07.22:059][739]LogPlayLevel: PlayLevel: Blueprint regeneration took 188 ms (1 blueprints)
[2019.10.02-16.07.22:059][739]PIE: New page: PIE session: ThirdPersonExampleMap (Oct 2, 2019, 6:07:22 AM)
[2019.10.02-16.07.22:059][739]LogPlayLevel: Creating play world package: /Game/ThirdPersonBP/Maps/UEDPIE_0_ThirdPersonExampleMap
[2019.10.02-16.07.22:066][739]LogPlayLevel: PIE: StaticDuplicateObject took: (0.006793s)
[2019.10.02-16.07.22:066][739]LogAIModule: Creating AISystem for world ThirdPersonExampleMap
[2019.10.02-16.07.22:066][739]LogPlayLevel: PIE: World Init took: (0.000443s)
[2019.10.02-16.07.22:066][739]LogPlayLevel: PIE: Created PIE world by copying editor world from /Game/ThirdPersonBP/Maps/ThirdPersonExampleMap.ThirdPersonExampleMap to /Game/ThirdPersonBP/Maps/UEDPIE_0_ThirdPersonExampleMap.ThirdPersonExampleMap (0.007344s)
[2019.10.02-16.07.22:105][739]LogUObjectHash: Compacting FUObjectHashTables data took   2.36ms
[2019.10.02-16.07.22:108][739]LogInit: XAudio2 using 'Dell S2716DG (Intel(R) Display Audio)' : 2 channels at 48 kHz using 16 bits per sample (channel mask 0x3)
[2019.10.02-16.07.22:112][739]LogInit: FAudioDevice initialized.
[2019.10.02-16.07.22:140][739]LogLoad: Game class is 'ThirdPersonGameMode_C'
[2019.10.02-16.07.22:145][739]LogWorld: Bringing World /Game/ThirdPersonBP/Maps/UEDPIE_0_ThirdPersonExampleMap.ThirdPersonExampleMap up for play (max tick rate 0) at 2019.10.02-11.07.22
[2019.10.02-16.07.22:145][739]LogWorld: Bringing up level for play took: 0.002851
[2019.10.02-16.07.22:160][739]PIE: Play in editor start time for /Game/ThirdPersonBP/Maps/UEDPIE_0_ThirdPersonExampleMap 1.055
[2019.10.02-16.07.22:160][739]LogBlueprintUserMessages: Late PlayInEditor Detection: Level '/Game/ThirdPersonBP/Maps/ThirdPersonExampleMap.ThirdPersonExampleMap:PersistentLevel' has LevelScriptBlueprint '/Game/ThirdPersonBP/Maps/ThirdPersonExampleMap.ThirdPersonExampleMap:PersistentLevel.ThirdPersonExampleMap' with GeneratedClass '/Game/ThirdPersonBP/Maps/ThirdPersonExampleMap.ThirdPersonExampleMap_C' with ClassGeneratedBy '/Game/ThirdPersonBP/Maps/ThirdPersonExampleMap.ThirdPersonExampleMap:PersistentLevel.ThirdPersonExampleMap'
[2019.10.02-16.07.26:931][865]LogBlueprintUserMessages: Early EndPlayMap Detection: Level '/Game/ThirdPersonBP/Maps/ThirdPersonExampleMap.ThirdPersonExampleMap:PersistentLevel' has LevelScriptBlueprint '/Game/ThirdPersonBP/Maps/ThirdPersonExampleMap.ThirdPersonExampleMap:PersistentLevel.ThirdPersonExampleMap' with GeneratedClass '/Game/ThirdPersonBP/Maps/ThirdPersonExampleMap.ThirdPersonExampleMap_C' with ClassGeneratedBy '/Game/ThirdPersonBP/Maps/ThirdPersonExampleMap.ThirdPersonExampleMap:PersistentLevel.ThirdPersonExampleMap'
[2019.10.02-16.07.26:932][865]LogSlate: Updating window title bar state: overlay mode, drag disabled, window buttons hidden, title bar hidden
[2019.10.02-16.07.26:974][865]LogPlayLevel: Display: Shutting down PIE online subsystems
[2019.10.02-16.07.26:974][865]LogBlueprintUserMessages: Late EndPlayMap Detection: Level '/Game/ThirdPersonBP/Maps/ThirdPersonExampleMap.ThirdPersonExampleMap:PersistentLevel' has LevelScriptBlueprint '/Game/ThirdPersonBP/Maps/ThirdPersonExampleMap.ThirdPersonExampleMap:PersistentLevel.ThirdPersonExampleMap' with GeneratedClass '/Game/ThirdPersonBP/Maps/ThirdPersonExampleMap.ThirdPersonExampleMap_C' with ClassGeneratedBy '/Game/ThirdPersonBP/Maps/ThirdPersonExampleMap.ThirdPersonExampleMap:PersistentLevel.ThirdPersonExampleMap'
[2019.10.02-16.07.27:013][865]LogSlate: Updating window title bar state: overlay mode, drag disabled, window buttons hidden, title bar hidden
[2019.10.02-16.07.27:015][865]LogUObjectHash: Compacting FUObjectHashTables data took   1.58ms
[2019.10.02-16.07.27:063][866]LogPlayLevel: Display: Destroying online subsystem :Context_6
[2019.10.02-16.07.28:564][900]LogSlate: FSceneViewport::OnFocusLost() reason 0
[2019.10.02-16.08.25:024][167]LogSlate: FSceneViewport::OnFocusLost() reason 0
[2019.10.02-16.08.46:991][657]LogEditorViewport: Clicking on Actor (LMB): PlayerStart (NetworkPlayerStart)
[2019.10.02-16.08.50:732][739]LogSlate: FSceneViewport::OnFocusLost() reason 0
[2019.10.02-16.08.50:870][741]LogAssetEditorManager: Opening Asset editor for Blueprint /Game/Defualt/ThirdPersonBP/Blueprints/ThirdPersonCharacter.ThirdPersonCharacter
[2019.10.02-16.09.01:351][893]LogSlate: FSceneViewport::OnFocusLost() reason 2
[2019.10.02-16.09.18:842][136]LogAnimationCompression: Building Anim DDC data for AnimSequence /Game/Characters/Melee/Anims/melee_idle.melee_idle
[2019.10.02-16.09.18:842][136]LogAnimationCompression: Recompressing (AnimSequence /Game/Characters/Melee/Anims/melee_idle.melee_idle) using current/default (AnimCompress_BitwiseCompressOnly_0) bFirstRecompressUsingCurrentOrDefault(1) bTryAlternateCompressor(0) IsCompressedDataValid(0)
[2019.10.02-16.09.18:845][136]LogAnimationCompression: Building Anim DDC data for AnimSequence /Game/Characters/Melee/Anims/melee_walk.melee_walk
[2019.10.02-16.09.18:845][136]LogAnimationCompression: Recompressing (AnimSequence /Game/Characters/Melee/Anims/melee_walk.melee_walk) using current/default (AnimCompress_BitwiseCompressOnly_0) bFirstRecompressUsingCurrentOrDefault(1) bTryAlternateCompressor(0) IsCompressedDataValid(0)
[2019.10.02-16.09.18:846][136]LogAnimationCompression: Building Anim DDC data for AnimSequence /Game/Characters/Melee/Anims/melee_run.melee_run
[2019.10.02-16.09.18:846][136]LogAnimationCompression: Recompressing (AnimSequence /Game/Characters/Melee/Anims/melee_run.melee_run) using current/default (AnimCompress_BitwiseCompressOnly_0) bFirstRecompressUsingCurrentOrDefault(1) bTryAlternateCompressor(0) IsCompressedDataValid(0)
[2019.10.02-16.09.26:463][296]LogSlate: FSceneViewport::OnFocusLost() reason 0
[2019.10.02-16.09.28:941][349]LogEditorViewport: Clicking on Actor (LMB): SkeletalMeshActor (ABPMelee)
[2019.10.02-16.09.30:008][371]Cmd: DELETE
[2019.10.02-16.09.30:008][371]Cmd: ACTOR DELETE
[2019.10.02-16.09.30:011][371]LogEditorActor: Deleted Actor: SkeletalMeshActor
[2019.10.02-16.09.30:041][371]LogUObjectHash: Compacting FUObjectHashTables data took   2.37ms
[2019.10.02-16.09.30:042][371]LogEditorActor: Deleted 1 Actors (0.033 secs)
[2019.10.02-16.09.32:688][420]LogEditorViewport: Clicking on Actor (LMB): StaticMeshActor (Floor)
[2019.10.02-16.09.33:389][432]LogEditorViewport: Clicking on Actor (LMB): PlayerStart (NetworkPlayerStart)
[2019.10.02-16.09.35:533][478]LogSlate: FSceneViewport::OnFocusLost() reason 0
[2019.10.02-16.09.38:994][525]LogSlate: FSceneViewport::OnFocusLost() reason 2
[2019.10.02-16.09.50:085][663]LogSlate: FSceneViewport::OnFocusLost() reason 0
[2019.10.02-16.10.55:122][516]LogSlate: FSceneViewport::OnFocusLost() reason 0
[2019.10.02-16.11.01:797][603]BlueprintLog: New page: Compile ThirdPersonCharacter
[2019.10.02-16.11.01:989][603]LogUObjectHash: Compacting FUObjectHashTables data took   2.43ms
[2019.10.02-16.11.02:881][616]LogSavePackage: Moving 'D:/Edson/Guns Blazzing/Project_GunzBlazing/Saved/ThirdPersonCharacterDB1F0B9C48AC3934C3A6AF93FE635B9F.tmp' to 'D:/Edson/Guns Blazzing/Project_GunzBlazing/Content/Defualt/ThirdPersonBP/Blueprints/ThirdPersonCharacter.uasset'
[2019.10.02-16.11.04:205][639]LogSlate: Window 'ThirdPersonCharacter' being destroyed
[2019.10.02-16.11.04:278][639]LogSlate: Window 'ThirdPersonCharacter' being destroyed
[2019.10.02-16.11.05:291][661]LogTemp: Repeating last play command: Selected Viewport
[2019.10.02-16.11.05:303][661]LogBlueprintUserMessages: Early PlayInEditor Detection: Level '/Game/ThirdPersonBP/Maps/ThirdPersonExampleMap.ThirdPersonExampleMap:PersistentLevel' has LevelScriptBlueprint '/Game/ThirdPersonBP/Maps/ThirdPersonExampleMap.ThirdPersonExampleMap:PersistentLevel.ThirdPersonExampleMap' with GeneratedClass '/Game/ThirdPersonBP/Maps/ThirdPersonExampleMap.ThirdPersonExampleMap_C' with ClassGeneratedBy '/Game/ThirdPersonBP/Maps/ThirdPersonExampleMap.ThirdPersonExampleMap:PersistentLevel.ThirdPersonExampleMap'
[2019.10.02-16.11.05:303][661]LogPlayLevel: PlayLevel: No blueprints needed recompiling
[2019.10.02-16.11.05:303][661]PIE: New page: PIE session: ThirdPersonExampleMap (Oct 2, 2019, 6:11:05 AM)
[2019.10.02-16.11.05:303][661]LogPlayLevel: Creating play world package: /Game/ThirdPersonBP/Maps/UEDPIE_0_ThirdPersonExampleMap
[2019.10.02-16.11.05:313][661]LogPlayLevel: PIE: StaticDuplicateObject took: (0.010276s)
[2019.10.02-16.11.05:314][661]LogAIModule: Creating AISystem for world ThirdPersonExampleMap
[2019.10.02-16.11.05:314][661]LogPlayLevel: PIE: World Init took: (0.000523s)
[2019.10.02-16.11.05:314][661]LogPlayLevel: PIE: Created PIE world by copying editor world from /Game/ThirdPersonBP/Maps/ThirdPersonExampleMap.ThirdPersonExampleMap to /Game/ThirdPersonBP/Maps/UEDPIE_0_ThirdPersonExampleMap.ThirdPersonExampleMap (0.010926s)
[2019.10.02-16.11.05:350][661]LogUObjectHash: Compacting FUObjectHashTables data took   2.53ms
[2019.10.02-16.11.05:353][661]LogInit: XAudio2 using 'Dell S2716DG (Intel(R) Display Audio)' : 2 channels at 48 kHz using 16 bits per sample (channel mask 0x3)
[2019.10.02-16.11.05:358][661]LogInit: FAudioDevice initialized.
[2019.10.02-16.11.05:388][661]LogLoad: Game class is 'ThirdPersonGameMode_C'
[2019.10.02-16.11.05:393][661]LogWorld: Bringing World /Game/ThirdPersonBP/Maps/UEDPIE_0_ThirdPersonExampleMap.ThirdPersonExampleMap up for play (max tick rate 0) at 2019.10.02-11.11.05
[2019.10.02-16.11.05:393][661]LogWorld: Bringing up level for play took: 0.003117
[2019.10.02-16.11.05:409][661]PIE: Play in editor start time for /Game/ThirdPersonBP/Maps/UEDPIE_0_ThirdPersonExampleMap 0.308
[2019.10.02-16.11.05:409][661]LogBlueprintUserMessages: Late PlayInEditor Detection: Level '/Game/ThirdPersonBP/Maps/ThirdPersonExampleMap.ThirdPersonExampleMap:PersistentLevel' has LevelScriptBlueprint '/Game/ThirdPersonBP/Maps/ThirdPersonExampleMap.ThirdPersonExampleMap:PersistentLevel.ThirdPersonExampleMap' with GeneratedClass '/Game/ThirdPersonBP/Maps/ThirdPersonExampleMap.ThirdPersonExampleMap_C' with ClassGeneratedBy '/Game/ThirdPersonBP/Maps/ThirdPersonExampleMap.ThirdPersonExampleMap:PersistentLevel.ThirdPersonExampleMap'
[2019.10.02-16.11.14:513][899]LogBlueprintUserMessages: Early EndPlayMap Detection: Level '/Game/ThirdPersonBP/Maps/ThirdPersonExampleMap.ThirdPersonExampleMap:PersistentLevel' has LevelScriptBlueprint '/Game/ThirdPersonBP/Maps/ThirdPersonExampleMap.ThirdPersonExampleMap:PersistentLevel.ThirdPersonExampleMap' with GeneratedClass '/Game/ThirdPersonBP/Maps/ThirdPersonExampleMap.ThirdPersonExampleMap_C' with ClassGeneratedBy '/Game/ThirdPersonBP/Maps/ThirdPersonExampleMap.ThirdPersonExampleMap:PersistentLevel.ThirdPersonExampleMap'
[2019.10.02-16.11.14:514][899]LogSlate: Updating window title bar state: overlay mode, drag disabled, window buttons hidden, title bar hidden
[2019.10.02-16.11.14:552][899]LogPlayLevel: Display: Shutting down PIE online subsystems
[2019.10.02-16.11.14:552][899]LogBlueprintUserMessages: Late EndPlayMap Detection: Level '/Game/ThirdPersonBP/Maps/ThirdPersonExampleMap.ThirdPersonExampleMap:PersistentLevel' has LevelScriptBlueprint '/Game/ThirdPersonBP/Maps/ThirdPersonExampleMap.ThirdPersonExampleMap:PersistentLevel.ThirdPersonExampleMap' with GeneratedClass '/Game/ThirdPersonBP/Maps/ThirdPersonExampleMap.ThirdPersonExampleMap_C' with ClassGeneratedBy '/Game/ThirdPersonBP/Maps/ThirdPersonExampleMap.ThirdPersonExampleMap:PersistentLevel.ThirdPersonExampleMap'
[2019.10.02-16.11.14:587][899]LogSlate: Updating window title bar state: overlay mode, drag disabled, window buttons hidden, title bar hidden
[2019.10.02-16.11.14:590][899]LogUObjectHash: Compacting FUObjectHashTables data took   1.90ms
[2019.10.02-16.11.14:638][900]LogPlayLevel: Display: Destroying online subsystem :Context_13
[2019.10.02-16.11.15:751][927]LogSlate: FSceneViewport::OnFocusLost() reason 0
[2019.10.02-16.11.16:975][949]LogAssetEditorManager: Opening Asset editor for Blueprint /Game/Defualt/ThirdPersonBP/Blueprints/ThirdPersonCharacter.ThirdPersonCharacter
[2019.10.02-16.11.30:153][175]BlueprintLog: New page: Compile ThirdPersonCharacter
[2019.10.02-16.11.30:398][175]LogUObjectHash: Compacting FUObjectHashTables data took   2.17ms
[2019.10.02-16.11.32:841][219]LogTemp: Repeating last play command: Selected Viewport
[2019.10.02-16.11.32:858][219]LogBlueprintUserMessages: Early PlayInEditor Detection: Level '/Game/ThirdPersonBP/Maps/ThirdPersonExampleMap.ThirdPersonExampleMap:PersistentLevel' has LevelScriptBlueprint '/Game/ThirdPersonBP/Maps/ThirdPersonExampleMap.ThirdPersonExampleMap:PersistentLevel.ThirdPersonExampleMap' with GeneratedClass '/Game/ThirdPersonBP/Maps/ThirdPersonExampleMap.ThirdPersonExampleMap_C' with ClassGeneratedBy '/Game/ThirdPersonBP/Maps/ThirdPersonExampleMap.ThirdPersonExampleMap:PersistentLevel.ThirdPersonExampleMap'
[2019.10.02-16.11.32:858][219]LogPlayLevel: PlayLevel: No blueprints needed recompiling
[2019.10.02-16.11.32:858][219]PIE: New page: PIE session: ThirdPersonExampleMap (Oct 2, 2019, 6:11:32 AM)
[2019.10.02-16.11.32:859][219]LogPlayLevel: Creating play world package: /Game/ThirdPersonBP/Maps/UEDPIE_0_ThirdPersonExampleMap
[2019.10.02-16.11.32:867][219]LogPlayLevel: PIE: StaticDuplicateObject took: (0.008492s)
[2019.10.02-16.11.32:868][219]LogAIModule: Creating AISystem for world ThirdPersonExampleMap
[2019.10.02-16.11.32:868][219]LogPlayLevel: PIE: World Init took: (0.000772s)
[2019.10.02-16.11.32:868][219]LogPlayLevel: PIE: Created PIE world by copying editor world from /Game/ThirdPersonBP/Maps/ThirdPersonExampleMap.ThirdPersonExampleMap to /Game/ThirdPersonBP/Maps/UEDPIE_0_ThirdPersonExampleMap.ThirdPersonExampleMap (0.009417s)
[2019.10.02-16.11.32:908][219]LogUObjectHash: Compacting FUObjectHashTables data took   2.67ms
[2019.10.02-16.11.32:911][219]LogInit: XAudio2 using 'Dell S2716DG (Intel(R) Display Audio)' : 2 channels at 48 kHz using 16 bits per sample (channel mask 0x3)
[2019.10.02-16.11.32:915][219]LogInit: FAudioDevice initialized.
[2019.10.02-16.11.32:942][219]LogLoad: Game class is 'ThirdPersonGameMode_C'
[2019.10.02-16.11.32:944][219]LogWorld: Bringing World /Game/ThirdPersonBP/Maps/UEDPIE_0_ThirdPersonExampleMap.ThirdPersonExampleMap up for play (max tick rate 0) at 2019.10.02-11.11.32
[2019.10.02-16.11.32:944][219]LogWorld: Bringing up level for play took: 0.001032
[2019.10.02-16.11.32:958][219]PIE: Play in editor start time for /Game/ThirdPersonBP/Maps/UEDPIE_0_ThirdPersonExampleMap -0.143
[2019.10.02-16.11.32:959][219]LogBlueprintUserMessages: Late PlayInEditor Detection: Level '/Game/ThirdPersonBP/Maps/ThirdPersonExampleMap.ThirdPersonExampleMap:PersistentLevel' has LevelScriptBlueprint '/Game/ThirdPersonBP/Maps/ThirdPersonExampleMap.ThirdPersonExampleMap:PersistentLevel.ThirdPersonExampleMap' with GeneratedClass '/Game/ThirdPersonBP/Maps/ThirdPersonExampleMap.ThirdPersonExampleMap_C' with ClassGeneratedBy '/Game/ThirdPersonBP/Maps/ThirdPersonExampleMap.ThirdPersonExampleMap:PersistentLevel.ThirdPersonExampleMap'
[2019.10.02-16.12.01:445][954]LogBlueprintUserMessages: Early EndPlayMap Detection: Level '/Game/ThirdPersonBP/Maps/ThirdPersonExampleMap.ThirdPersonExampleMap:PersistentLevel' has LevelScriptBlueprint '/Game/ThirdPersonBP/Maps/ThirdPersonExampleMap.ThirdPersonExampleMap:PersistentLevel.ThirdPersonExampleMap' with GeneratedClass '/Game/ThirdPersonBP/Maps/ThirdPersonExampleMap.ThirdPersonExampleMap_C' with ClassGeneratedBy '/Game/ThirdPersonBP/Maps/ThirdPersonExampleMap.ThirdPersonExampleMap:PersistentLevel.ThirdPersonExampleMap'
[2019.10.02-16.12.01:445][954]LogSlate: Updating window title bar state: overlay mode, drag disabled, window buttons hidden, title bar hidden
[2019.10.02-16.12.01:487][954]LogPlayLevel: Display: Shutting down PIE online subsystems
[2019.10.02-16.12.01:488][954]LogBlueprintUserMessages: Late EndPlayMap Detection: Level '/Game/ThirdPersonBP/Maps/ThirdPersonExampleMap.ThirdPersonExampleMap:PersistentLevel' has LevelScriptBlueprint '/Game/ThirdPersonBP/Maps/ThirdPersonExampleMap.ThirdPersonExampleMap:PersistentLevel.ThirdPersonExampleMap' with GeneratedClass '/Game/ThirdPersonBP/Maps/ThirdPersonExampleMap.ThirdPersonExampleMap_C' with ClassGeneratedBy '/Game/ThirdPersonBP/Maps/ThirdPersonExampleMap.ThirdPersonExampleMap:PersistentLevel.ThirdPersonExampleMap'
[2019.10.02-16.12.01:524][954]LogSlate: Updating window title bar state: overlay mode, drag disabled, window buttons hidden, title bar hidden
[2019.10.02-16.12.01:527][954]LogUObjectHash: Compacting FUObjectHashTables data took   1.89ms
[2019.10.02-16.12.01:575][955]LogPlayLevel: Display: Destroying online subsystem :Context_15
[2019.10.02-16.12.04:572][ 18]LogSlate: FSceneViewport::OnFocusLost() reason 0
[2019.10.02-16.12.04:776][ 20]LogUObjectHash: Compacting FUObjectHashTables data took   0.64ms
[2019.10.02-16.12.04:906][ 20]LogSavePackage: Moving 'D:/Edson/Guns Blazzing/Project_GunzBlazing/Saved/ThirdPersonExampleMap6C7141B847FF46B6E8E1068925075BE0.tmp' to 'D:/Edson/Guns Blazzing/Project_GunzBlazing/Content/ThirdPersonBP/Maps/ThirdPersonExampleMap.umap'
[2019.10.02-16.12.05:047][ 20]LogSavePackage: Moving 'D:/Edson/Guns Blazzing/Project_GunzBlazing/Saved/ThirdPersonExampleMap_BuiltData88C00F6241CB21987F7FD789AC8858AB.tmp' to 'D:/Edson/Guns Blazzing/Project_GunzBlazing/Content/ThirdPersonBP/Maps/ThirdPersonExampleMap_BuiltData.uasset'
